running develop
Removing /home/luka/ros2_diplpro/install/sensor_simulator/lib/python3.10/site-packages/sensor-simulator.egg-link (link to .)
running egg_info
writing ../../build/sensor_simulator/sensor_simulator.egg-info/PKG-INFO
writing dependency_links to ../../build/sensor_simulator/sensor_simulator.egg-info/dependency_links.txt
writing entry points to ../../build/sensor_simulator/sensor_simulator.egg-info/entry_points.txt
writing requirements to ../../build/sensor_simulator/sensor_simulator.egg-info/requires.txt
writing top-level names to ../../build/sensor_simulator/sensor_simulator.egg-info/top_level.txt
reading manifest file '../../build/sensor_simulator/sensor_simulator.egg-info/SOURCES.txt'
writing manifest file '../../build/sensor_simulator/sensor_simulator.egg-info/SOURCES.txt'
running build
running build_py
creating /home/luka/ros2_diplpro/build/sensor_simulator/build
creating /home/luka/ros2_diplpro/build/sensor_simulator/build/lib
creating /home/luka/ros2_diplpro/build/sensor_simulator/build/lib/sensor_simulator
copying sensor_simulator/sensor_simulator.py -> /home/luka/ros2_diplpro/build/sensor_simulator/build/lib/sensor_simulator
copying sensor_simulator/__init__.py -> /home/luka/ros2_diplpro/build/sensor_simulator/build/lib/sensor_simulator
running install
running install_lib
creating /home/luka/ros2_diplpro/install/sensor_simulator/lib/python3.10/site-packages/sensor_simulator
copying /home/luka/ros2_diplpro/build/sensor_simulator/build/lib/sensor_simulator/sensor_simulator.py -> /home/luka/ros2_diplpro/install/sensor_simulator/lib/python3.10/site-packages/sensor_simulator
copying /home/luka/ros2_diplpro/build/sensor_simulator/build/lib/sensor_simulator/__init__.py -> /home/luka/ros2_diplpro/install/sensor_simulator/lib/python3.10/site-packages/sensor_simulator
byte-compiling /home/luka/ros2_diplpro/install/sensor_simulator/lib/python3.10/site-packages/sensor_simulator/sensor_simulator.py to sensor_simulator.cpython-310.pyc
byte-compiling /home/luka/ros2_diplpro/install/sensor_simulator/lib/python3.10/site-packages/sensor_simulator/__init__.py to __init__.cpython-310.pyc
running install_data
copying resource/sensor_simulator -> /home/luka/ros2_diplpro/install/sensor_simulator/share/ament_index/resource_index/packages
copying package.xml -> /home/luka/ros2_diplpro/install/sensor_simulator/share/sensor_simulator
running install_egg_info
Copying ../../build/sensor_simulator/sensor_simulator.egg-info to /home/luka/ros2_diplpro/install/sensor_simulator/lib/python3.10/site-packages/sensor_simulator-0.0.0-py3.10.egg-info
running install_scripts
Installing sensor_simulator script to /home/luka/ros2_diplpro/install/sensor_simulator/lib/sensor_simulator
writing list of installed files to '/home/luka/ros2_diplpro/build/sensor_simulator/install.log'
