[0.097s] DEBUG:colcon:Command line arguments: ['/usr/bin/colcon', 'build']
[0.097s] DEBUG:colcon:Parsed command line arguments: Namespace(log_base=None, log_level=None, verb_name='build', build_base='build', install_base='install', merge_install=False, symlink_install=False, test_result_base=None, continue_on_error=False, executor='parallel', parallel_workers=6, event_handlers=None, ignore_user_meta=False, metas=['./colcon.meta'], base_paths=['.'], packages_ignore=None, packages_ignore_regex=None, paths=None, packages_up_to=None, packages_up_to_regex=None, packages_above=None, packages_above_and_dependencies=None, packages_above_depth=None, packages_select_by_dep=None, packages_skip_by_dep=None, packages_skip_up_to=None, packages_select_build_failed=False, packages_skip_build_finished=False, packages_select_test_failures=False, packages_skip_test_passed=False, packages_select=None, packages_skip=None, packages_select_regex=None, packages_skip_regex=None, packages_start=None, packages_end=None, allow_overriding=[], cmake_args=None, cmake_target=None, cmake_target_skip_unavailable=False, cmake_clean_cache=False, cmake_clean_first=False, cmake_force_configure=False, ament_cmake_args=None, catkin_cmake_args=None, catkin_skip_building_tests=False, verb_parser=<colcon_defaults.argument_parser.defaults.DefaultArgumentsDecorator object at 0x7fa94bacfe20>, verb_extension=<colcon_core.verb.build.BuildVerb object at 0x7fa94bacf910>, main=<bound method BuildVerb.main of <colcon_core.verb.build.BuildVerb object at 0x7fa94bacf910>>)
[0.242s] Level 1:colcon.colcon_core.package_discovery:discover_packages(colcon_meta) check parameters
[0.242s] Level 1:colcon.colcon_core.package_discovery:discover_packages(recursive) check parameters
[0.242s] Level 1:colcon.colcon_core.package_discovery:discover_packages(ignore) check parameters
[0.242s] Level 1:colcon.colcon_core.package_discovery:discover_packages(path) check parameters
[0.242s] Level 1:colcon.colcon_core.package_discovery:discover_packages(colcon_meta) discover
[0.242s] Level 1:colcon.colcon_core.package_discovery:discover_packages(recursive) discover
[0.242s] INFO:colcon.colcon_core.package_discovery:Crawling recursively for packages in '/home/luka/ros2_diplpro'
[0.242s] Level 1:colcon.colcon_core.package_identification:_identify(.) by extensions ['ignore', 'ignore_ament_install']
[0.242s] Level 1:colcon.colcon_core.package_identification:_identify(.) by extension 'ignore'
[0.242s] Level 1:colcon.colcon_core.package_identification:_identify(.) by extension 'ignore_ament_install'
[0.242s] Level 1:colcon.colcon_core.package_identification:_identify(.) by extensions ['colcon_pkg']
[0.242s] Level 1:colcon.colcon_core.package_identification:_identify(.) by extension 'colcon_pkg'
[0.242s] Level 1:colcon.colcon_core.package_identification:_identify(.) by extensions ['colcon_meta']
[0.242s] Level 1:colcon.colcon_core.package_identification:_identify(.) by extension 'colcon_meta'
[0.242s] Level 1:colcon.colcon_core.package_identification:_identify(.) by extensions ['ros']
[0.242s] Level 1:colcon.colcon_core.package_identification:_identify(.) by extension 'ros'
[0.252s] Level 1:colcon.colcon_core.package_identification:_identify(.) by extensions ['cmake', 'python']
[0.252s] Level 1:colcon.colcon_core.package_identification:_identify(.) by extension 'cmake'
[0.252s] Level 1:colcon.colcon_core.package_identification:_identify(.) by extension 'python'
[0.252s] Level 1:colcon.colcon_core.package_identification:_identify(.) by extensions ['python_setup_py']
[0.252s] Level 1:colcon.colcon_core.package_identification:_identify(.) by extension 'python_setup_py'
[0.253s] Level 1:colcon.colcon_core.package_identification:_identify(build) by extensions ['ignore', 'ignore_ament_install']
[0.253s] Level 1:colcon.colcon_core.package_identification:_identify(build) by extension 'ignore'
[0.253s] Level 1:colcon.colcon_core.package_identification:_identify(build) ignored
[0.253s] Level 1:colcon.colcon_core.package_identification:_identify(install) by extensions ['ignore', 'ignore_ament_install']
[0.253s] Level 1:colcon.colcon_core.package_identification:_identify(install) by extension 'ignore'
[0.253s] Level 1:colcon.colcon_core.package_identification:_identify(install) ignored
[0.253s] Level 1:colcon.colcon_core.package_identification:_identify(log) by extensions ['ignore', 'ignore_ament_install']
[0.253s] Level 1:colcon.colcon_core.package_identification:_identify(log) by extension 'ignore'
[0.253s] Level 1:colcon.colcon_core.package_identification:_identify(log) ignored
[0.253s] Level 1:colcon.colcon_core.package_identification:_identify(src) by extensions ['ignore', 'ignore_ament_install']
[0.253s] Level 1:colcon.colcon_core.package_identification:_identify(src) by extension 'ignore'
[0.253s] Level 1:colcon.colcon_core.package_identification:_identify(src) by extension 'ignore_ament_install'
[0.253s] Level 1:colcon.colcon_core.package_identification:_identify(src) by extensions ['colcon_pkg']
[0.253s] Level 1:colcon.colcon_core.package_identification:_identify(src) by extension 'colcon_pkg'
[0.253s] Level 1:colcon.colcon_core.package_identification:_identify(src) by extensions ['colcon_meta']
[0.253s] Level 1:colcon.colcon_core.package_identification:_identify(src) by extension 'colcon_meta'
[0.253s] Level 1:colcon.colcon_core.package_identification:_identify(src) by extensions ['ros']
[0.253s] Level 1:colcon.colcon_core.package_identification:_identify(src) by extension 'ros'
[0.254s] Level 1:colcon.colcon_core.package_identification:_identify(src) by extensions ['cmake', 'python']
[0.254s] Level 1:colcon.colcon_core.package_identification:_identify(src) by extension 'cmake'
[0.254s] Level 1:colcon.colcon_core.package_identification:_identify(src) by extension 'python'
[0.254s] Level 1:colcon.colcon_core.package_identification:_identify(src) by extensions ['python_setup_py']
[0.254s] Level 1:colcon.colcon_core.package_identification:_identify(src) by extension 'python_setup_py'
[0.254s] Level 1:colcon.colcon_core.package_identification:_identify(src/rovc_comm_mqtt) by extensions ['ignore', 'ignore_ament_install']
[0.254s] Level 1:colcon.colcon_core.package_identification:_identify(src/rovc_comm_mqtt) by extension 'ignore'
[0.254s] Level 1:colcon.colcon_core.package_identification:_identify(src/rovc_comm_mqtt) by extension 'ignore_ament_install'
[0.254s] Level 1:colcon.colcon_core.package_identification:_identify(src/rovc_comm_mqtt) by extensions ['colcon_pkg']
[0.254s] Level 1:colcon.colcon_core.package_identification:_identify(src/rovc_comm_mqtt) by extension 'colcon_pkg'
[0.254s] Level 1:colcon.colcon_core.package_identification:_identify(src/rovc_comm_mqtt) by extensions ['colcon_meta']
[0.254s] Level 1:colcon.colcon_core.package_identification:_identify(src/rovc_comm_mqtt) by extension 'colcon_meta'
[0.254s] Level 1:colcon.colcon_core.package_identification:_identify(src/rovc_comm_mqtt) by extensions ['ros']
[0.254s] Level 1:colcon.colcon_core.package_identification:_identify(src/rovc_comm_mqtt) by extension 'ros'
[0.256s] DEBUG:colcon.colcon_core.package_identification:Package 'src/rovc_comm_mqtt' with type 'ros.ament_cmake' and name 'rovc_comm_mqtt'
[0.256s] Level 1:colcon.colcon_core.package_identification:_identify(src/sensor_simulator) by extensions ['ignore', 'ignore_ament_install']
[0.256s] Level 1:colcon.colcon_core.package_identification:_identify(src/sensor_simulator) by extension 'ignore'
[0.256s] Level 1:colcon.colcon_core.package_identification:_identify(src/sensor_simulator) by extension 'ignore_ament_install'
[0.256s] Level 1:colcon.colcon_core.package_identification:_identify(src/sensor_simulator) by extensions ['colcon_pkg']
[0.256s] Level 1:colcon.colcon_core.package_identification:_identify(src/sensor_simulator) by extension 'colcon_pkg'
[0.256s] Level 1:colcon.colcon_core.package_identification:_identify(src/sensor_simulator) by extensions ['colcon_meta']
[0.256s] Level 1:colcon.colcon_core.package_identification:_identify(src/sensor_simulator) by extension 'colcon_meta'
[0.256s] Level 1:colcon.colcon_core.package_identification:_identify(src/sensor_simulator) by extensions ['ros']
[0.256s] Level 1:colcon.colcon_core.package_identification:_identify(src/sensor_simulator) by extension 'ros'
[0.257s] DEBUG:colcon.colcon_core.package_identification:Package 'src/sensor_simulator' with type 'ros.ament_python' and name 'sensor_simulator'
[0.257s] Level 1:colcon.colcon_core.package_discovery:discover_packages(recursive) using defaults
[0.257s] Level 1:colcon.colcon_core.package_discovery:discover_packages(ignore) discover
[0.257s] Level 1:colcon.colcon_core.package_discovery:discover_packages(ignore) using defaults
[0.257s] Level 1:colcon.colcon_core.package_discovery:discover_packages(path) discover
[0.257s] Level 1:colcon.colcon_core.package_discovery:discover_packages(path) using defaults
[0.275s] Level 1:colcon.colcon_core.package_discovery:discover_packages(prefix_path) check parameters
[0.275s] Level 1:colcon.colcon_core.package_discovery:discover_packages(prefix_path) discover
[0.277s] DEBUG:colcon.colcon_installed_package_information.package_discovery:Found 2 installed packages in /home/luka/ros2_diplpro/install
[0.278s] DEBUG:colcon.colcon_installed_package_information.package_discovery:Found 27 installed packages in /home/luka/ros2_ws/install
[0.279s] DEBUG:colcon.colcon_installed_package_information.package_discovery:Found 258 installed packages in /opt/ros/humble
[0.289s] Level 1:colcon.colcon_core.package_discovery:discover_packages(prefix_path) using defaults
[0.320s] Level 5:colcon.colcon_core.verb:set package 'rovc_comm_mqtt' build argument 'cmake_args' from command line to 'None'
[0.320s] Level 5:colcon.colcon_core.verb:set package 'rovc_comm_mqtt' build argument 'cmake_target' from command line to 'None'
[0.320s] Level 5:colcon.colcon_core.verb:set package 'rovc_comm_mqtt' build argument 'cmake_target_skip_unavailable' from command line to 'False'
[0.320s] Level 5:colcon.colcon_core.verb:set package 'rovc_comm_mqtt' build argument 'cmake_clean_cache' from command line to 'False'
[0.320s] Level 5:colcon.colcon_core.verb:set package 'rovc_comm_mqtt' build argument 'cmake_clean_first' from command line to 'False'
[0.320s] Level 5:colcon.colcon_core.verb:set package 'rovc_comm_mqtt' build argument 'cmake_force_configure' from command line to 'False'
[0.320s] Level 5:colcon.colcon_core.verb:set package 'rovc_comm_mqtt' build argument 'ament_cmake_args' from command line to 'None'
[0.320s] Level 5:colcon.colcon_core.verb:set package 'rovc_comm_mqtt' build argument 'catkin_cmake_args' from command line to 'None'
[0.320s] Level 5:colcon.colcon_core.verb:set package 'rovc_comm_mqtt' build argument 'catkin_skip_building_tests' from command line to 'False'
[0.320s] DEBUG:colcon.colcon_core.verb:Building package 'rovc_comm_mqtt' with the following arguments: {'ament_cmake_args': None, 'build_base': '/home/luka/ros2_diplpro/build/rovc_comm_mqtt', 'catkin_cmake_args': None, 'catkin_skip_building_tests': False, 'cmake_args': None, 'cmake_clean_cache': False, 'cmake_clean_first': False, 'cmake_force_configure': False, 'cmake_target': None, 'cmake_target_skip_unavailable': False, 'install_base': '/home/luka/ros2_diplpro/install/rovc_comm_mqtt', 'merge_install': False, 'path': '/home/luka/ros2_diplpro/src/rovc_comm_mqtt', 'symlink_install': False, 'test_result_base': None}
[0.320s] Level 5:colcon.colcon_core.verb:set package 'sensor_simulator' build argument 'cmake_args' from command line to 'None'
[0.320s] Level 5:colcon.colcon_core.verb:set package 'sensor_simulator' build argument 'cmake_target' from command line to 'None'
[0.320s] Level 5:colcon.colcon_core.verb:set package 'sensor_simulator' build argument 'cmake_target_skip_unavailable' from command line to 'False'
[0.320s] Level 5:colcon.colcon_core.verb:set package 'sensor_simulator' build argument 'cmake_clean_cache' from command line to 'False'
[0.320s] Level 5:colcon.colcon_core.verb:set package 'sensor_simulator' build argument 'cmake_clean_first' from command line to 'False'
[0.320s] Level 5:colcon.colcon_core.verb:set package 'sensor_simulator' build argument 'cmake_force_configure' from command line to 'False'
[0.320s] Level 5:colcon.colcon_core.verb:set package 'sensor_simulator' build argument 'ament_cmake_args' from command line to 'None'
[0.320s] Level 5:colcon.colcon_core.verb:set package 'sensor_simulator' build argument 'catkin_cmake_args' from command line to 'None'
[0.320s] Level 5:colcon.colcon_core.verb:set package 'sensor_simulator' build argument 'catkin_skip_building_tests' from command line to 'False'
[0.320s] DEBUG:colcon.colcon_core.verb:Building package 'sensor_simulator' with the following arguments: {'ament_cmake_args': None, 'build_base': '/home/luka/ros2_diplpro/build/sensor_simulator', 'catkin_cmake_args': None, 'catkin_skip_building_tests': False, 'cmake_args': None, 'cmake_clean_cache': False, 'cmake_clean_first': False, 'cmake_force_configure': False, 'cmake_target': None, 'cmake_target_skip_unavailable': False, 'install_base': '/home/luka/ros2_diplpro/install/sensor_simulator', 'merge_install': False, 'path': '/home/luka/ros2_diplpro/src/sensor_simulator', 'symlink_install': False, 'test_result_base': None}
[0.321s] INFO:colcon.colcon_core.executor:Executing jobs using 'parallel' executor
[0.322s] DEBUG:colcon.colcon_parallel_executor.executor.parallel:run_until_complete
[0.322s] INFO:colcon.colcon_ros.task.ament_cmake.build:Building ROS package in '/home/luka/ros2_diplpro/src/rovc_comm_mqtt' with build type 'ament_cmake'
[0.322s] INFO:colcon.colcon_cmake.task.cmake.build:Building CMake package in '/home/luka/ros2_diplpro/src/rovc_comm_mqtt'
[0.324s] INFO:colcon.colcon_core.plugin_system:Skipping extension 'colcon_core.shell.bat': Not used on non-Windows systems
[0.324s] INFO:colcon.colcon_core.shell:Skip shell extension 'powershell' for command environment: Not usable outside of PowerShell
[0.324s] DEBUG:colcon.colcon_core.shell:Skip shell extension 'dsv' for command environment
[0.328s] INFO:colcon.colcon_ros.task.ament_python.build:Building ROS package in '/home/luka/ros2_diplpro/src/sensor_simulator' with build type 'ament_python'
[0.329s] Level 1:colcon.colcon_core.shell:create_environment_hook('sensor_simulator', 'ament_prefix_path')
[0.329s] INFO:colcon.colcon_core.shell:Creating environment hook '/home/luka/ros2_diplpro/install/sensor_simulator/share/sensor_simulator/hook/ament_prefix_path.ps1'
[0.329s] INFO:colcon.colcon_core.shell:Creating environment descriptor '/home/luka/ros2_diplpro/install/sensor_simulator/share/sensor_simulator/hook/ament_prefix_path.dsv'
[0.330s] INFO:colcon.colcon_core.shell:Creating environment hook '/home/luka/ros2_diplpro/install/sensor_simulator/share/sensor_simulator/hook/ament_prefix_path.sh'
[0.330s] INFO:colcon.colcon_core.shell:Skip shell extension 'powershell' for command environment: Not usable outside of PowerShell
[0.330s] DEBUG:colcon.colcon_core.shell:Skip shell extension 'dsv' for command environment
[0.340s] DEBUG:colcon.colcon_core.event_handler.log_command:Invoking command in '/home/luka/ros2_diplpro/build/rovc_comm_mqtt': CMAKE_PREFIX_PATH=${CMAKE_PREFIX_PATH}:/home/luka/ros2_ws/install/teleop_controller:/home/luka/ros2_ws/install/rqt_joint_trajectory_controller:/home/luka/ros2_ws/install/ros2_controllers_test_nodes:/home/luka/ros2_ws/install/marinero_mqtt:/home/luka/ros2_ws/install/marinero_battery:/home/luka/ros2_diplpro/install/sensor_simulator:/opt/ros/humble /usr/bin/cmake --build /home/luka/ros2_diplpro/build/rovc_comm_mqtt -- -j6 -l6
[0.572s] INFO:colcon.colcon_core.task.python.build:Building Python package in '/home/luka/ros2_diplpro/src/sensor_simulator'
[0.573s] INFO:colcon.colcon_core.shell:Skip shell extension 'powershell' for command environment: Not usable outside of PowerShell
[0.573s] DEBUG:colcon.colcon_core.shell:Skip shell extension 'dsv' for command environment
[0.578s] DEBUG:colcon.colcon_core.event_handler.log_command:Invoked command in '/home/luka/ros2_diplpro/build/rovc_comm_mqtt' returned '0': CMAKE_PREFIX_PATH=${CMAKE_PREFIX_PATH}:/home/luka/ros2_ws/install/teleop_controller:/home/luka/ros2_ws/install/rqt_joint_trajectory_controller:/home/luka/ros2_ws/install/ros2_controllers_test_nodes:/home/luka/ros2_ws/install/marinero_mqtt:/home/luka/ros2_ws/install/marinero_battery:/home/luka/ros2_diplpro/install/sensor_simulator:/opt/ros/humble /usr/bin/cmake --build /home/luka/ros2_diplpro/build/rovc_comm_mqtt -- -j6 -l6
[0.589s] DEBUG:colcon.colcon_core.event_handler.log_command:Invoking command in '/home/luka/ros2_diplpro/build/rovc_comm_mqtt': CMAKE_PREFIX_PATH=${CMAKE_PREFIX_PATH}:/home/luka/ros2_ws/install/teleop_controller:/home/luka/ros2_ws/install/rqt_joint_trajectory_controller:/home/luka/ros2_ws/install/ros2_controllers_test_nodes:/home/luka/ros2_ws/install/marinero_mqtt:/home/luka/ros2_ws/install/marinero_battery:/home/luka/ros2_diplpro/install/sensor_simulator:/opt/ros/humble /usr/bin/cmake --install /home/luka/ros2_diplpro/build/rovc_comm_mqtt
[0.614s] Level 1:colcon.colcon_core.environment:create_environment_scripts_only(rovc_comm_mqtt)
[0.614s] DEBUG:colcon.colcon_core.event_handler.log_command:Invoked command in '/home/luka/ros2_diplpro/build/rovc_comm_mqtt' returned '0': CMAKE_PREFIX_PATH=${CMAKE_PREFIX_PATH}:/home/luka/ros2_ws/install/teleop_controller:/home/luka/ros2_ws/install/rqt_joint_trajectory_controller:/home/luka/ros2_ws/install/ros2_controllers_test_nodes:/home/luka/ros2_ws/install/marinero_mqtt:/home/luka/ros2_ws/install/marinero_battery:/home/luka/ros2_diplpro/install/sensor_simulator:/opt/ros/humble /usr/bin/cmake --install /home/luka/ros2_diplpro/build/rovc_comm_mqtt
[0.616s] Level 1:colcon.colcon_core.environment:checking '/home/luka/ros2_diplpro/install/rovc_comm_mqtt' for CMake module files
[0.616s] Level 1:colcon.colcon_core.environment:checking '/home/luka/ros2_diplpro/install/rovc_comm_mqtt' for CMake config files
[0.617s] Level 1:colcon.colcon_core.shell:create_environment_hook('rovc_comm_mqtt', 'cmake_prefix_path')
[0.617s] INFO:colcon.colcon_core.shell:Creating environment hook '/home/luka/ros2_diplpro/install/rovc_comm_mqtt/share/rovc_comm_mqtt/hook/cmake_prefix_path.ps1'
[0.617s] INFO:colcon.colcon_core.shell:Creating environment descriptor '/home/luka/ros2_diplpro/install/rovc_comm_mqtt/share/rovc_comm_mqtt/hook/cmake_prefix_path.dsv'
[0.618s] INFO:colcon.colcon_core.shell:Creating environment hook '/home/luka/ros2_diplpro/install/rovc_comm_mqtt/share/rovc_comm_mqtt/hook/cmake_prefix_path.sh'
[0.618s] Level 1:colcon.colcon_core.environment:checking '/home/luka/ros2_diplpro/install/rovc_comm_mqtt/lib'
[0.618s] Level 1:colcon.colcon_core.environment:checking '/home/luka/ros2_diplpro/install/rovc_comm_mqtt/bin'
[0.618s] Level 1:colcon.colcon_core.environment:checking '/home/luka/ros2_diplpro/install/rovc_comm_mqtt/lib/pkgconfig/rovc_comm_mqtt.pc'
[0.619s] Level 1:colcon.colcon_core.environment:checking '/home/luka/ros2_diplpro/install/rovc_comm_mqtt/lib/python3.10/site-packages'
[0.619s] Level 1:colcon.colcon_core.environment:checking '/home/luka/ros2_diplpro/install/rovc_comm_mqtt/bin'
[0.619s] INFO:colcon.colcon_core.shell:Creating package script '/home/luka/ros2_diplpro/install/rovc_comm_mqtt/share/rovc_comm_mqtt/package.ps1'
[0.620s] INFO:colcon.colcon_core.shell:Creating package descriptor '/home/luka/ros2_diplpro/install/rovc_comm_mqtt/share/rovc_comm_mqtt/package.dsv'
[0.620s] INFO:colcon.colcon_core.shell:Creating package script '/home/luka/ros2_diplpro/install/rovc_comm_mqtt/share/rovc_comm_mqtt/package.sh'
[0.621s] INFO:colcon.colcon_core.shell:Creating package script '/home/luka/ros2_diplpro/install/rovc_comm_mqtt/share/rovc_comm_mqtt/package.bash'
[0.622s] INFO:colcon.colcon_core.shell:Creating package script '/home/luka/ros2_diplpro/install/rovc_comm_mqtt/share/rovc_comm_mqtt/package.zsh'
[0.622s] Level 1:colcon.colcon_core.environment:create_file_with_runtime_dependencies(/home/luka/ros2_diplpro/install/rovc_comm_mqtt/share/colcon-core/packages/rovc_comm_mqtt)
[0.623s] Level 1:colcon.colcon_core.environment:create_environment_scripts_only(rovc_comm_mqtt)
[0.623s] Level 1:colcon.colcon_core.environment:checking '/home/luka/ros2_diplpro/install/rovc_comm_mqtt' for CMake module files
[0.623s] Level 1:colcon.colcon_core.environment:checking '/home/luka/ros2_diplpro/install/rovc_comm_mqtt' for CMake config files
[0.624s] Level 1:colcon.colcon_core.shell:create_environment_hook('rovc_comm_mqtt', 'cmake_prefix_path')
[0.624s] INFO:colcon.colcon_core.shell:Creating environment hook '/home/luka/ros2_diplpro/install/rovc_comm_mqtt/share/rovc_comm_mqtt/hook/cmake_prefix_path.ps1'
[0.624s] INFO:colcon.colcon_core.shell:Creating environment descriptor '/home/luka/ros2_diplpro/install/rovc_comm_mqtt/share/rovc_comm_mqtt/hook/cmake_prefix_path.dsv'
[0.625s] INFO:colcon.colcon_core.shell:Creating environment hook '/home/luka/ros2_diplpro/install/rovc_comm_mqtt/share/rovc_comm_mqtt/hook/cmake_prefix_path.sh'
[0.625s] Level 1:colcon.colcon_core.environment:checking '/home/luka/ros2_diplpro/install/rovc_comm_mqtt/lib'
[0.625s] Level 1:colcon.colcon_core.environment:checking '/home/luka/ros2_diplpro/install/rovc_comm_mqtt/bin'
[0.625s] Level 1:colcon.colcon_core.environment:checking '/home/luka/ros2_diplpro/install/rovc_comm_mqtt/lib/pkgconfig/rovc_comm_mqtt.pc'
[0.625s] Level 1:colcon.colcon_core.environment:checking '/home/luka/ros2_diplpro/install/rovc_comm_mqtt/lib/python3.10/site-packages'
[0.626s] Level 1:colcon.colcon_core.environment:checking '/home/luka/ros2_diplpro/install/rovc_comm_mqtt/bin'
[0.626s] INFO:colcon.colcon_core.shell:Creating package script '/home/luka/ros2_diplpro/install/rovc_comm_mqtt/share/rovc_comm_mqtt/package.ps1'
[0.626s] INFO:colcon.colcon_core.shell:Creating package descriptor '/home/luka/ros2_diplpro/install/rovc_comm_mqtt/share/rovc_comm_mqtt/package.dsv'
[0.627s] INFO:colcon.colcon_core.shell:Creating package script '/home/luka/ros2_diplpro/install/rovc_comm_mqtt/share/rovc_comm_mqtt/package.sh'
[0.627s] INFO:colcon.colcon_core.shell:Creating package script '/home/luka/ros2_diplpro/install/rovc_comm_mqtt/share/rovc_comm_mqtt/package.bash'
[0.627s] INFO:colcon.colcon_core.shell:Creating package script '/home/luka/ros2_diplpro/install/rovc_comm_mqtt/share/rovc_comm_mqtt/package.zsh'
[0.628s] Level 1:colcon.colcon_core.environment:create_file_with_runtime_dependencies(/home/luka/ros2_diplpro/install/rovc_comm_mqtt/share/colcon-core/packages/rovc_comm_mqtt)
[0.903s] DEBUG:colcon.colcon_core.event_handler.log_command:Invoking command in '/home/luka/ros2_diplpro/build/sensor_simulator': PYTHONPATH=/home/luka/ros2_diplpro/build/sensor_simulator/prefix_override:/usr/lib/python3/dist-packages/colcon_core/task/python/colcon_distutils_commands:/home/luka/ros2_diplpro/install/sensor_simulator/lib/python3.10/site-packages:${PYTHONPATH} /usr/bin/python3 -W ignore:setup.py install is deprecated -W ignore:easy_install command is deprecated setup.py develop --uninstall --editable --build-directory /home/luka/ros2_diplpro/build/sensor_simulator/build
[1.292s] DEBUG:colcon.colcon_core.event_handler.log_command:Invoked command in '/home/luka/ros2_diplpro/build/sensor_simulator' returned '0': PYTHONPATH=/home/luka/ros2_diplpro/build/sensor_simulator/prefix_override:/usr/lib/python3/dist-packages/colcon_core/task/python/colcon_distutils_commands:/home/luka/ros2_diplpro/install/sensor_simulator/lib/python3.10/site-packages:${PYTHONPATH} /usr/bin/python3 -W ignore:setup.py install is deprecated -W ignore:easy_install command is deprecated setup.py develop --uninstall --editable --build-directory /home/luka/ros2_diplpro/build/sensor_simulator/build
[1.293s] DEBUG:colcon.colcon_core.event_handler.log_command:Invoking command in '/home/luka/ros2_diplpro/src/sensor_simulator': PYTHONPATH=/home/luka/ros2_diplpro/build/sensor_simulator/prefix_override:/usr/lib/python3/dist-packages/colcon_core/task/python/colcon_distutils_commands:/home/luka/ros2_diplpro/install/sensor_simulator/lib/python3.10/site-packages:${PYTHONPATH} /usr/bin/python3 -W ignore:setup.py install is deprecated -W ignore:easy_install command is deprecated setup.py egg_info --egg-base ../../build/sensor_simulator build --build-base /home/luka/ros2_diplpro/build/sensor_simulator/build install --record /home/luka/ros2_diplpro/build/sensor_simulator/install.log --single-version-externally-managed install_data --force
[1.571s] Level 1:colcon.colcon_core.environment:checking '/home/luka/ros2_diplpro/install/sensor_simulator' for CMake module files
[1.571s] DEBUG:colcon.colcon_core.event_handler.log_command:Invoked command in '/home/luka/ros2_diplpro/src/sensor_simulator' returned '0': PYTHONPATH=/home/luka/ros2_diplpro/build/sensor_simulator/prefix_override:/usr/lib/python3/dist-packages/colcon_core/task/python/colcon_distutils_commands:/home/luka/ros2_diplpro/install/sensor_simulator/lib/python3.10/site-packages:${PYTHONPATH} /usr/bin/python3 -W ignore:setup.py install is deprecated -W ignore:easy_install command is deprecated setup.py egg_info --egg-base ../../build/sensor_simulator build --build-base /home/luka/ros2_diplpro/build/sensor_simulator/build install --record /home/luka/ros2_diplpro/build/sensor_simulator/install.log --single-version-externally-managed install_data --force
[1.571s] Level 1:colcon.colcon_core.environment:checking '/home/luka/ros2_diplpro/install/sensor_simulator' for CMake config files
[1.572s] Level 1:colcon.colcon_core.environment:checking '/home/luka/ros2_diplpro/install/sensor_simulator/lib'
[1.572s] Level 1:colcon.colcon_core.environment:checking '/home/luka/ros2_diplpro/install/sensor_simulator/bin'
[1.572s] Level 1:colcon.colcon_core.environment:checking '/home/luka/ros2_diplpro/install/sensor_simulator/lib/pkgconfig/sensor_simulator.pc'
[1.572s] Level 1:colcon.colcon_core.environment:checking '/home/luka/ros2_diplpro/install/sensor_simulator/lib/python3.10/site-packages'
[1.572s] Level 1:colcon.colcon_core.shell:create_environment_hook('sensor_simulator', 'pythonpath')
[1.573s] INFO:colcon.colcon_core.shell:Creating environment hook '/home/luka/ros2_diplpro/install/sensor_simulator/share/sensor_simulator/hook/pythonpath.ps1'
[1.573s] INFO:colcon.colcon_core.shell:Creating environment descriptor '/home/luka/ros2_diplpro/install/sensor_simulator/share/sensor_simulator/hook/pythonpath.dsv'
[1.573s] INFO:colcon.colcon_core.shell:Creating environment hook '/home/luka/ros2_diplpro/install/sensor_simulator/share/sensor_simulator/hook/pythonpath.sh'
[1.574s] Level 1:colcon.colcon_core.environment:checking '/home/luka/ros2_diplpro/install/sensor_simulator/bin'
[1.574s] Level 1:colcon.colcon_core.environment:create_environment_scripts_only(sensor_simulator)
[1.574s] INFO:colcon.colcon_core.shell:Creating package script '/home/luka/ros2_diplpro/install/sensor_simulator/share/sensor_simulator/package.ps1'
[1.574s] INFO:colcon.colcon_core.shell:Creating package descriptor '/home/luka/ros2_diplpro/install/sensor_simulator/share/sensor_simulator/package.dsv'
[1.575s] INFO:colcon.colcon_core.shell:Creating package script '/home/luka/ros2_diplpro/install/sensor_simulator/share/sensor_simulator/package.sh'
[1.575s] INFO:colcon.colcon_core.shell:Creating package script '/home/luka/ros2_diplpro/install/sensor_simulator/share/sensor_simulator/package.bash'
[1.575s] INFO:colcon.colcon_core.shell:Creating package script '/home/luka/ros2_diplpro/install/sensor_simulator/share/sensor_simulator/package.zsh'
[1.576s] Level 1:colcon.colcon_core.environment:create_file_with_runtime_dependencies(/home/luka/ros2_diplpro/install/sensor_simulator/share/colcon-core/packages/sensor_simulator)
[1.576s] DEBUG:colcon.colcon_parallel_executor.executor.parallel:closing loop
[1.576s] DEBUG:colcon.colcon_parallel_executor.executor.parallel:loop closed
[1.576s] DEBUG:colcon.colcon_parallel_executor.executor.parallel:run_until_complete finished with '0'
[1.576s] DEBUG:colcon.colcon_core.event_reactor:joining thread
[1.582s] INFO:colcon.colcon_core.plugin_system:Skipping extension 'colcon_notification.desktop_notification.terminal_notifier': Not used on non-Darwin systems
[1.582s] INFO:colcon.colcon_core.plugin_system:Skipping extension 'colcon_notification.desktop_notification.win32': Not used on non-Windows systems
[1.582s] INFO:colcon.colcon_notification.desktop_notification:Sending desktop notification using 'notify2'
[1.591s] DEBUG:colcon.colcon_core.event_reactor:joined thread
[1.591s] INFO:colcon.colcon_core.shell:Creating prefix script '/home/luka/ros2_diplpro/install/local_setup.ps1'
[1.592s] INFO:colcon.colcon_core.shell:Creating prefix util module '/home/luka/ros2_diplpro/install/_local_setup_util_ps1.py'
[1.593s] INFO:colcon.colcon_core.shell:Creating prefix chain script '/home/luka/ros2_diplpro/install/setup.ps1'
[1.595s] INFO:colcon.colcon_core.shell:Creating prefix script '/home/luka/ros2_diplpro/install/local_setup.sh'
[1.596s] INFO:colcon.colcon_core.shell:Creating prefix util module '/home/luka/ros2_diplpro/install/_local_setup_util_sh.py'
[1.596s] INFO:colcon.colcon_core.shell:Creating prefix chain script '/home/luka/ros2_diplpro/install/setup.sh'
[1.598s] INFO:colcon.colcon_core.shell:Creating prefix script '/home/luka/ros2_diplpro/install/local_setup.bash'
[1.599s] INFO:colcon.colcon_core.shell:Creating prefix chain script '/home/luka/ros2_diplpro/install/setup.bash'
[1.601s] INFO:colcon.colcon_core.shell:Creating prefix script '/home/luka/ros2_diplpro/install/local_setup.zsh'
[1.601s] INFO:colcon.colcon_core.shell:Creating prefix chain script '/home/luka/ros2_diplpro/install/setup.zsh'
