running develop
running egg_info
creating sensor_simulator.egg-info
writing sensor_simulator.egg-info/PKG-INFO
writing dependency_links to sensor_simulator.egg-info/dependency_links.txt
writing entry points to sensor_simulator.egg-info/entry_points.txt
writing requirements to sensor_simulator.egg-info/requires.txt
writing top-level names to sensor_simulator.egg-info/top_level.txt
writing manifest file 'sensor_simulator.egg-info/SOURCES.txt'
reading manifest file 'sensor_simulator.egg-info/SOURCES.txt'
writing manifest file 'sensor_simulator.egg-info/SOURCES.txt'
running build_ext
Creating /home/luka/ros2_diplpro/install/sensor_simulator/lib/python3.10/site-packages/sensor-simulator.egg-link (link to .)
Installing sensor_simulator script to /home/luka/ros2_diplpro/install/sensor_simulator/lib/sensor_simulator

Installed /home/luka/ros2_diplpro/build/sensor_simulator
running symlink_data
creating /home/luka/ros2_diplpro/install/sensor_simulator/share/ament_index
creating /home/luka/ros2_diplpro/install/sensor_simulator/share/ament_index/resource_index
creating /home/luka/ros2_diplpro/install/sensor_simulator/share/ament_index/resource_index/packages
symbolically linking /home/luka/ros2_diplpro/build/sensor_simulator/resource/sensor_simulator -> /home/luka/ros2_diplpro/install/sensor_simulator/share/ament_index/resource_index/packages
symbolically linking /home/luka/ros2_diplpro/build/sensor_simulator/package.xml -> /home/luka/ros2_diplpro/install/sensor_simulator/share/sensor_simulator
