[0.099s] DEBUG:colcon:Command line arguments: ['/usr/bin/colcon', 'build', '--packages-select', 'rovc_comm_mqtt']
[0.099s] DEBUG:colcon:Parsed command line arguments: Namespace(log_base=None, log_level=None, verb_name='build', build_base='build', install_base='install', merge_install=False, symlink_install=False, test_result_base=None, continue_on_error=False, executor='parallel', parallel_workers=6, event_handlers=None, ignore_user_meta=False, metas=['./colcon.meta'], base_paths=['.'], packages_ignore=None, packages_ignore_regex=None, paths=None, packages_up_to=None, packages_up_to_regex=None, packages_above=None, packages_above_and_dependencies=None, packages_above_depth=None, packages_select_by_dep=None, packages_skip_by_dep=None, packages_skip_up_to=None, packages_select_build_failed=False, packages_skip_build_finished=False, packages_select_test_failures=False, packages_skip_test_passed=False, packages_select=['rovc_comm_mqtt'], packages_skip=None, packages_select_regex=None, packages_skip_regex=None, packages_start=None, packages_end=None, allow_overriding=[], cmake_args=None, cmake_target=None, cmake_target_skip_unavailable=False, cmake_clean_cache=False, cmake_clean_first=False, cmake_force_configure=False, ament_cmake_args=None, catkin_cmake_args=None, catkin_skip_building_tests=False, verb_parser=<colcon_defaults.argument_parser.defaults.DefaultArgumentsDecorator object at 0x7ea892cefe50>, verb_extension=<colcon_core.verb.build.BuildVerb object at 0x7ea892cef940>, main=<bound method BuildVerb.main of <colcon_core.verb.build.BuildVerb object at 0x7ea892cef940>>)
[0.247s] Level 1:colcon.colcon_core.package_discovery:discover_packages(colcon_meta) check parameters
[0.247s] Level 1:colcon.colcon_core.package_discovery:discover_packages(recursive) check parameters
[0.247s] Level 1:colcon.colcon_core.package_discovery:discover_packages(ignore) check parameters
[0.247s] Level 1:colcon.colcon_core.package_discovery:discover_packages(path) check parameters
[0.247s] Level 1:colcon.colcon_core.package_discovery:discover_packages(colcon_meta) discover
[0.247s] Level 1:colcon.colcon_core.package_discovery:discover_packages(recursive) discover
[0.247s] INFO:colcon.colcon_core.package_discovery:Crawling recursively for packages in '/home/luka/ros2_diplpro'
[0.247s] Level 1:colcon.colcon_core.package_identification:_identify(.) by extensions ['ignore', 'ignore_ament_install']
[0.248s] Level 1:colcon.colcon_core.package_identification:_identify(.) by extension 'ignore'
[0.248s] Level 1:colcon.colcon_core.package_identification:_identify(.) by extension 'ignore_ament_install'
[0.248s] Level 1:colcon.colcon_core.package_identification:_identify(.) by extensions ['colcon_pkg']
[0.248s] Level 1:colcon.colcon_core.package_identification:_identify(.) by extension 'colcon_pkg'
[0.248s] Level 1:colcon.colcon_core.package_identification:_identify(.) by extensions ['colcon_meta']
[0.248s] Level 1:colcon.colcon_core.package_identification:_identify(.) by extension 'colcon_meta'
[0.248s] Level 1:colcon.colcon_core.package_identification:_identify(.) by extensions ['ros']
[0.248s] Level 1:colcon.colcon_core.package_identification:_identify(.) by extension 'ros'
[0.258s] Level 1:colcon.colcon_core.package_identification:_identify(.) by extensions ['cmake', 'python']
[0.258s] Level 1:colcon.colcon_core.package_identification:_identify(.) by extension 'cmake'
[0.258s] Level 1:colcon.colcon_core.package_identification:_identify(.) by extension 'python'
[0.258s] Level 1:colcon.colcon_core.package_identification:_identify(.) by extensions ['python_setup_py']
[0.258s] Level 1:colcon.colcon_core.package_identification:_identify(.) by extension 'python_setup_py'
[0.258s] Level 1:colcon.colcon_core.package_identification:_identify(build) by extensions ['ignore', 'ignore_ament_install']
[0.258s] Level 1:colcon.colcon_core.package_identification:_identify(build) by extension 'ignore'
[0.258s] Level 1:colcon.colcon_core.package_identification:_identify(build) ignored
[0.258s] Level 1:colcon.colcon_core.package_identification:_identify(install) by extensions ['ignore', 'ignore_ament_install']
[0.258s] Level 1:colcon.colcon_core.package_identification:_identify(install) by extension 'ignore'
[0.258s] Level 1:colcon.colcon_core.package_identification:_identify(install) ignored
[0.258s] Level 1:colcon.colcon_core.package_identification:_identify(log) by extensions ['ignore', 'ignore_ament_install']
[0.259s] Level 1:colcon.colcon_core.package_identification:_identify(log) by extension 'ignore'
[0.259s] Level 1:colcon.colcon_core.package_identification:_identify(log) ignored
[0.259s] Level 1:colcon.colcon_core.package_identification:_identify(src) by extensions ['ignore', 'ignore_ament_install']
[0.259s] Level 1:colcon.colcon_core.package_identification:_identify(src) by extension 'ignore'
[0.259s] Level 1:colcon.colcon_core.package_identification:_identify(src) by extension 'ignore_ament_install'
[0.259s] Level 1:colcon.colcon_core.package_identification:_identify(src) by extensions ['colcon_pkg']
[0.259s] Level 1:colcon.colcon_core.package_identification:_identify(src) by extension 'colcon_pkg'
[0.259s] Level 1:colcon.colcon_core.package_identification:_identify(src) by extensions ['colcon_meta']
[0.259s] Level 1:colcon.colcon_core.package_identification:_identify(src) by extension 'colcon_meta'
[0.259s] Level 1:colcon.colcon_core.package_identification:_identify(src) by extensions ['ros']
[0.259s] Level 1:colcon.colcon_core.package_identification:_identify(src) by extension 'ros'
[0.259s] Level 1:colcon.colcon_core.package_identification:_identify(src) by extensions ['cmake', 'python']
[0.259s] Level 1:colcon.colcon_core.package_identification:_identify(src) by extension 'cmake'
[0.259s] Level 1:colcon.colcon_core.package_identification:_identify(src) by extension 'python'
[0.259s] Level 1:colcon.colcon_core.package_identification:_identify(src) by extensions ['python_setup_py']
[0.259s] Level 1:colcon.colcon_core.package_identification:_identify(src) by extension 'python_setup_py'
[0.259s] Level 1:colcon.colcon_core.package_identification:_identify(src/rovc_comm_mqtt) by extensions ['ignore', 'ignore_ament_install']
[0.259s] Level 1:colcon.colcon_core.package_identification:_identify(src/rovc_comm_mqtt) by extension 'ignore'
[0.259s] Level 1:colcon.colcon_core.package_identification:_identify(src/rovc_comm_mqtt) by extension 'ignore_ament_install'
[0.259s] Level 1:colcon.colcon_core.package_identification:_identify(src/rovc_comm_mqtt) by extensions ['colcon_pkg']
[0.259s] Level 1:colcon.colcon_core.package_identification:_identify(src/rovc_comm_mqtt) by extension 'colcon_pkg'
[0.260s] Level 1:colcon.colcon_core.package_identification:_identify(src/rovc_comm_mqtt) by extensions ['colcon_meta']
[0.260s] Level 1:colcon.colcon_core.package_identification:_identify(src/rovc_comm_mqtt) by extension 'colcon_meta'
[0.260s] Level 1:colcon.colcon_core.package_identification:_identify(src/rovc_comm_mqtt) by extensions ['ros']
[0.260s] Level 1:colcon.colcon_core.package_identification:_identify(src/rovc_comm_mqtt) by extension 'ros'
[0.262s] DEBUG:colcon.colcon_core.package_identification:Package 'src/rovc_comm_mqtt' with type 'ros.ament_cmake' and name 'rovc_comm_mqtt'
[0.262s] Level 1:colcon.colcon_core.package_identification:_identify(src/sensor_simulator) by extensions ['ignore', 'ignore_ament_install']
[0.262s] Level 1:colcon.colcon_core.package_identification:_identify(src/sensor_simulator) by extension 'ignore'
[0.262s] Level 1:colcon.colcon_core.package_identification:_identify(src/sensor_simulator) by extension 'ignore_ament_install'
[0.262s] Level 1:colcon.colcon_core.package_identification:_identify(src/sensor_simulator) by extensions ['colcon_pkg']
[0.262s] Level 1:colcon.colcon_core.package_identification:_identify(src/sensor_simulator) by extension 'colcon_pkg'
[0.262s] Level 1:colcon.colcon_core.package_identification:_identify(src/sensor_simulator) by extensions ['colcon_meta']
[0.262s] Level 1:colcon.colcon_core.package_identification:_identify(src/sensor_simulator) by extension 'colcon_meta'
[0.262s] Level 1:colcon.colcon_core.package_identification:_identify(src/sensor_simulator) by extensions ['ros']
[0.262s] Level 1:colcon.colcon_core.package_identification:_identify(src/sensor_simulator) by extension 'ros'
[0.262s] DEBUG:colcon.colcon_core.package_identification:Package 'src/sensor_simulator' with type 'ros.ament_python' and name 'sensor_simulator'
[0.262s] Level 1:colcon.colcon_core.package_discovery:discover_packages(recursive) using defaults
[0.262s] Level 1:colcon.colcon_core.package_discovery:discover_packages(ignore) discover
[0.263s] Level 1:colcon.colcon_core.package_discovery:discover_packages(ignore) using defaults
[0.263s] Level 1:colcon.colcon_core.package_discovery:discover_packages(path) discover
[0.263s] Level 1:colcon.colcon_core.package_discovery:discover_packages(path) using defaults
[0.281s] INFO:colcon.colcon_core.package_selection:Skipping not selected package 'sensor_simulator' in 'src/sensor_simulator'
[0.281s] Level 1:colcon.colcon_core.package_discovery:discover_packages(prefix_path) check parameters
[0.281s] Level 1:colcon.colcon_core.package_discovery:discover_packages(prefix_path) discover
[0.284s] DEBUG:colcon.colcon_installed_package_information.package_discovery:Found 2 installed packages in /home/luka/ros2_diplpro/install
[0.285s] DEBUG:colcon.colcon_installed_package_information.package_discovery:Found 27 installed packages in /home/luka/ros2_ws/install
[0.286s] DEBUG:colcon.colcon_installed_package_information.package_discovery:Found 258 installed packages in /opt/ros/humble
[0.296s] Level 1:colcon.colcon_core.package_discovery:discover_packages(prefix_path) using defaults
[0.327s] Level 5:colcon.colcon_core.verb:set package 'rovc_comm_mqtt' build argument 'cmake_args' from command line to 'None'
[0.327s] Level 5:colcon.colcon_core.verb:set package 'rovc_comm_mqtt' build argument 'cmake_target' from command line to 'None'
[0.328s] Level 5:colcon.colcon_core.verb:set package 'rovc_comm_mqtt' build argument 'cmake_target_skip_unavailable' from command line to 'False'
[0.328s] Level 5:colcon.colcon_core.verb:set package 'rovc_comm_mqtt' build argument 'cmake_clean_cache' from command line to 'False'
[0.328s] Level 5:colcon.colcon_core.verb:set package 'rovc_comm_mqtt' build argument 'cmake_clean_first' from command line to 'False'
[0.328s] Level 5:colcon.colcon_core.verb:set package 'rovc_comm_mqtt' build argument 'cmake_force_configure' from command line to 'False'
[0.328s] Level 5:colcon.colcon_core.verb:set package 'rovc_comm_mqtt' build argument 'ament_cmake_args' from command line to 'None'
[0.328s] Level 5:colcon.colcon_core.verb:set package 'rovc_comm_mqtt' build argument 'catkin_cmake_args' from command line to 'None'
[0.328s] Level 5:colcon.colcon_core.verb:set package 'rovc_comm_mqtt' build argument 'catkin_skip_building_tests' from command line to 'False'
[0.328s] DEBUG:colcon.colcon_core.verb:Building package 'rovc_comm_mqtt' with the following arguments: {'ament_cmake_args': None, 'build_base': '/home/luka/ros2_diplpro/build/rovc_comm_mqtt', 'catkin_cmake_args': None, 'catkin_skip_building_tests': False, 'cmake_args': None, 'cmake_clean_cache': False, 'cmake_clean_first': False, 'cmake_force_configure': False, 'cmake_target': None, 'cmake_target_skip_unavailable': False, 'install_base': '/home/luka/ros2_diplpro/install/rovc_comm_mqtt', 'merge_install': False, 'path': '/home/luka/ros2_diplpro/src/rovc_comm_mqtt', 'symlink_install': False, 'test_result_base': None}
[0.328s] INFO:colcon.colcon_core.executor:Executing jobs using 'parallel' executor
[0.329s] DEBUG:colcon.colcon_parallel_executor.executor.parallel:run_until_complete
[0.329s] INFO:colcon.colcon_ros.task.ament_cmake.build:Building ROS package in '/home/luka/ros2_diplpro/src/rovc_comm_mqtt' with build type 'ament_cmake'
[0.329s] INFO:colcon.colcon_cmake.task.cmake.build:Building CMake package in '/home/luka/ros2_diplpro/src/rovc_comm_mqtt'
[0.331s] INFO:colcon.colcon_core.plugin_system:Skipping extension 'colcon_core.shell.bat': Not used on non-Windows systems
[0.331s] INFO:colcon.colcon_core.shell:Skip shell extension 'powershell' for command environment: Not usable outside of PowerShell
[0.331s] DEBUG:colcon.colcon_core.shell:Skip shell extension 'dsv' for command environment
[0.342s] DEBUG:colcon.colcon_core.event_handler.log_command:Invoking command in '/home/luka/ros2_diplpro/build/rovc_comm_mqtt': CMAKE_PREFIX_PATH=${CMAKE_PREFIX_PATH}:/home/luka/ros2_ws/install/teleop_controller:/home/luka/ros2_ws/install/rqt_joint_trajectory_controller:/home/luka/ros2_ws/install/ros2_controllers_test_nodes:/home/luka/ros2_ws/install/marinero_mqtt:/home/luka/ros2_ws/install/marinero_battery:/home/luka/ros2_diplpro/install/sensor_simulator:/opt/ros/humble /usr/bin/cmake --build /home/luka/ros2_diplpro/build/rovc_comm_mqtt -- -j6 -l6
[13.197s] DEBUG:colcon.colcon_core.event_handler.log_command:Invoked command in '/home/luka/ros2_diplpro/build/rovc_comm_mqtt' returned '0': CMAKE_PREFIX_PATH=${CMAKE_PREFIX_PATH}:/home/luka/ros2_ws/install/teleop_controller:/home/luka/ros2_ws/install/rqt_joint_trajectory_controller:/home/luka/ros2_ws/install/ros2_controllers_test_nodes:/home/luka/ros2_ws/install/marinero_mqtt:/home/luka/ros2_ws/install/marinero_battery:/home/luka/ros2_diplpro/install/sensor_simulator:/opt/ros/humble /usr/bin/cmake --build /home/luka/ros2_diplpro/build/rovc_comm_mqtt -- -j6 -l6
[13.208s] DEBUG:colcon.colcon_core.event_handler.log_command:Invoking command in '/home/luka/ros2_diplpro/build/rovc_comm_mqtt': CMAKE_PREFIX_PATH=${CMAKE_PREFIX_PATH}:/home/luka/ros2_ws/install/teleop_controller:/home/luka/ros2_ws/install/rqt_joint_trajectory_controller:/home/luka/ros2_ws/install/ros2_controllers_test_nodes:/home/luka/ros2_ws/install/marinero_mqtt:/home/luka/ros2_ws/install/marinero_battery:/home/luka/ros2_diplpro/install/sensor_simulator:/opt/ros/humble /usr/bin/cmake --install /home/luka/ros2_diplpro/build/rovc_comm_mqtt
[13.233s] Level 1:colcon.colcon_core.environment:create_environment_scripts_only(rovc_comm_mqtt)
[13.233s] DEBUG:colcon.colcon_core.event_handler.log_command:Invoked command in '/home/luka/ros2_diplpro/build/rovc_comm_mqtt' returned '0': CMAKE_PREFIX_PATH=${CMAKE_PREFIX_PATH}:/home/luka/ros2_ws/install/teleop_controller:/home/luka/ros2_ws/install/rqt_joint_trajectory_controller:/home/luka/ros2_ws/install/ros2_controllers_test_nodes:/home/luka/ros2_ws/install/marinero_mqtt:/home/luka/ros2_ws/install/marinero_battery:/home/luka/ros2_diplpro/install/sensor_simulator:/opt/ros/humble /usr/bin/cmake --install /home/luka/ros2_diplpro/build/rovc_comm_mqtt
[13.236s] Level 1:colcon.colcon_core.environment:checking '/home/luka/ros2_diplpro/install/rovc_comm_mqtt' for CMake module files
[13.236s] Level 1:colcon.colcon_core.environment:checking '/home/luka/ros2_diplpro/install/rovc_comm_mqtt' for CMake config files
[13.237s] Level 1:colcon.colcon_core.shell:create_environment_hook('rovc_comm_mqtt', 'cmake_prefix_path')
[13.237s] INFO:colcon.colcon_core.shell:Creating environment hook '/home/luka/ros2_diplpro/install/rovc_comm_mqtt/share/rovc_comm_mqtt/hook/cmake_prefix_path.ps1'
[13.237s] INFO:colcon.colcon_core.shell:Creating environment descriptor '/home/luka/ros2_diplpro/install/rovc_comm_mqtt/share/rovc_comm_mqtt/hook/cmake_prefix_path.dsv'
[13.238s] INFO:colcon.colcon_core.shell:Creating environment hook '/home/luka/ros2_diplpro/install/rovc_comm_mqtt/share/rovc_comm_mqtt/hook/cmake_prefix_path.sh'
[13.238s] Level 1:colcon.colcon_core.environment:checking '/home/luka/ros2_diplpro/install/rovc_comm_mqtt/lib'
[13.239s] Level 1:colcon.colcon_core.environment:checking '/home/luka/ros2_diplpro/install/rovc_comm_mqtt/bin'
[13.239s] Level 1:colcon.colcon_core.environment:checking '/home/luka/ros2_diplpro/install/rovc_comm_mqtt/lib/pkgconfig/rovc_comm_mqtt.pc'
[13.239s] Level 1:colcon.colcon_core.environment:checking '/home/luka/ros2_diplpro/install/rovc_comm_mqtt/lib/python3.10/site-packages'
[13.239s] Level 1:colcon.colcon_core.environment:checking '/home/luka/ros2_diplpro/install/rovc_comm_mqtt/bin'
[13.239s] INFO:colcon.colcon_core.shell:Creating package script '/home/luka/ros2_diplpro/install/rovc_comm_mqtt/share/rovc_comm_mqtt/package.ps1'
[13.240s] INFO:colcon.colcon_core.shell:Creating package descriptor '/home/luka/ros2_diplpro/install/rovc_comm_mqtt/share/rovc_comm_mqtt/package.dsv'
[13.240s] INFO:colcon.colcon_core.shell:Creating package script '/home/luka/ros2_diplpro/install/rovc_comm_mqtt/share/rovc_comm_mqtt/package.sh'
[13.241s] INFO:colcon.colcon_core.shell:Creating package script '/home/luka/ros2_diplpro/install/rovc_comm_mqtt/share/rovc_comm_mqtt/package.bash'
[13.242s] INFO:colcon.colcon_core.shell:Creating package script '/home/luka/ros2_diplpro/install/rovc_comm_mqtt/share/rovc_comm_mqtt/package.zsh'
[13.242s] Level 1:colcon.colcon_core.environment:create_file_with_runtime_dependencies(/home/luka/ros2_diplpro/install/rovc_comm_mqtt/share/colcon-core/packages/rovc_comm_mqtt)
[13.243s] Level 1:colcon.colcon_core.environment:create_environment_scripts_only(rovc_comm_mqtt)
[13.243s] Level 1:colcon.colcon_core.environment:checking '/home/luka/ros2_diplpro/install/rovc_comm_mqtt' for CMake module files
[13.243s] Level 1:colcon.colcon_core.environment:checking '/home/luka/ros2_diplpro/install/rovc_comm_mqtt' for CMake config files
[13.244s] Level 1:colcon.colcon_core.shell:create_environment_hook('rovc_comm_mqtt', 'cmake_prefix_path')
[13.244s] INFO:colcon.colcon_core.shell:Creating environment hook '/home/luka/ros2_diplpro/install/rovc_comm_mqtt/share/rovc_comm_mqtt/hook/cmake_prefix_path.ps1'
[13.244s] INFO:colcon.colcon_core.shell:Creating environment descriptor '/home/luka/ros2_diplpro/install/rovc_comm_mqtt/share/rovc_comm_mqtt/hook/cmake_prefix_path.dsv'
[13.245s] INFO:colcon.colcon_core.shell:Creating environment hook '/home/luka/ros2_diplpro/install/rovc_comm_mqtt/share/rovc_comm_mqtt/hook/cmake_prefix_path.sh'
[13.245s] Level 1:colcon.colcon_core.environment:checking '/home/luka/ros2_diplpro/install/rovc_comm_mqtt/lib'
[13.245s] Level 1:colcon.colcon_core.environment:checking '/home/luka/ros2_diplpro/install/rovc_comm_mqtt/bin'
[13.245s] Level 1:colcon.colcon_core.environment:checking '/home/luka/ros2_diplpro/install/rovc_comm_mqtt/lib/pkgconfig/rovc_comm_mqtt.pc'
[13.245s] Level 1:colcon.colcon_core.environment:checking '/home/luka/ros2_diplpro/install/rovc_comm_mqtt/lib/python3.10/site-packages'
[13.246s] Level 1:colcon.colcon_core.environment:checking '/home/luka/ros2_diplpro/install/rovc_comm_mqtt/bin'
[13.246s] INFO:colcon.colcon_core.shell:Creating package script '/home/luka/ros2_diplpro/install/rovc_comm_mqtt/share/rovc_comm_mqtt/package.ps1'
[13.246s] INFO:colcon.colcon_core.shell:Creating package descriptor '/home/luka/ros2_diplpro/install/rovc_comm_mqtt/share/rovc_comm_mqtt/package.dsv'
[13.247s] INFO:colcon.colcon_core.shell:Creating package script '/home/luka/ros2_diplpro/install/rovc_comm_mqtt/share/rovc_comm_mqtt/package.sh'
[13.247s] INFO:colcon.colcon_core.shell:Creating package script '/home/luka/ros2_diplpro/install/rovc_comm_mqtt/share/rovc_comm_mqtt/package.bash'
[13.247s] INFO:colcon.colcon_core.shell:Creating package script '/home/luka/ros2_diplpro/install/rovc_comm_mqtt/share/rovc_comm_mqtt/package.zsh'
[13.248s] Level 1:colcon.colcon_core.environment:create_file_with_runtime_dependencies(/home/luka/ros2_diplpro/install/rovc_comm_mqtt/share/colcon-core/packages/rovc_comm_mqtt)
[13.248s] DEBUG:colcon.colcon_parallel_executor.executor.parallel:closing loop
[13.248s] DEBUG:colcon.colcon_parallel_executor.executor.parallel:loop closed
[13.248s] DEBUG:colcon.colcon_parallel_executor.executor.parallel:run_until_complete finished with '0'
[13.248s] DEBUG:colcon.colcon_core.event_reactor:joining thread
[13.253s] INFO:colcon.colcon_core.plugin_system:Skipping extension 'colcon_notification.desktop_notification.terminal_notifier': Not used on non-Darwin systems
[13.253s] INFO:colcon.colcon_core.plugin_system:Skipping extension 'colcon_notification.desktop_notification.win32': Not used on non-Windows systems
[13.253s] INFO:colcon.colcon_notification.desktop_notification:Sending desktop notification using 'notify2'
[13.271s] DEBUG:colcon.colcon_core.event_reactor:joined thread
[13.272s] INFO:colcon.colcon_core.shell:Creating prefix script '/home/luka/ros2_diplpro/install/local_setup.ps1'
[13.273s] INFO:colcon.colcon_core.shell:Creating prefix util module '/home/luka/ros2_diplpro/install/_local_setup_util_ps1.py'
[13.274s] INFO:colcon.colcon_core.shell:Creating prefix chain script '/home/luka/ros2_diplpro/install/setup.ps1'
[13.276s] INFO:colcon.colcon_core.shell:Creating prefix script '/home/luka/ros2_diplpro/install/local_setup.sh'
[13.277s] INFO:colcon.colcon_core.shell:Creating prefix util module '/home/luka/ros2_diplpro/install/_local_setup_util_sh.py'
[13.277s] INFO:colcon.colcon_core.shell:Creating prefix chain script '/home/luka/ros2_diplpro/install/setup.sh'
[13.279s] INFO:colcon.colcon_core.shell:Creating prefix script '/home/luka/ros2_diplpro/install/local_setup.bash'
[13.280s] INFO:colcon.colcon_core.shell:Creating prefix chain script '/home/luka/ros2_diplpro/install/setup.bash'
[13.281s] INFO:colcon.colcon_core.shell:Creating prefix script '/home/luka/ros2_diplpro/install/local_setup.zsh'
[13.282s] INFO:colcon.colcon_core.shell:Creating prefix chain script '/home/luka/ros2_diplpro/install/setup.zsh'
