-- The C compiler identification is GNU 11.4.0
-- The CXX compiler identification is GNU 11.4.0
-- Detecting C compiler ABI info
-- Detecting C compiler ABI info - done
-- Check for working C compiler: /usr/bin/cc - skipped
-- Detecting C compile features
-- Detecting C compile features - done
-- Detecting CXX compiler ABI info
-- Detecting CXX compiler ABI info - done
-- Check for working CXX compiler: /usr/bin/c++ - skipped
-- Detecting CXX compile features
-- Detecting CXX compile features - done
-- Found ament_cmake: 1.3.11 (/opt/ros/humble/share/ament_cmake/cmake)
-- Found Python3: /usr/bin/python3 (found version "3.10.12") found components: Interpreter 
-- Override CMake install command with custom implementation using symlinks instead of copying resources
-- Found rclcpp: 16.0.11 (/opt/ros/humble/share/rclcpp/cmake)
-- Found rosidl_generator_c: 3.1.6 (/opt/ros/humble/share/rosidl_generator_c/cmake)
-- Found rosidl_adapter: 3.1.6 (/opt/ros/humble/share/rosidl_adapter/cmake)
-- Found rosidl_generator_cpp: 3.1.6 (/opt/ros/humble/share/rosidl_generator_cpp/cmake)
-- Using all available rosidl_typesupport_c: rosidl_typesupport_fastrtps_c;rosidl_typesupport_introspection_c
-- Using all available rosidl_typesupport_cpp: rosidl_typesupport_fastrtps_cpp;rosidl_typesupport_introspection_cpp
-- Found rmw_implementation_cmake: 6.1.2 (/opt/ros/humble/share/rmw_implementation_cmake/cmake)
-- Found rmw_fastrtps_cpp: 6.2.7 (/opt/ros/humble/share/rmw_fastrtps_cpp/cmake)
-- Found OpenSSL: /usr/lib/x86_64-linux-gnu/libcrypto.so (found version "3.0.2")  
-- Found FastRTPS: /opt/ros/humble/include  
-- Using RMW implementation 'rmw_fastrtps_cpp' as default
-- Looking for pthread.h
-- Looking for pthread.h - found
-- Performing Test CMAKE_HAVE_LIBC_PTHREAD
-- Performing Test CMAKE_HAVE_LIBC_PTHREAD - Success
-- Found Threads: TRUE  
-- Found nlohmann_json: /usr/lib/cmake/nlohmann_json/nlohmann_jsonConfig.cmake (found version "3.10.5") 
-- Found ament_lint_auto: 0.12.11 (/opt/ros/humble/share/ament_lint_auto/cmake)
-- Added test 'cppcheck' to perform static code analysis on C / C++ code
-- Configured cppcheck include dirs: 
-- Configured cppcheck exclude dirs and/or files: 
-- Added test 'flake8' to check Python code syntax and style conventions
-- Added test 'lint_cmake' to check CMake code style
-- Added test 'pep257' to check Python code against some of the docstring style conventions in PEP 257
-- Added test 'uncrustify' to check C / C++ code style
-- Configured uncrustify additional arguments: 
-- Added test 'xmllint' to check XML markup files
-- Configuring done
-- Generating done
-- Build files have been written to: /home/luka/ros2_diplpro/build/rovc_comm_mqtt
[ 50%] [32mBuilding CXX object CMakeFiles/publisher_node.dir/src/publisher_node.cpp.o[0m
[ 50%] [32mBuilding CXX object CMakeFiles/subscriber_node.dir/src/subscriber_node.cpp.o[0m
[ 50%] [32mBuilding CXX object CMakeFiles/pub_node.dir/src/pub_node.cpp.o[0m
[ 66%] [32m[1mLinking CXX executable subscriber_node[0m
[ 66%] Built target subscriber_node
[ 83%] [32m[1mLinking CXX executable publisher_node[0m
[ 83%] Built target publisher_node
[100%] [32m[1mLinking CXX executable pub_node[0m
[100%] Built target pub_node
-- Install configuration: ""
-- Execute custom install script
-- Symlinking: /home/luka/ros2_diplpro/install/rovc_comm_mqtt/lib/rovc_comm_mqtt/publisher_node
-- Symlinking: /home/luka/ros2_diplpro/install/rovc_comm_mqtt/lib/rovc_comm_mqtt/subscriber_node
-- Symlinking: /home/luka/ros2_diplpro/install/rovc_comm_mqtt/lib/rovc_comm_mqtt/pub_node
-- Symlinking: /home/luka/ros2_diplpro/install/rovc_comm_mqtt/share/rovc_comm_mqtt/launch/mqtt_pub.launch.py
[33mCMake Warning (dev) at ament_cmake_symlink_install/ament_cmake_symlink_install.cmake:62 (file):
  Policy CMP0009 is not set: FILE GLOB_RECURSE calls should not follow
  symlinks by default.  Run "cmake --help-policy CMP0009" for policy details.
  Use the cmake_policy command to set the policy and suppress this warning.
Call Stack (most recent call first):
  ament_cmake_symlink_install/ament_cmake_symlink_install.cmake:317 (ament_cmake_symlink_install_directory)
  cmake_install.cmake:46 (include)
This warning is for project developers.  Use -Wno-dev to suppress it.
[0m
-- Symlinking: /home/luka/ros2_diplpro/install/rovc_comm_mqtt/share/rovc_comm_mqtt/config/build/.built_by
-- Symlinking: /home/luka/ros2_diplpro/install/rovc_comm_mqtt/share/rovc_comm_mqtt/config/build/COLCON_IGNORE
-- Symlinking: /home/luka/ros2_diplpro/install/rovc_comm_mqtt/share/rovc_comm_mqtt/config/install/.colcon_install_layout
-- Symlinking: /home/luka/ros2_diplpro/install/rovc_comm_mqtt/share/rovc_comm_mqtt/config/install/COLCON_IGNORE
-- Symlinking: /home/luka/ros2_diplpro/install/rovc_comm_mqtt/share/rovc_comm_mqtt/config/install/_local_setup_util_ps1.py
-- Symlinking: /home/luka/ros2_diplpro/install/rovc_comm_mqtt/share/rovc_comm_mqtt/config/install/_local_setup_util_sh.py
-- Symlinking: /home/luka/ros2_diplpro/install/rovc_comm_mqtt/share/rovc_comm_mqtt/config/install/local_setup.bash
-- Symlinking: /home/luka/ros2_diplpro/install/rovc_comm_mqtt/share/rovc_comm_mqtt/config/install/local_setup.ps1
-- Symlinking: /home/luka/ros2_diplpro/install/rovc_comm_mqtt/share/rovc_comm_mqtt/config/install/local_setup.sh
-- Symlinking: /home/luka/ros2_diplpro/install/rovc_comm_mqtt/share/rovc_comm_mqtt/config/install/local_setup.zsh
-- Symlinking: /home/luka/ros2_diplpro/install/rovc_comm_mqtt/share/rovc_comm_mqtt/config/install/setup.bash
-- Symlinking: /home/luka/ros2_diplpro/install/rovc_comm_mqtt/share/rovc_comm_mqtt/config/install/setup.ps1
-- Symlinking: /home/luka/ros2_diplpro/install/rovc_comm_mqtt/share/rovc_comm_mqtt/config/install/setup.sh
-- Symlinking: /home/luka/ros2_diplpro/install/rovc_comm_mqtt/share/rovc_comm_mqtt/config/install/setup.zsh
-- Symlinking: /home/luka/ros2_diplpro/install/rovc_comm_mqtt/share/rovc_comm_mqtt/config/log/COLCON_IGNORE
-- Symlinking: /home/luka/ros2_diplpro/install/rovc_comm_mqtt/share/rovc_comm_mqtt/config/log/build_2025-05-20_22-28-42/events.log
-- Symlinking: /home/luka/ros2_diplpro/install/rovc_comm_mqtt/share/rovc_comm_mqtt/config/log/build_2025-05-20_22-28-42/logger_all.log
-- Symlinking: /home/luka/ros2_diplpro/install/rovc_comm_mqtt/share/rovc_comm_mqtt/config/log/latest/events.log
-- Symlinking: /home/luka/ros2_diplpro/install/rovc_comm_mqtt/share/rovc_comm_mqtt/config/log/latest/logger_all.log
-- Symlinking: /home/luka/ros2_diplpro/install/rovc_comm_mqtt/share/rovc_comm_mqtt/config/log/latest_build/events.log
-- Symlinking: /home/luka/ros2_diplpro/install/rovc_comm_mqtt/share/rovc_comm_mqtt/config/log/latest_build/logger_all.log
-- Symlinking: /home/luka/ros2_diplpro/install/rovc_comm_mqtt/share/rovc_comm_mqtt/config/params.yaml
-- Symlinking: /home/luka/ros2_diplpro/install/rovc_comm_mqtt/share/ament_index/resource_index/package_run_dependencies/rovc_comm_mqtt
-- Symlinking: /home/luka/ros2_diplpro/install/rovc_comm_mqtt/share/ament_index/resource_index/parent_prefix_path/rovc_comm_mqtt
-- Symlinking: /home/luka/ros2_diplpro/install/rovc_comm_mqtt/share/rovc_comm_mqtt/environment/ament_prefix_path.sh
-- Symlinking: /home/luka/ros2_diplpro/install/rovc_comm_mqtt/share/rovc_comm_mqtt/environment/ament_prefix_path.dsv
-- Symlinking: /home/luka/ros2_diplpro/install/rovc_comm_mqtt/share/rovc_comm_mqtt/environment/path.sh
-- Symlinking: /home/luka/ros2_diplpro/install/rovc_comm_mqtt/share/rovc_comm_mqtt/environment/path.dsv
-- Symlinking: /home/luka/ros2_diplpro/install/rovc_comm_mqtt/share/rovc_comm_mqtt/local_setup.bash
-- Symlinking: /home/luka/ros2_diplpro/install/rovc_comm_mqtt/share/rovc_comm_mqtt/local_setup.sh
-- Symlinking: /home/luka/ros2_diplpro/install/rovc_comm_mqtt/share/rovc_comm_mqtt/local_setup.zsh
-- Symlinking: /home/luka/ros2_diplpro/install/rovc_comm_mqtt/share/rovc_comm_mqtt/local_setup.dsv
-- Symlinking: /home/luka/ros2_diplpro/install/rovc_comm_mqtt/share/rovc_comm_mqtt/package.dsv
-- Symlinking: /home/luka/ros2_diplpro/install/rovc_comm_mqtt/share/ament_index/resource_index/packages/rovc_comm_mqtt
-- Symlinking: /home/luka/ros2_diplpro/install/rovc_comm_mqtt/share/rovc_comm_mqtt/cmake/rovc_comm_mqttConfig.cmake
-- Symlinking: /home/luka/ros2_diplpro/install/rovc_comm_mqtt/share/rovc_comm_mqtt/cmake/rovc_comm_mqttConfig-version.cmake
-- Symlinking: /home/luka/ros2_diplpro/install/rovc_comm_mqtt/share/rovc_comm_mqtt/package.xml
