[ 83%] [32mBuilding CXX object CMakeFiles/pub_node.dir/src/pub_node.cpp.o[0m
[ 83%] Built target publisher_node
[ 83%] Built target subscriber_node
[100%] [32m[1mLinking CXX executable pub_node[0m
[100%] Built target pub_node
-- Install configuration: ""
-- Execute custom install script
-- Up-to-date symlink: /home/luka/ros2_diplpro/install/rovc_comm_mqtt/lib/rovc_comm_mqtt/publisher_node
-- Up-to-date symlink: /home/luka/ros2_diplpro/install/rovc_comm_mqtt/lib/rovc_comm_mqtt/subscriber_node
-- Up-to-date symlink: /home/luka/ros2_diplpro/install/rovc_comm_mqtt/lib/rovc_comm_mqtt/pub_node
-- Up-to-date symlink: /home/luka/ros2_diplpro/install/rovc_comm_mqtt/share/rovc_comm_mqtt/launch/mqtt_pub.launch.py
[33mCMake Warning (dev) at ament_cmake_symlink_install/ament_cmake_symlink_install.cmake:62 (file):
  Policy CMP0009 is not set: FILE GLOB_RECURSE calls should not follow
  symlinks by default.  Run "cmake --help-policy CMP0009" for policy details.
  Use the cmake_policy command to set the policy and suppress this warning.
Call Stack (most recent call first):
  ament_cmake_symlink_install/ament_cmake_symlink_install.cmake:317 (ament_cmake_symlink_install_directory)
  cmake_install.cmake:46 (include)
This warning is for project developers.  Use -Wno-dev to suppress it.
[0m
-- Up-to-date symlink: /home/luka/ros2_diplpro/install/rovc_comm_mqtt/share/rovc_comm_mqtt/config/build/.built_by
-- Up-to-date symlink: /home/luka/ros2_diplpro/install/rovc_comm_mqtt/share/rovc_comm_mqtt/config/build/COLCON_IGNORE
-- Up-to-date symlink: /home/luka/ros2_diplpro/install/rovc_comm_mqtt/share/rovc_comm_mqtt/config/install/.colcon_install_layout
-- Up-to-date symlink: /home/luka/ros2_diplpro/install/rovc_comm_mqtt/share/rovc_comm_mqtt/config/install/COLCON_IGNORE
-- Up-to-date symlink: /home/luka/ros2_diplpro/install/rovc_comm_mqtt/share/rovc_comm_mqtt/config/install/_local_setup_util_ps1.py
-- Up-to-date symlink: /home/luka/ros2_diplpro/install/rovc_comm_mqtt/share/rovc_comm_mqtt/config/install/_local_setup_util_sh.py
-- Up-to-date symlink: /home/luka/ros2_diplpro/install/rovc_comm_mqtt/share/rovc_comm_mqtt/config/install/local_setup.bash
-- Up-to-date symlink: /home/luka/ros2_diplpro/install/rovc_comm_mqtt/share/rovc_comm_mqtt/config/install/local_setup.ps1
-- Up-to-date symlink: /home/luka/ros2_diplpro/install/rovc_comm_mqtt/share/rovc_comm_mqtt/config/install/local_setup.sh
-- Up-to-date symlink: /home/luka/ros2_diplpro/install/rovc_comm_mqtt/share/rovc_comm_mqtt/config/install/local_setup.zsh
-- Up-to-date symlink: /home/luka/ros2_diplpro/install/rovc_comm_mqtt/share/rovc_comm_mqtt/config/install/setup.bash
-- Up-to-date symlink: /home/luka/ros2_diplpro/install/rovc_comm_mqtt/share/rovc_comm_mqtt/config/install/setup.ps1
-- Up-to-date symlink: /home/luka/ros2_diplpro/install/rovc_comm_mqtt/share/rovc_comm_mqtt/config/install/setup.sh
-- Up-to-date symlink: /home/luka/ros2_diplpro/install/rovc_comm_mqtt/share/rovc_comm_mqtt/config/install/setup.zsh
-- Up-to-date symlink: /home/luka/ros2_diplpro/install/rovc_comm_mqtt/share/rovc_comm_mqtt/config/log/COLCON_IGNORE
-- Up-to-date symlink: /home/luka/ros2_diplpro/install/rovc_comm_mqtt/share/rovc_comm_mqtt/config/log/build_2025-05-20_22-28-42/events.log
-- Up-to-date symlink: /home/luka/ros2_diplpro/install/rovc_comm_mqtt/share/rovc_comm_mqtt/config/log/build_2025-05-20_22-28-42/logger_all.log
-- Up-to-date symlink: /home/luka/ros2_diplpro/install/rovc_comm_mqtt/share/rovc_comm_mqtt/config/log/latest/events.log
-- Up-to-date symlink: /home/luka/ros2_diplpro/install/rovc_comm_mqtt/share/rovc_comm_mqtt/config/log/latest/logger_all.log
-- Up-to-date symlink: /home/luka/ros2_diplpro/install/rovc_comm_mqtt/share/rovc_comm_mqtt/config/log/latest_build/events.log
-- Up-to-date symlink: /home/luka/ros2_diplpro/install/rovc_comm_mqtt/share/rovc_comm_mqtt/config/log/latest_build/logger_all.log
-- Up-to-date symlink: /home/luka/ros2_diplpro/install/rovc_comm_mqtt/share/rovc_comm_mqtt/config/params.yaml
-- Up-to-date symlink: /home/luka/ros2_diplpro/install/rovc_comm_mqtt/share/ament_index/resource_index/package_run_dependencies/rovc_comm_mqtt
-- Up-to-date symlink: /home/luka/ros2_diplpro/install/rovc_comm_mqtt/share/ament_index/resource_index/parent_prefix_path/rovc_comm_mqtt
-- Up-to-date symlink: /home/luka/ros2_diplpro/install/rovc_comm_mqtt/share/rovc_comm_mqtt/environment/ament_prefix_path.sh
-- Up-to-date symlink: /home/luka/ros2_diplpro/install/rovc_comm_mqtt/share/rovc_comm_mqtt/environment/ament_prefix_path.dsv
-- Up-to-date symlink: /home/luka/ros2_diplpro/install/rovc_comm_mqtt/share/rovc_comm_mqtt/environment/path.sh
-- Up-to-date symlink: /home/luka/ros2_diplpro/install/rovc_comm_mqtt/share/rovc_comm_mqtt/environment/path.dsv
-- Up-to-date symlink: /home/luka/ros2_diplpro/install/rovc_comm_mqtt/share/rovc_comm_mqtt/local_setup.bash
-- Up-to-date symlink: /home/luka/ros2_diplpro/install/rovc_comm_mqtt/share/rovc_comm_mqtt/local_setup.sh
-- Up-to-date symlink: /home/luka/ros2_diplpro/install/rovc_comm_mqtt/share/rovc_comm_mqtt/local_setup.zsh
-- Up-to-date symlink: /home/luka/ros2_diplpro/install/rovc_comm_mqtt/share/rovc_comm_mqtt/local_setup.dsv
-- Symlinking: /home/luka/ros2_diplpro/install/rovc_comm_mqtt/share/rovc_comm_mqtt/package.dsv
-- Up-to-date symlink: /home/luka/ros2_diplpro/install/rovc_comm_mqtt/share/ament_index/resource_index/packages/rovc_comm_mqtt
-- Up-to-date symlink: /home/luka/ros2_diplpro/install/rovc_comm_mqtt/share/rovc_comm_mqtt/cmake/rovc_comm_mqttConfig.cmake
-- Up-to-date symlink: /home/luka/ros2_diplpro/install/rovc_comm_mqtt/share/rovc_comm_mqtt/cmake/rovc_comm_mqttConfig-version.cmake
-- Up-to-date symlink: /home/luka/ros2_diplpro/install/rovc_comm_mqtt/share/rovc_comm_mqtt/package.xml
