[0.013s] Invoking command in '/home/luka/ros2_diplpro/build/rovc_comm_mqtt': CMAKE_PREFIX_PATH=${CMAKE_PREFIX_PATH}:/home/luka/ros2_ws/install/teleop_controller:/home/luka/ros2_ws/install/rqt_joint_trajectory_controller:/home/luka/ros2_ws/install/ros2_controllers_test_nodes:/home/luka/ros2_ws/install/marinero_mqtt:/home/luka/ros2_ws/install/marinero_battery:/home/luka/ros2_diplpro/install/sensor_simulator:/opt/ros/humble /usr/bin/cmake --build /home/luka/ros2_diplpro/build/rovc_comm_mqtt -- -j6 -l6
[0.059s] [35m[1mConsolidate compiler generated dependencies of target pub_node[0m
[0.073s] [ 66%] Built target publisher_node
[0.073s] [ 66%] Built target subscriber_node
[0.077s] [ 83%] [32mBuilding CXX object CMakeFiles/pub_node.dir/src/pub_node.cpp.o[0m
[2.206s] In file included from [01m[K/opt/ros/humble/include/rclcpp/rclcpp/node.hpp:1321[m[K,
[2.206s]                  from [01m[K/opt/ros/humble/include/rclcpp/rclcpp/executors/single_threaded_executor.hpp:28[m[K,
[2.206s]                  from [01m[K/opt/ros/humble/include/rclcpp/rclcpp/executors.hpp:22[m[K,
[2.206s]                  from [01m[K/opt/ros/humble/include/rclcpp/rclcpp/rclcpp.hpp:155[m[K,
[2.206s]                  from [01m[K/home/luka/ros2_diplpro/src/rovc_comm_mqtt/src/pub_node.cpp:1[m[K:
[2.206s] /opt/ros/humble/include/rclcpp/rclcpp/node_impl.hpp: In instantiation of ‘[01m[Kauto rclcpp::Node::declare_parameter(const string&, const ParameterT&, const ParameterDescriptor&, bool) [with ParameterT = std::map<std::__cxx11::basic_string<char>, std::__cxx11::basic_string<char> >; std::string = std::__cxx11::basic_string<char>; rcl_interfaces::msg::ParameterDescriptor = rcl_interfaces::msg::ParameterDescriptor_<std::allocator<void> >][m[K’:
[2.206s] [01m[K/home/luka/ros2_diplpro/src/rovc_comm_mqtt/src/pub_node.cpp:44:28:[m[K   required from here
[2.206s] [01m[K/opt/ros/humble/include/rclcpp/rclcpp/node_impl.hpp:204:15:[m[K [01;31m[Kerror: [m[Kno matching function for call to ‘[01m[Krclcpp::ParameterValue::ParameterValue(const std::map<std::__cxx11::basic_string<char>, std::__cxx11::basic_string<char> >&)[m[K’
[2.206s]   204 |       rclcpp::[01;31m[KParameterValue(default_value)[m[K,
[2.206s]       |               [01;31m[K^~~~~~~~~~~~~~~~~~~~~~~~~~~~~[m[K
[2.206s] In file included from [01m[K/opt/ros/humble/include/rclcpp/rclcpp/parameter.hpp:26[m[K,
[2.206s]                  from [01m[K/opt/ros/humble/include/rclcpp/rclcpp/node_interfaces/node_parameters_interface.hpp:28[m[K,
[2.206s]                  from [01m[K/opt/ros/humble/include/rclcpp/rclcpp/node.hpp:54[m[K,
[2.206s]                  from [01m[K/opt/ros/humble/include/rclcpp/rclcpp/executors/single_threaded_executor.hpp:28[m[K,
[2.206s]                  from [01m[K/opt/ros/humble/include/rclcpp/rclcpp/executors.hpp:22[m[K,
[2.206s]                  from [01m[K/opt/ros/humble/include/rclcpp/rclcpp/rclcpp.hpp:155[m[K,
[2.206s]                  from [01m[K/home/luka/ros2_diplpro/src/rovc_comm_mqtt/src/pub_node.cpp:1[m[K:
[2.206s] [01m[K/opt/ros/humble/include/rclcpp/rclcpp/parameter_value.hpp:121:12:[m[K [01;36m[Knote: [m[Kcandidate: ‘[01m[Krclcpp::ParameterValue::ParameterValue(const std::vector<std::__cxx11::basic_string<char> >&)[m[K’
[2.206s]   121 |   explicit [01;36m[KParameterValue[m[K(const std::vector<std::string> & string_array_value);
[2.206s]       |            [01;36m[K^~~~~~~~~~~~~~[m[K
[2.207s] [01m[K/opt/ros/humble/include/rclcpp/rclcpp/parameter_value.hpp:121:60:[m[K [01;36m[Knote: [m[K  no known conversion for argument 1 from ‘[01m[Kconst std::map<std::__cxx11::basic_string<char>, std::__cxx11::basic_string<char> >[m[K’ to ‘[01m[Kconst std::vector<std::__cxx11::basic_string<char> >&[m[K’
[2.207s]   121 |   explicit ParameterValue([01;36m[Kconst std::vector<std::string> & string_array_value[m[K);
[2.207s]       |                           [01;36m[K~~~~~~~~~~~~~~~~~~~~~~~~~~~~~~~~~^~~~~~~~~~~~~~~~~~[m[K
[2.207s] [01m[K/opt/ros/humble/include/rclcpp/rclcpp/parameter_value.hpp:118:12:[m[K [01;36m[Knote: [m[Kcandidate: ‘[01m[Krclcpp::ParameterValue::ParameterValue(const std::vector<double, std::allocator<double> >&)[m[K’
[2.207s]   118 |   explicit [01;36m[KParameterValue[m[K(const std::vector<double> & double_array_value);
[2.207s]       |            [01;36m[K^~~~~~~~~~~~~~[m[K
[2.207s] [01m[K/opt/ros/humble/include/rclcpp/rclcpp/parameter_value.hpp:118:55:[m[K [01;36m[Knote: [m[K  no known conversion for argument 1 from ‘[01m[Kconst std::map<std::__cxx11::basic_string<char>, std::__cxx11::basic_string<char> >[m[K’ to ‘[01m[Kconst std::vector<double, std::allocator<double> >&[m[K’
[2.207s]   118 |   explicit ParameterValue([01;36m[Kconst std::vector<double> & double_array_value[m[K);
[2.207s]       |                           [01;36m[K~~~~~~~~~~~~~~~~~~~~~~~~~~~~^~~~~~~~~~~~~~~~~~[m[K
[2.207s] [01m[K/opt/ros/humble/include/rclcpp/rclcpp/parameter_value.hpp:115:12:[m[K [01;36m[Knote: [m[Kcandidate: ‘[01m[Krclcpp::ParameterValue::ParameterValue(const std::vector<float>&)[m[K’
[2.207s]   115 |   explicit [01;36m[KParameterValue[m[K(const std::vector<float> & double_array_value);
[2.207s]       |            [01;36m[K^~~~~~~~~~~~~~[m[K
[2.207s] [01m[K/opt/ros/humble/include/rclcpp/rclcpp/parameter_value.hpp:115:54:[m[K [01;36m[Knote: [m[K  no known conversion for argument 1 from ‘[01m[Kconst std::map<std::__cxx11::basic_string<char>, std::__cxx11::basic_string<char> >[m[K’ to ‘[01m[Kconst std::vector<float>&[m[K’
[2.207s]   115 |   explicit ParameterValue([01;36m[Kconst std::vector<float> & double_array_value[m[K);
[2.207s]       |                           [01;36m[K~~~~~~~~~~~~~~~~~~~~~~~~~~~^~~~~~~~~~~~~~~~~~[m[K
[2.207s] [01m[K/opt/ros/humble/include/rclcpp/rclcpp/parameter_value.hpp:112:12:[m[K [01;36m[Knote: [m[Kcandidate: ‘[01m[Krclcpp::ParameterValue::ParameterValue(const std::vector<long int, std::allocator<long int> >&)[m[K’
[2.207s]   112 |   explicit [01;36m[KParameterValue[m[K(const std::vector<int64_t> & int_array_value);
[2.207s]       |            [01;36m[K^~~~~~~~~~~~~~[m[K
[2.207s] [01m[K/opt/ros/humble/include/rclcpp/rclcpp/parameter_value.hpp:112:56:[m[K [01;36m[Knote: [m[K  no known conversion for argument 1 from ‘[01m[Kconst std::map<std::__cxx11::basic_string<char>, std::__cxx11::basic_string<char> >[m[K’ to ‘[01m[Kconst std::vector<long int, std::allocator<long int> >&[m[K’
[2.207s]   112 |   explicit ParameterValue([01;36m[Kconst std::vector<int64_t> & int_array_value[m[K);
[2.207s]       |                           [01;36m[K~~~~~~~~~~~~~~~~~~~~~~~~~~~~~^~~~~~~~~~~~~~~[m[K
[2.208s] [01m[K/opt/ros/humble/include/rclcpp/rclcpp/parameter_value.hpp:109:12:[m[K [01;36m[Knote: [m[Kcandidate: ‘[01m[Krclcpp::ParameterValue::ParameterValue(const std::vector<int>&)[m[K’
[2.208s]   109 |   explicit [01;36m[KParameterValue[m[K(const std::vector<int> & int_array_value);
[2.208s]       |            [01;36m[K^~~~~~~~~~~~~~[m[K
[2.208s] [01m[K/opt/ros/humble/include/rclcpp/rclcpp/parameter_value.hpp:109:52:[m[K [01;36m[Knote: [m[K  no known conversion for argument 1 from ‘[01m[Kconst std::map<std::__cxx11::basic_string<char>, std::__cxx11::basic_string<char> >[m[K’ to ‘[01m[Kconst std::vector<int>&[m[K’
[2.208s]   109 |   explicit ParameterValue([01;36m[Kconst std::vector<int> & int_array_value[m[K);
[2.208s]       |                           [01;36m[K~~~~~~~~~~~~~~~~~~~~~~~~~^~~~~~~~~~~~~~~[m[K
[2.208s] [01m[K/opt/ros/humble/include/rclcpp/rclcpp/parameter_value.hpp:106:12:[m[K [01;36m[Knote: [m[Kcandidate: ‘[01m[Krclcpp::ParameterValue::ParameterValue(const std::vector<bool, std::allocator<bool> >&)[m[K’
[2.208s]   106 |   explicit [01;36m[KParameterValue[m[K(const std::vector<bool> & bool_array_value);
[2.208s]       |            [01;36m[K^~~~~~~~~~~~~~[m[K
[2.208s] [01m[K/opt/ros/humble/include/rclcpp/rclcpp/parameter_value.hpp:106:53:[m[K [01;36m[Knote: [m[K  no known conversion for argument 1 from ‘[01m[Kconst std::map<std::__cxx11::basic_string<char>, std::__cxx11::basic_string<char> >[m[K’ to ‘[01m[Kconst std::vector<bool, std::allocator<bool> >&[m[K’
[2.208s]   106 |   explicit ParameterValue([01;36m[Kconst std::vector<bool> & bool_array_value[m[K);
[2.208s]       |                           [01;36m[K~~~~~~~~~~~~~~~~~~~~~~~~~~^~~~~~~~~~~~~~~~[m[K
[2.208s] [01m[K/opt/ros/humble/include/rclcpp/rclcpp/parameter_value.hpp:103:12:[m[K [01;36m[Knote: [m[Kcandidate: ‘[01m[Krclcpp::ParameterValue::ParameterValue(const std::vector<unsigned char, std::allocator<unsigned char> >&)[m[K’
[2.208s]   103 |   explicit [01;36m[KParameterValue[m[K(const std::vector<uint8_t> & byte_array_value);
[2.208s]       |            [01;36m[K^~~~~~~~~~~~~~[m[K
[2.208s] [01m[K/opt/ros/humble/include/rclcpp/rclcpp/parameter_value.hpp:103:56:[m[K [01;36m[Knote: [m[K  no known conversion for argument 1 from ‘[01m[Kconst std::map<std::__cxx11::basic_string<char>, std::__cxx11::basic_string<char> >[m[K’ to ‘[01m[Kconst std::vector<unsigned char, std::allocator<unsigned char> >&[m[K’
[2.208s]   103 |   explicit ParameterValue([01;36m[Kconst std::vector<uint8_t> & byte_array_value[m[K);
[2.208s]       |                           [01;36m[K~~~~~~~~~~~~~~~~~~~~~~~~~~~~~^~~~~~~~~~~~~~~~[m[K
[2.208s] [01m[K/opt/ros/humble/include/rclcpp/rclcpp/parameter_value.hpp:100:12:[m[K [01;36m[Knote: [m[Kcandidate: ‘[01m[Krclcpp::ParameterValue::ParameterValue(const char*)[m[K’
[2.208s]   100 |   explicit [01;36m[KParameterValue[m[K(const char * string_value);
[2.208s]       |            [01;36m[K^~~~~~~~~~~~~~[m[K
[2.208s] [01m[K/opt/ros/humble/include/rclcpp/rclcpp/parameter_value.hpp:100:40:[m[K [01;36m[Knote: [m[K  no known conversion for argument 1 from ‘[01m[Kconst std::map<std::__cxx11::basic_string<char>, std::__cxx11::basic_string<char> >[m[K’ to ‘[01m[Kconst char*[m[K’
[2.209s]   100 |   explicit ParameterValue([01;36m[Kconst char * string_value[m[K);
[2.209s]       |                           [01;36m[K~~~~~~~~~~~~~^~~~~~~~~~~~[m[K
[2.209s] [01m[K/opt/ros/humble/include/rclcpp/rclcpp/parameter_value.hpp:97:12:[m[K [01;36m[Knote: [m[Kcandidate: ‘[01m[Krclcpp::ParameterValue::ParameterValue(const string&)[m[K’
[2.209s]    97 |   explicit [01;36m[KParameterValue[m[K(const std::string & string_value);
[2.209s]       |            [01;36m[K^~~~~~~~~~~~~~[m[K
[2.209s] [01m[K/opt/ros/humble/include/rclcpp/rclcpp/parameter_value.hpp:97:47:[m[K [01;36m[Knote: [m[K  no known conversion for argument 1 from ‘[01m[Kconst std::map<std::__cxx11::basic_string<char>, std::__cxx11::basic_string<char> >[m[K’ to ‘[01m[Kconst string&[m[K’ {aka ‘[01m[Kconst std::__cxx11::basic_string<char>&[m[K’}
[2.209s]    97 |   explicit ParameterValue([01;36m[Kconst std::string & string_value[m[K);
[2.209s]       |                           [01;36m[K~~~~~~~~~~~~~~~~~~~~^~~~~~~~~~~~[m[K
[2.209s] [01m[K/opt/ros/humble/include/rclcpp/rclcpp/parameter_value.hpp:94:12:[m[K [01;36m[Knote: [m[Kcandidate: ‘[01m[Krclcpp::ParameterValue::ParameterValue(double)[m[K’
[2.209s]    94 |   explicit [01;36m[KParameterValue[m[K(const double double_value);
[2.209s]       |            [01;36m[K^~~~~~~~~~~~~~[m[K
[2.209s] [01m[K/opt/ros/humble/include/rclcpp/rclcpp/parameter_value.hpp:94:40:[m[K [01;36m[Knote: [m[K  no known conversion for argument 1 from ‘[01m[Kconst std::map<std::__cxx11::basic_string<char>, std::__cxx11::basic_string<char> >[m[K’ to ‘[01m[Kdouble[m[K’
[2.209s]    94 |   explicit ParameterValue([01;36m[Kconst double double_value[m[K);
[2.209s]       |                           [01;36m[K~~~~~~~~~~~~~^~~~~~~~~~~~[m[K
[2.209s] [01m[K/opt/ros/humble/include/rclcpp/rclcpp/parameter_value.hpp:91:12:[m[K [01;36m[Knote: [m[Kcandidate: ‘[01m[Krclcpp::ParameterValue::ParameterValue(float)[m[K’
[2.209s]    91 |   explicit [01;36m[KParameterValue[m[K(const float double_value);
[2.209s]       |            [01;36m[K^~~~~~~~~~~~~~[m[K
[2.209s] [01m[K/opt/ros/humble/include/rclcpp/rclcpp/parameter_value.hpp:91:39:[m[K [01;36m[Knote: [m[K  no known conversion for argument 1 from ‘[01m[Kconst std::map<std::__cxx11::basic_string<char>, std::__cxx11::basic_string<char> >[m[K’ to ‘[01m[Kfloat[m[K’
[2.209s]    91 |   explicit ParameterValue([01;36m[Kconst float double_value[m[K);
[2.209s]       |                           [01;36m[K~~~~~~~~~~~~^~~~~~~~~~~~[m[K
[2.209s] [01m[K/opt/ros/humble/include/rclcpp/rclcpp/parameter_value.hpp:88:12:[m[K [01;36m[Knote: [m[Kcandidate: ‘[01m[Krclcpp::ParameterValue::ParameterValue(int64_t)[m[K’
[2.210s]    88 |   explicit [01;36m[KParameterValue[m[K(const int64_t int_value);
[2.210s]       |            [01;36m[K^~~~~~~~~~~~~~[m[K
[2.210s] [01m[K/opt/ros/humble/include/rclcpp/rclcpp/parameter_value.hpp:88:41:[m[K [01;36m[Knote: [m[K  no known conversion for argument 1 from ‘[01m[Kconst std::map<std::__cxx11::basic_string<char>, std::__cxx11::basic_string<char> >[m[K’ to ‘[01m[Kint64_t[m[K’ {aka ‘[01m[Klong int[m[K’}
[2.210s]    88 |   explicit ParameterValue([01;36m[Kconst int64_t int_value[m[K);
[2.210s]       |                           [01;36m[K~~~~~~~~~~~~~~^~~~~~~~~[m[K
[2.210s] [01m[K/opt/ros/humble/include/rclcpp/rclcpp/parameter_value.hpp:85:12:[m[K [01;36m[Knote: [m[Kcandidate: ‘[01m[Krclcpp::ParameterValue::ParameterValue(int)[m[K’
[2.210s]    85 |   explicit [01;36m[KParameterValue[m[K(const int int_value);
[2.210s]       |            [01;36m[K^~~~~~~~~~~~~~[m[K
[2.210s] [01m[K/opt/ros/humble/include/rclcpp/rclcpp/parameter_value.hpp:85:37:[m[K [01;36m[Knote: [m[K  no known conversion for argument 1 from ‘[01m[Kconst std::map<std::__cxx11::basic_string<char>, std::__cxx11::basic_string<char> >[m[K’ to ‘[01m[Kint[m[K’
[2.210s]    85 |   explicit ParameterValue([01;36m[Kconst int int_value[m[K);
[2.210s]       |                           [01;36m[K~~~~~~~~~~^~~~~~~~~[m[K
[2.210s] [01m[K/opt/ros/humble/include/rclcpp/rclcpp/parameter_value.hpp:82:12:[m[K [01;36m[Knote: [m[Kcandidate: ‘[01m[Krclcpp::ParameterValue::ParameterValue(bool)[m[K’
[2.210s]    82 |   explicit [01;36m[KParameterValue[m[K(const bool bool_value);
[2.210s]       |            [01;36m[K^~~~~~~~~~~~~~[m[K
[2.210s] [01m[K/opt/ros/humble/include/rclcpp/rclcpp/parameter_value.hpp:82:38:[m[K [01;36m[Knote: [m[K  no known conversion for argument 1 from ‘[01m[Kconst std::map<std::__cxx11::basic_string<char>, std::__cxx11::basic_string<char> >[m[K’ to ‘[01m[Kbool[m[K’
[2.210s]    82 |   explicit ParameterValue([01;36m[Kconst bool bool_value[m[K);
[2.210s]       |                           [01;36m[K~~~~~~~~~~~^~~~~~~~~~[m[K
[2.210s] [01m[K/opt/ros/humble/include/rclcpp/rclcpp/parameter_value.hpp:79:12:[m[K [01;36m[Knote: [m[Kcandidate: ‘[01m[Krclcpp::ParameterValue::ParameterValue(const ParameterValue&)[m[K’
[2.210s]    79 |   explicit [01;36m[KParameterValue[m[K(const rcl_interfaces::msg::ParameterValue & value);
[2.210s]       |            [01;36m[K^~~~~~~~~~~~~~[m[K
[2.210s] [01m[K/opt/ros/humble/include/rclcpp/rclcpp/parameter_value.hpp:79:71:[m[K [01;36m[Knote: [m[K  no known conversion for argument 1 from ‘[01m[Kconst std::map<std::__cxx11::basic_string<char>, std::__cxx11::basic_string<char> >[m[K’ to ‘[01m[Kconst ParameterValue&[m[K’ {aka ‘[01m[Kconst rcl_interfaces::msg::ParameterValue_<std::allocator<void> >&[m[K’}
[2.210s]    79 |   explicit ParameterValue([01;36m[Kconst rcl_interfaces::msg::ParameterValue & value[m[K);
[2.211s]       |                           [01;36m[K~~~~~~~~~~~~~~~~~~~~~~~~~~~~~~~~~~~~~~~~~~~~^~~~~[m[K
[2.211s] [01m[K/opt/ros/humble/include/rclcpp/rclcpp/parameter_value.hpp:76:3:[m[K [01;36m[Knote: [m[Kcandidate: ‘[01m[Krclcpp::ParameterValue::ParameterValue()[m[K’
[2.211s]    76 |   [01;36m[KParameterValue[m[K();
[2.211s]       |   [01;36m[K^~~~~~~~~~~~~~[m[K
[2.211s] [01m[K/opt/ros/humble/include/rclcpp/rclcpp/parameter_value.hpp:76:3:[m[K [01;36m[Knote: [m[K  candidate expects 0 arguments, 1 provided
[2.211s] [01m[K/opt/ros/humble/include/rclcpp/rclcpp/parameter_value.hpp:71:7:[m[K [01;36m[Knote: [m[Kcandidate: ‘[01m[Krclcpp::ParameterValue::ParameterValue(const rclcpp::ParameterValue&)[m[K’
[2.211s]    71 | class [01;36m[KParameterValue[m[K
[2.211s]       |       [01;36m[K^~~~~~~~~~~~~~[m[K
[2.211s] [01m[K/opt/ros/humble/include/rclcpp/rclcpp/parameter_value.hpp:71:7:[m[K [01;36m[Knote: [m[K  no known conversion for argument 1 from ‘[01m[Kconst std::map<std::__cxx11::basic_string<char>, std::__cxx11::basic_string<char> >[m[K’ to ‘[01m[Kconst rclcpp::ParameterValue&[m[K’
[2.211s] [01m[K/opt/ros/humble/include/rclcpp/rclcpp/parameter_value.hpp:71:7:[m[K [01;36m[Knote: [m[Kcandidate: ‘[01m[Krclcpp::ParameterValue::ParameterValue(rclcpp::ParameterValue&&)[m[K’
[2.211s] [01m[K/opt/ros/humble/include/rclcpp/rclcpp/parameter_value.hpp:71:7:[m[K [01;36m[Knote: [m[K  no known conversion for argument 1 from ‘[01m[Kconst std::map<std::__cxx11::basic_string<char>, std::__cxx11::basic_string<char> >[m[K’ to ‘[01m[Krclcpp::ParameterValue&&[m[K’
[2.578s] In file included from [01m[K/opt/ros/humble/include/rclcpp/rclcpp/node_interfaces/node_parameters_interface.hpp:28[m[K,
[2.578s]                  from [01m[K/opt/ros/humble/include/rclcpp/rclcpp/node.hpp:54[m[K,
[2.579s]                  from [01m[K/opt/ros/humble/include/rclcpp/rclcpp/executors/single_threaded_executor.hpp:28[m[K,
[2.579s]                  from [01m[K/opt/ros/humble/include/rclcpp/rclcpp/executors.hpp:22[m[K,
[2.579s]                  from [01m[K/opt/ros/humble/include/rclcpp/rclcpp/rclcpp.hpp:155[m[K,
[2.579s]                  from [01m[K/home/luka/ros2_diplpro/src/rovc_comm_mqtt/src/pub_node.cpp:1[m[K:
[2.579s] /opt/ros/humble/include/rclcpp/rclcpp/parameter.hpp: In instantiation of ‘[01m[Kauto rclcpp::detail::get_value_helper(const rclcpp::Parameter*) [with T = std::map<std::__cxx11::basic_string<char>, std::__cxx11::basic_string<char> >][m[K’:
[2.579s] [01m[K/opt/ros/humble/include/rclcpp/rclcpp/parameter.hpp:274:39:[m[K   required from ‘[01m[Kdecltype(auto) rclcpp::Parameter::get_value() const [with T = std::map<std::__cxx11::basic_string<char>, std::__cxx11::basic_string<char> >][m[K’
[2.579s] [01m[K/opt/ros/humble/include/rclcpp/rclcpp/node_impl.hpp:294:80:[m[K   required from ‘[01m[Kbool rclcpp::Node::get_parameter(const string&, ParameterT&) const [with ParameterT = std::map<std::__cxx11::basic_string<char>, std::__cxx11::basic_string<char> >; std::string = std::__cxx11::basic_string<char>][m[K’
[2.579s] [01m[K/home/luka/ros2_diplpro/src/rovc_comm_mqtt/src/pub_node.cpp:45:24:[m[K   required from ‘[01m[Kvoid MqttBridgeNode::declare_and_subscribe(const string&, std::vector<std::shared_ptr<rclcpp::SubscriptionBase> >&) [with MsgType = std_msgs::msg::Float64_<std::allocator<void> >; std::string = std::__cxx11::basic_string<char>][m[K’
[2.579s] [01m[K/home/luka/ros2_diplpro/src/rovc_comm_mqtt/src/pub_node.cpp:26:50:[m[K   required from here
[2.579s] [01m[K/opt/ros/humble/include/rclcpp/rclcpp/parameter.hpp:239:49:[m[K [01;31m[Kerror: [m[Kno matching function for call to ‘[01m[Krclcpp::ParameterValue::get<std::map<std::__cxx11::basic_string<char, std::char_traits<char>, std::allocator<char> >, std::__cxx11::basic_string<char, std::char_traits<char>, std::allocator<char> >, std::less<std::__cxx11::basic_string<char, std::char_traits<char>, std::allocator<char> > >, std::allocator<std::pair<const std::__cxx11::basic_string<char, std::char_traits<char>, std::allocator<char> >, std::__cxx11::basic_string<char, std::char_traits<char>, std::allocator<char> > > > > >() const[m[K’
[2.579s]   239 |   return [01;31m[Kparameter->get_parameter_value().get<T>()[m[K;
[2.580s]       |          [01;31m[K~~~~~~~~~~~~~~~~~~~~~~~~~~~~~~~~~~~~~~~^~[m[K
[2.580s] In file included from [01m[K/opt/ros/humble/include/rclcpp/rclcpp/parameter.hpp:26[m[K,
[2.580s]                  from [01m[K/opt/ros/humble/include/rclcpp/rclcpp/node_interfaces/node_parameters_interface.hpp:28[m[K,
[2.580s]                  from [01m[K/opt/ros/humble/include/rclcpp/rclcpp/node.hpp:54[m[K,
[2.580s]                  from [01m[K/opt/ros/humble/include/rclcpp/rclcpp/executors/single_threaded_executor.hpp:28[m[K,
[2.580s]                  from [01m[K/opt/ros/humble/include/rclcpp/rclcpp/executors.hpp:22[m[K,
[2.580s]                  from [01m[K/opt/ros/humble/include/rclcpp/rclcpp/rclcpp.hpp:155[m[K,
[2.580s]                  from [01m[K/home/luka/ros2_diplpro/src/rovc_comm_mqtt/src/pub_node.cpp:1[m[K:
[2.580s] [01m[K/opt/ros/humble/include/rclcpp/rclcpp/parameter_value.hpp:148:3:[m[K [01;36m[Knote: [m[Kcandidate: ‘[01m[Ktemplate<rclcpp::ParameterType type> constexpr typename std::enable_if<(type == rclcpp::PARAMETER_BOOL), const bool&>::type rclcpp::ParameterValue::get() const[m[K’
[2.580s]   148 |   [01;36m[Kget[m[K() const
[2.580s]       |   [01;36m[K^~~[m[K
[2.580s] [01m[K/opt/ros/humble/include/rclcpp/rclcpp/parameter_value.hpp:148:3:[m[K [01;36m[Knote: [m[K  template argument deduction/substitution failed:
[2.580s] In file included from [01m[K/opt/ros/humble/include/rclcpp/rclcpp/node_interfaces/node_parameters_interface.hpp:28[m[K,
[2.580s]                  from [01m[K/opt/ros/humble/include/rclcpp/rclcpp/node.hpp:54[m[K,
[2.581s]                  from [01m[K/opt/ros/humble/include/rclcpp/rclcpp/executors/single_threaded_executor.hpp:28[m[K,
[2.581s]                  from [01m[K/opt/ros/humble/include/rclcpp/rclcpp/executors.hpp:22[m[K,
[2.581s]                  from [01m[K/opt/ros/humble/include/rclcpp/rclcpp/rclcpp.hpp:155[m[K,
[2.581s]                  from [01m[K/home/luka/ros2_diplpro/src/rovc_comm_mqtt/src/pub_node.cpp:1[m[K:
[2.581s] [01m[K/opt/ros/humble/include/rclcpp/rclcpp/parameter.hpp:239:49:[m[K [01;31m[Kerror: [m[Ktype/value mismatch at argument 1 in template parameter list for ‘[01m[Ktemplate<rclcpp::ParameterType type> constexpr typename std::enable_if<(type == rclcpp::PARAMETER_BOOL), const bool&>::type rclcpp::ParameterValue::get() const[m[K’
[2.581s]   239 |   return [01;31m[Kparameter->get_parameter_value().get<T>()[m[K;
[2.581s]       |          [01;31m[K~~~~~~~~~~~~~~~~~~~~~~~~~~~~~~~~~~~~~~~^~[m[K
[2.581s] [01m[K/opt/ros/humble/include/rclcpp/rclcpp/parameter.hpp:239:49:[m[K [01;36m[Knote: [m[K  expected a constant of type ‘[01m[Krclcpp::ParameterType[m[K’, got ‘[01m[Kstd::map<std::__cxx11::basic_string<char>, std::__cxx11::basic_string<char> >[m[K’
[2.581s] In file included from [01m[K/opt/ros/humble/include/rclcpp/rclcpp/parameter.hpp:26[m[K,
[2.581s]                  from [01m[K/opt/ros/humble/include/rclcpp/rclcpp/node_interfaces/node_parameters_interface.hpp:28[m[K,
[2.581s]                  from [01m[K/opt/ros/humble/include/rclcpp/rclcpp/node.hpp:54[m[K,
[2.581s]                  from [01m[K/opt/ros/humble/include/rclcpp/rclcpp/executors/single_threaded_executor.hpp:28[m[K,
[2.581s]                  from [01m[K/opt/ros/humble/include/rclcpp/rclcpp/executors.hpp:22[m[K,
[2.581s]                  from [01m[K/opt/ros/humble/include/rclcpp/rclcpp/rclcpp.hpp:155[m[K,
[2.581s]                  from [01m[K/home/luka/ros2_diplpro/src/rovc_comm_mqtt/src/pub_node.cpp:1[m[K:
[2.581s] [01m[K/opt/ros/humble/include/rclcpp/rclcpp/parameter_value.hpp:159:3:[m[K [01;36m[Knote: [m[Kcandidate: ‘[01m[Ktemplate<rclcpp::ParameterType type> constexpr typename std::enable_if<(type == rclcpp::PARAMETER_INTEGER), const long int&>::type rclcpp::ParameterValue::get() const[m[K’
[2.581s]   159 |   [01;36m[Kget[m[K() const
[2.581s]       |   [01;36m[K^~~[m[K
[2.582s] [01m[K/opt/ros/humble/include/rclcpp/rclcpp/parameter_value.hpp:159:3:[m[K [01;36m[Knote: [m[K  template argument deduction/substitution failed:
[2.582s] In file included from [01m[K/opt/ros/humble/include/rclcpp/rclcpp/node_interfaces/node_parameters_interface.hpp:28[m[K,
[2.582s]                  from [01m[K/opt/ros/humble/include/rclcpp/rclcpp/node.hpp:54[m[K,
[2.582s]                  from [01m[K/opt/ros/humble/include/rclcpp/rclcpp/executors/single_threaded_executor.hpp:28[m[K,
[2.582s]                  from [01m[K/opt/ros/humble/include/rclcpp/rclcpp/executors.hpp:22[m[K,
[2.582s]                  from [01m[K/opt/ros/humble/include/rclcpp/rclcpp/rclcpp.hpp:155[m[K,
[2.582s]                  from [01m[K/home/luka/ros2_diplpro/src/rovc_comm_mqtt/src/pub_node.cpp:1[m[K:
[2.582s] [01m[K/opt/ros/humble/include/rclcpp/rclcpp/parameter.hpp:239:49:[m[K [01;31m[Kerror: [m[Ktype/value mismatch at argument 1 in template parameter list for ‘[01m[Ktemplate<rclcpp::ParameterType type> constexpr typename std::enable_if<(type == rclcpp::PARAMETER_INTEGER), const long int&>::type rclcpp::ParameterValue::get() const[m[K’
[2.582s]   239 |   return [01;31m[Kparameter->get_parameter_value().get<T>()[m[K;
[2.582s]       |          [01;31m[K~~~~~~~~~~~~~~~~~~~~~~~~~~~~~~~~~~~~~~~^~[m[K
[2.582s] [01m[K/opt/ros/humble/include/rclcpp/rclcpp/parameter.hpp:239:49:[m[K [01;36m[Knote: [m[K  expected a constant of type ‘[01m[Krclcpp::ParameterType[m[K’, got ‘[01m[Kstd::map<std::__cxx11::basic_string<char>, std::__cxx11::basic_string<char> >[m[K’
[2.582s] In file included from [01m[K/opt/ros/humble/include/rclcpp/rclcpp/parameter.hpp:26[m[K,
[2.582s]                  from [01m[K/opt/ros/humble/include/rclcpp/rclcpp/node_interfaces/node_parameters_interface.hpp:28[m[K,
[2.582s]                  from [01m[K/opt/ros/humble/include/rclcpp/rclcpp/node.hpp:54[m[K,
[2.582s]                  from [01m[K/opt/ros/humble/include/rclcpp/rclcpp/executors/single_threaded_executor.hpp:28[m[K,
[2.582s]                  from [01m[K/opt/ros/humble/include/rclcpp/rclcpp/executors.hpp:22[m[K,
[2.582s]                  from [01m[K/opt/ros/humble/include/rclcpp/rclcpp/rclcpp.hpp:155[m[K,
[2.582s]                  from [01m[K/home/luka/ros2_diplpro/src/rovc_comm_mqtt/src/pub_node.cpp:1[m[K:
[2.582s] [01m[K/opt/ros/humble/include/rclcpp/rclcpp/parameter_value.hpp:170:3:[m[K [01;36m[Knote: [m[Kcandidate: ‘[01m[Ktemplate<rclcpp::ParameterType type> constexpr typename std::enable_if<(type == rclcpp::PARAMETER_DOUBLE), const double&>::type rclcpp::ParameterValue::get() const[m[K’
[2.582s]   170 |   [01;36m[Kget[m[K() const
[2.583s]       |   [01;36m[K^~~[m[K
[2.583s] [01m[K/opt/ros/humble/include/rclcpp/rclcpp/parameter_value.hpp:170:3:[m[K [01;36m[Knote: [m[K  template argument deduction/substitution failed:
[2.583s] In file included from [01m[K/opt/ros/humble/include/rclcpp/rclcpp/node_interfaces/node_parameters_interface.hpp:28[m[K,
[2.583s]                  from [01m[K/opt/ros/humble/include/rclcpp/rclcpp/node.hpp:54[m[K,
[2.583s]                  from [01m[K/opt/ros/humble/include/rclcpp/rclcpp/executors/single_threaded_executor.hpp:28[m[K,
[2.583s]                  from [01m[K/opt/ros/humble/include/rclcpp/rclcpp/executors.hpp:22[m[K,
[2.583s]                  from [01m[K/opt/ros/humble/include/rclcpp/rclcpp/rclcpp.hpp:155[m[K,
[2.583s]                  from [01m[K/home/luka/ros2_diplpro/src/rovc_comm_mqtt/src/pub_node.cpp:1[m[K:
[2.583s] [01m[K/opt/ros/humble/include/rclcpp/rclcpp/parameter.hpp:239:49:[m[K [01;31m[Kerror: [m[Ktype/value mismatch at argument 1 in template parameter list for ‘[01m[Ktemplate<rclcpp::ParameterType type> constexpr typename std::enable_if<(type == rclcpp::PARAMETER_DOUBLE), const double&>::type rclcpp::ParameterValue::get() const[m[K’
[2.583s]   239 |   return [01;31m[Kparameter->get_parameter_value().get<T>()[m[K;
[2.583s]       |          [01;31m[K~~~~~~~~~~~~~~~~~~~~~~~~~~~~~~~~~~~~~~~^~[m[K
[2.583s] [01m[K/opt/ros/humble/include/rclcpp/rclcpp/parameter.hpp:239:49:[m[K [01;36m[Knote: [m[K  expected a constant of type ‘[01m[Krclcpp::ParameterType[m[K’, got ‘[01m[Kstd::map<std::__cxx11::basic_string<char>, std::__cxx11::basic_string<char> >[m[K’
[2.583s] In file included from [01m[K/opt/ros/humble/include/rclcpp/rclcpp/parameter.hpp:26[m[K,
[2.583s]                  from [01m[K/opt/ros/humble/include/rclcpp/rclcpp/node_interfaces/node_parameters_interface.hpp:28[m[K,
[2.583s]                  from [01m[K/opt/ros/humble/include/rclcpp/rclcpp/node.hpp:54[m[K,
[2.583s]                  from [01m[K/opt/ros/humble/include/rclcpp/rclcpp/executors/single_threaded_executor.hpp:28[m[K,
[2.583s]                  from [01m[K/opt/ros/humble/include/rclcpp/rclcpp/executors.hpp:22[m[K,
[2.583s]                  from [01m[K/opt/ros/humble/include/rclcpp/rclcpp/rclcpp.hpp:155[m[K,
[2.583s]                  from [01m[K/home/luka/ros2_diplpro/src/rovc_comm_mqtt/src/pub_node.cpp:1[m[K:
[2.583s] [01m[K/opt/ros/humble/include/rclcpp/rclcpp/parameter_value.hpp:181:3:[m[K [01;36m[Knote: [m[Kcandidate: ‘[01m[Ktemplate<rclcpp::ParameterType type> constexpr typename std::enable_if<(type == rclcpp::PARAMETER_STRING), const std::__cxx11::basic_string<char>&>::type rclcpp::ParameterValue::get() const[m[K’
[2.583s]   181 |   [01;36m[Kget[m[K() const
[2.584s]       |   [01;36m[K^~~[m[K
[2.584s] [01m[K/opt/ros/humble/include/rclcpp/rclcpp/parameter_value.hpp:181:3:[m[K [01;36m[Knote: [m[K  template argument deduction/substitution failed:
[2.584s] In file included from [01m[K/opt/ros/humble/include/rclcpp/rclcpp/node_interfaces/node_parameters_interface.hpp:28[m[K,
[2.584s]                  from [01m[K/opt/ros/humble/include/rclcpp/rclcpp/node.hpp:54[m[K,
[2.584s]                  from [01m[K/opt/ros/humble/include/rclcpp/rclcpp/executors/single_threaded_executor.hpp:28[m[K,
[2.584s]                  from [01m[K/opt/ros/humble/include/rclcpp/rclcpp/executors.hpp:22[m[K,
[2.584s]                  from [01m[K/opt/ros/humble/include/rclcpp/rclcpp/rclcpp.hpp:155[m[K,
[2.584s]                  from [01m[K/home/luka/ros2_diplpro/src/rovc_comm_mqtt/src/pub_node.cpp:1[m[K:
[2.584s] [01m[K/opt/ros/humble/include/rclcpp/rclcpp/parameter.hpp:239:49:[m[K [01;31m[Kerror: [m[Ktype/value mismatch at argument 1 in template parameter list for ‘[01m[Ktemplate<rclcpp::ParameterType type> constexpr typename std::enable_if<(type == rclcpp::PARAMETER_STRING), const std::__cxx11::basic_string<char>&>::type rclcpp::ParameterValue::get() const[m[K’
[2.584s]   239 |   return [01;31m[Kparameter->get_parameter_value().get<T>()[m[K;
[2.584s]       |          [01;31m[K~~~~~~~~~~~~~~~~~~~~~~~~~~~~~~~~~~~~~~~^~[m[K
[2.584s] [01m[K/opt/ros/humble/include/rclcpp/rclcpp/parameter.hpp:239:49:[m[K [01;36m[Knote: [m[K  expected a constant of type ‘[01m[Krclcpp::ParameterType[m[K’, got ‘[01m[Kstd::map<std::__cxx11::basic_string<char>, std::__cxx11::basic_string<char> >[m[K’
[2.584s] In file included from [01m[K/opt/ros/humble/include/rclcpp/rclcpp/parameter.hpp:26[m[K,
[2.584s]                  from [01m[K/opt/ros/humble/include/rclcpp/rclcpp/node_interfaces/node_parameters_interface.hpp:28[m[K,
[2.584s]                  from [01m[K/opt/ros/humble/include/rclcpp/rclcpp/node.hpp:54[m[K,
[2.584s]                  from [01m[K/opt/ros/humble/include/rclcpp/rclcpp/executors/single_threaded_executor.hpp:28[m[K,
[2.584s]                  from [01m[K/opt/ros/humble/include/rclcpp/rclcpp/executors.hpp:22[m[K,
[2.584s]                  from [01m[K/opt/ros/humble/include/rclcpp/rclcpp/rclcpp.hpp:155[m[K,
[2.584s]                  from [01m[K/home/luka/ros2_diplpro/src/rovc_comm_mqtt/src/pub_node.cpp:1[m[K:
[2.584s] [01m[K/opt/ros/humble/include/rclcpp/rclcpp/parameter_value.hpp:193:3:[m[K [01;36m[Knote: [m[Kcandidate: ‘[01m[Ktemplate<rclcpp::ParameterType type> constexpr typename std::enable_if<(type == rclcpp::PARAMETER_BYTE_ARRAY), const std::vector<unsigned char, std::allocator<unsigned char> >&>::type rclcpp::ParameterValue::get() const[m[K’
[2.585s]   193 |   [01;36m[Kget[m[K() const
[2.585s]       |   [01;36m[K^~~[m[K
[2.585s] [01m[K/opt/ros/humble/include/rclcpp/rclcpp/parameter_value.hpp:193:3:[m[K [01;36m[Knote: [m[K  template argument deduction/substitution failed:
[2.585s] In file included from [01m[K/opt/ros/humble/include/rclcpp/rclcpp/node_interfaces/node_parameters_interface.hpp:28[m[K,
[2.585s]                  from [01m[K/opt/ros/humble/include/rclcpp/rclcpp/node.hpp:54[m[K,
[2.585s]                  from [01m[K/opt/ros/humble/include/rclcpp/rclcpp/executors/single_threaded_executor.hpp:28[m[K,
[2.585s]                  from [01m[K/opt/ros/humble/include/rclcpp/rclcpp/executors.hpp:22[m[K,
[2.585s]                  from [01m[K/opt/ros/humble/include/rclcpp/rclcpp/rclcpp.hpp:155[m[K,
[2.585s]                  from [01m[K/home/luka/ros2_diplpro/src/rovc_comm_mqtt/src/pub_node.cpp:1[m[K:
[2.585s] [01m[K/opt/ros/humble/include/rclcpp/rclcpp/parameter.hpp:239:49:[m[K [01;31m[Kerror: [m[Ktype/value mismatch at argument 1 in template parameter list for ‘[01m[Ktemplate<rclcpp::ParameterType type> constexpr typename std::enable_if<(type == rclcpp::PARAMETER_BYTE_ARRAY), const std::vector<unsigned char, std::allocator<unsigned char> >&>::type rclcpp::ParameterValue::get() const[m[K’
[2.585s]   239 |   return [01;31m[Kparameter->get_parameter_value().get<T>()[m[K;
[2.585s]       |          [01;31m[K~~~~~~~~~~~~~~~~~~~~~~~~~~~~~~~~~~~~~~~^~[m[K
[2.585s] [01m[K/opt/ros/humble/include/rclcpp/rclcpp/parameter.hpp:239:49:[m[K [01;36m[Knote: [m[K  expected a constant of type ‘[01m[Krclcpp::ParameterType[m[K’, got ‘[01m[Kstd::map<std::__cxx11::basic_string<char>, std::__cxx11::basic_string<char> >[m[K’
[2.585s] In file included from [01m[K/opt/ros/humble/include/rclcpp/rclcpp/parameter.hpp:26[m[K,
[2.585s]                  from [01m[K/opt/ros/humble/include/rclcpp/rclcpp/node_interfaces/node_parameters_interface.hpp:28[m[K,
[2.585s]                  from [01m[K/opt/ros/humble/include/rclcpp/rclcpp/node.hpp:54[m[K,
[2.585s]                  from [01m[K/opt/ros/humble/include/rclcpp/rclcpp/executors/single_threaded_executor.hpp:28[m[K,
[2.585s]                  from [01m[K/opt/ros/humble/include/rclcpp/rclcpp/executors.hpp:22[m[K,
[2.585s]                  from [01m[K/opt/ros/humble/include/rclcpp/rclcpp/rclcpp.hpp:155[m[K,
[2.585s]                  from [01m[K/home/luka/ros2_diplpro/src/rovc_comm_mqtt/src/pub_node.cpp:1[m[K:
[2.585s] [01m[K/opt/ros/humble/include/rclcpp/rclcpp/parameter_value.hpp:205:3:[m[K [01;36m[Knote: [m[Kcandidate: ‘[01m[Ktemplate<rclcpp::ParameterType type> constexpr typename std::enable_if<(type == rclcpp::PARAMETER_BOOL_ARRAY), const std::vector<bool, std::allocator<bool> >&>::type rclcpp::ParameterValue::get() const[m[K’
[2.586s]   205 |   [01;36m[Kget[m[K() const
[2.586s]       |   [01;36m[K^~~[m[K
[2.586s] [01m[K/opt/ros/humble/include/rclcpp/rclcpp/parameter_value.hpp:205:3:[m[K [01;36m[Knote: [m[K  template argument deduction/substitution failed:
[2.586s] In file included from [01m[K/opt/ros/humble/include/rclcpp/rclcpp/node_interfaces/node_parameters_interface.hpp:28[m[K,
[2.586s]                  from [01m[K/opt/ros/humble/include/rclcpp/rclcpp/node.hpp:54[m[K,
[2.586s]                  from [01m[K/opt/ros/humble/include/rclcpp/rclcpp/executors/single_threaded_executor.hpp:28[m[K,
[2.586s]                  from [01m[K/opt/ros/humble/include/rclcpp/rclcpp/executors.hpp:22[m[K,
[2.586s]                  from [01m[K/opt/ros/humble/include/rclcpp/rclcpp/rclcpp.hpp:155[m[K,
[2.586s]                  from [01m[K/home/luka/ros2_diplpro/src/rovc_comm_mqtt/src/pub_node.cpp:1[m[K:
[2.586s] [01m[K/opt/ros/humble/include/rclcpp/rclcpp/parameter.hpp:239:49:[m[K [01;31m[Kerror: [m[Ktype/value mismatch at argument 1 in template parameter list for ‘[01m[Ktemplate<rclcpp::ParameterType type> constexpr typename std::enable_if<(type == rclcpp::PARAMETER_BOOL_ARRAY), const std::vector<bool, std::allocator<bool> >&>::type rclcpp::ParameterValue::get() const[m[K’
[2.586s]   239 |   return [01;31m[Kparameter->get_parameter_value().get<T>()[m[K;
[2.586s]       |          [01;31m[K~~~~~~~~~~~~~~~~~~~~~~~~~~~~~~~~~~~~~~~^~[m[K
[2.586s] [01m[K/opt/ros/humble/include/rclcpp/rclcpp/parameter.hpp:239:49:[m[K [01;36m[Knote: [m[K  expected a constant of type ‘[01m[Krclcpp::ParameterType[m[K’, got ‘[01m[Kstd::map<std::__cxx11::basic_string<char>, std::__cxx11::basic_string<char> >[m[K’
[2.586s] In file included from [01m[K/opt/ros/humble/include/rclcpp/rclcpp/parameter.hpp:26[m[K,
[2.586s]                  from [01m[K/opt/ros/humble/include/rclcpp/rclcpp/node_interfaces/node_parameters_interface.hpp:28[m[K,
[2.586s]                  from [01m[K/opt/ros/humble/include/rclcpp/rclcpp/node.hpp:54[m[K,
[2.586s]                  from [01m[K/opt/ros/humble/include/rclcpp/rclcpp/executors/single_threaded_executor.hpp:28[m[K,
[2.586s]                  from [01m[K/opt/ros/humble/include/rclcpp/rclcpp/executors.hpp:22[m[K,
[2.586s]                  from [01m[K/opt/ros/humble/include/rclcpp/rclcpp/rclcpp.hpp:155[m[K,
[2.586s]                  from [01m[K/home/luka/ros2_diplpro/src/rovc_comm_mqtt/src/pub_node.cpp:1[m[K:
[2.586s] [01m[K/opt/ros/humble/include/rclcpp/rclcpp/parameter_value.hpp:217:3:[m[K [01;36m[Knote: [m[Kcandidate: ‘[01m[Ktemplate<rclcpp::ParameterType type> constexpr typename std::enable_if<(type == rclcpp::PARAMETER_INTEGER_ARRAY), const std::vector<long int, std::allocator<long int> >&>::type rclcpp::ParameterValue::get() const[m[K’
[2.587s]   217 |   [01;36m[Kget[m[K() const
[2.587s]       |   [01;36m[K^~~[m[K
[2.587s] [01m[K/opt/ros/humble/include/rclcpp/rclcpp/parameter_value.hpp:217:3:[m[K [01;36m[Knote: [m[K  template argument deduction/substitution failed:
[2.587s] In file included from [01m[K/opt/ros/humble/include/rclcpp/rclcpp/node_interfaces/node_parameters_interface.hpp:28[m[K,
[2.587s]                  from [01m[K/opt/ros/humble/include/rclcpp/rclcpp/node.hpp:54[m[K,
[2.587s]                  from [01m[K/opt/ros/humble/include/rclcpp/rclcpp/executors/single_threaded_executor.hpp:28[m[K,
[2.587s]                  from [01m[K/opt/ros/humble/include/rclcpp/rclcpp/executors.hpp:22[m[K,
[2.587s]                  from [01m[K/opt/ros/humble/include/rclcpp/rclcpp/rclcpp.hpp:155[m[K,
[2.587s]                  from [01m[K/home/luka/ros2_diplpro/src/rovc_comm_mqtt/src/pub_node.cpp:1[m[K:
[2.587s] [01m[K/opt/ros/humble/include/rclcpp/rclcpp/parameter.hpp:239:49:[m[K [01;31m[Kerror: [m[Ktype/value mismatch at argument 1 in template parameter list for ‘[01m[Ktemplate<rclcpp::ParameterType type> constexpr typename std::enable_if<(type == rclcpp::PARAMETER_INTEGER_ARRAY), const std::vector<long int, std::allocator<long int> >&>::type rclcpp::ParameterValue::get() const[m[K’
[2.587s]   239 |   return [01;31m[Kparameter->get_parameter_value().get<T>()[m[K;
[2.587s]       |          [01;31m[K~~~~~~~~~~~~~~~~~~~~~~~~~~~~~~~~~~~~~~~^~[m[K
[2.587s] [01m[K/opt/ros/humble/include/rclcpp/rclcpp/parameter.hpp:239:49:[m[K [01;36m[Knote: [m[K  expected a constant of type ‘[01m[Krclcpp::ParameterType[m[K’, got ‘[01m[Kstd::map<std::__cxx11::basic_string<char>, std::__cxx11::basic_string<char> >[m[K’
[2.587s] In file included from [01m[K/opt/ros/humble/include/rclcpp/rclcpp/parameter.hpp:26[m[K,
[2.587s]                  from [01m[K/opt/ros/humble/include/rclcpp/rclcpp/node_interfaces/node_parameters_interface.hpp:28[m[K,
[2.587s]                  from [01m[K/opt/ros/humble/include/rclcpp/rclcpp/node.hpp:54[m[K,
[2.587s]                  from [01m[K/opt/ros/humble/include/rclcpp/rclcpp/executors/single_threaded_executor.hpp:28[m[K,
[2.587s]                  from [01m[K/opt/ros/humble/include/rclcpp/rclcpp/executors.hpp:22[m[K,
[2.587s]                  from [01m[K/opt/ros/humble/include/rclcpp/rclcpp/rclcpp.hpp:155[m[K,
[2.587s]                  from [01m[K/home/luka/ros2_diplpro/src/rovc_comm_mqtt/src/pub_node.cpp:1[m[K:
[2.587s] [01m[K/opt/ros/humble/include/rclcpp/rclcpp/parameter_value.hpp:229:3:[m[K [01;36m[Knote: [m[Kcandidate: ‘[01m[Ktemplate<rclcpp::ParameterType type> constexpr typename std::enable_if<(type == rclcpp::PARAMETER_DOUBLE_ARRAY), const std::vector<double, std::allocator<double> >&>::type rclcpp::ParameterValue::get() const[m[K’
[2.588s]   229 |   [01;36m[Kget[m[K() const
[2.588s]       |   [01;36m[K^~~[m[K
[2.588s] [01m[K/opt/ros/humble/include/rclcpp/rclcpp/parameter_value.hpp:229:3:[m[K [01;36m[Knote: [m[K  template argument deduction/substitution failed:
[2.588s] In file included from [01m[K/opt/ros/humble/include/rclcpp/rclcpp/node_interfaces/node_parameters_interface.hpp:28[m[K,
[2.588s]                  from [01m[K/opt/ros/humble/include/rclcpp/rclcpp/node.hpp:54[m[K,
[2.588s]                  from [01m[K/opt/ros/humble/include/rclcpp/rclcpp/executors/single_threaded_executor.hpp:28[m[K,
[2.588s]                  from [01m[K/opt/ros/humble/include/rclcpp/rclcpp/executors.hpp:22[m[K,
[2.588s]                  from [01m[K/opt/ros/humble/include/rclcpp/rclcpp/rclcpp.hpp:155[m[K,
[2.588s]                  from [01m[K/home/luka/ros2_diplpro/src/rovc_comm_mqtt/src/pub_node.cpp:1[m[K:
[2.588s] [01m[K/opt/ros/humble/include/rclcpp/rclcpp/parameter.hpp:239:49:[m[K [01;31m[Kerror: [m[Ktype/value mismatch at argument 1 in template parameter list for ‘[01m[Ktemplate<rclcpp::ParameterType type> constexpr typename std::enable_if<(type == rclcpp::PARAMETER_DOUBLE_ARRAY), const std::vector<double, std::allocator<double> >&>::type rclcpp::ParameterValue::get() const[m[K’
[2.588s]   239 |   return [01;31m[Kparameter->get_parameter_value().get<T>()[m[K;
[2.588s]       |          [01;31m[K~~~~~~~~~~~~~~~~~~~~~~~~~~~~~~~~~~~~~~~^~[m[K
[2.588s] [01m[K/opt/ros/humble/include/rclcpp/rclcpp/parameter.hpp:239:49:[m[K [01;36m[Knote: [m[K  expected a constant of type ‘[01m[Krclcpp::ParameterType[m[K’, got ‘[01m[Kstd::map<std::__cxx11::basic_string<char>, std::__cxx11::basic_string<char> >[m[K’
[2.588s] In file included from [01m[K/opt/ros/humble/include/rclcpp/rclcpp/parameter.hpp:26[m[K,
[2.588s]                  from [01m[K/opt/ros/humble/include/rclcpp/rclcpp/node_interfaces/node_parameters_interface.hpp:28[m[K,
[2.588s]                  from [01m[K/opt/ros/humble/include/rclcpp/rclcpp/node.hpp:54[m[K,
[2.588s]                  from [01m[K/opt/ros/humble/include/rclcpp/rclcpp/executors/single_threaded_executor.hpp:28[m[K,
[2.588s]                  from [01m[K/opt/ros/humble/include/rclcpp/rclcpp/executors.hpp:22[m[K,
[2.588s]                  from [01m[K/opt/ros/humble/include/rclcpp/rclcpp/rclcpp.hpp:155[m[K,
[2.588s]                  from [01m[K/home/luka/ros2_diplpro/src/rovc_comm_mqtt/src/pub_node.cpp:1[m[K:
[2.588s] [01m[K/opt/ros/humble/include/rclcpp/rclcpp/parameter_value.hpp:241:3:[m[K [01;36m[Knote: [m[Kcandidate: ‘[01m[Ktemplate<rclcpp::ParameterType type> constexpr typename std::enable_if<(type == rclcpp::PARAMETER_STRING_ARRAY), const std::vector<std::__cxx11::basic_string<char> >&>::type rclcpp::ParameterValue::get() const[m[K’
[2.589s]   241 |   [01;36m[Kget[m[K() const
[2.589s]       |   [01;36m[K^~~[m[K
[2.589s] [01m[K/opt/ros/humble/include/rclcpp/rclcpp/parameter_value.hpp:241:3:[m[K [01;36m[Knote: [m[K  template argument deduction/substitution failed:
[2.589s] In file included from [01m[K/opt/ros/humble/include/rclcpp/rclcpp/node_interfaces/node_parameters_interface.hpp:28[m[K,
[2.589s]                  from [01m[K/opt/ros/humble/include/rclcpp/rclcpp/node.hpp:54[m[K,
[2.589s]                  from [01m[K/opt/ros/humble/include/rclcpp/rclcpp/executors/single_threaded_executor.hpp:28[m[K,
[2.589s]                  from [01m[K/opt/ros/humble/include/rclcpp/rclcpp/executors.hpp:22[m[K,
[2.589s]                  from [01m[K/opt/ros/humble/include/rclcpp/rclcpp/rclcpp.hpp:155[m[K,
[2.589s]                  from [01m[K/home/luka/ros2_diplpro/src/rovc_comm_mqtt/src/pub_node.cpp:1[m[K:
[2.589s] [01m[K/opt/ros/humble/include/rclcpp/rclcpp/parameter.hpp:239:49:[m[K [01;31m[Kerror: [m[Ktype/value mismatch at argument 1 in template parameter list for ‘[01m[Ktemplate<rclcpp::ParameterType type> constexpr typename std::enable_if<(type == rclcpp::PARAMETER_STRING_ARRAY), const std::vector<std::__cxx11::basic_string<char> >&>::type rclcpp::ParameterValue::get() const[m[K’
[2.589s]   239 |   return [01;31m[Kparameter->get_parameter_value().get<T>()[m[K;
[2.589s]       |          [01;31m[K~~~~~~~~~~~~~~~~~~~~~~~~~~~~~~~~~~~~~~~^~[m[K
[2.589s] [01m[K/opt/ros/humble/include/rclcpp/rclcpp/parameter.hpp:239:49:[m[K [01;36m[Knote: [m[K  expected a constant of type ‘[01m[Krclcpp::ParameterType[m[K’, got ‘[01m[Kstd::map<std::__cxx11::basic_string<char>, std::__cxx11::basic_string<char> >[m[K’
[2.589s] In file included from [01m[K/opt/ros/humble/include/rclcpp/rclcpp/parameter.hpp:26[m[K,
[2.589s]                  from [01m[K/opt/ros/humble/include/rclcpp/rclcpp/node_interfaces/node_parameters_interface.hpp:28[m[K,
[2.589s]                  from [01m[K/opt/ros/humble/include/rclcpp/rclcpp/node.hpp:54[m[K,
[2.589s]                  from [01m[K/opt/ros/humble/include/rclcpp/rclcpp/executors/single_threaded_executor.hpp:28[m[K,
[2.589s]                  from [01m[K/opt/ros/humble/include/rclcpp/rclcpp/executors.hpp:22[m[K,
[2.589s]                  from [01m[K/opt/ros/humble/include/rclcpp/rclcpp/rclcpp.hpp:155[m[K,
[2.589s]                  from [01m[K/home/luka/ros2_diplpro/src/rovc_comm_mqtt/src/pub_node.cpp:1[m[K:
[2.589s] [01m[K/opt/ros/humble/include/rclcpp/rclcpp/parameter_value.hpp:254:3:[m[K [01;36m[Knote: [m[Kcandidate: ‘[01m[Ktemplate<class type> constexpr typename std::enable_if<std::is_same<T, bool>::value, const bool&>::type rclcpp::ParameterValue::get() const[m[K’
[2.590s]   254 |   [01;36m[Kget[m[K() const
[2.590s]       |   [01;36m[K^~~[m[K
[2.590s] [01m[K/opt/ros/humble/include/rclcpp/rclcpp/parameter_value.hpp:254:3:[m[K [01;36m[Knote: [m[K  template argument deduction/substitution failed:
[2.590s] /opt/ros/humble/include/rclcpp/rclcpp/parameter_value.hpp: In substitution of ‘[01m[Ktemplate<class type> constexpr typename std::enable_if<std::is_same<T, bool>::value, const bool&>::type rclcpp::ParameterValue::get() const [with type = std::map<std::__cxx11::basic_string<char>, std::__cxx11::basic_string<char> >][m[K’:
[2.590s] [01m[K/opt/ros/humble/include/rclcpp/rclcpp/parameter.hpp:239:49:[m[K   required from ‘[01m[Kauto rclcpp::detail::get_value_helper(const rclcpp::Parameter*) [with T = std::map<std::__cxx11::basic_string<char>, std::__cxx11::basic_string<char> >][m[K’
[2.590s] [01m[K/opt/ros/humble/include/rclcpp/rclcpp/parameter.hpp:274:39:[m[K   required from ‘[01m[Kdecltype(auto) rclcpp::Parameter::get_value() const [with T = std::map<std::__cxx11::basic_string<char>, std::__cxx11::basic_string<char> >][m[K’
[2.590s] [01m[K/opt/ros/humble/include/rclcpp/rclcpp/node_impl.hpp:294:80:[m[K   required from ‘[01m[Kbool rclcpp::Node::get_parameter(const string&, ParameterT&) const [with ParameterT = std::map<std::__cxx11::basic_string<char>, std::__cxx11::basic_string<char> >; std::string = std::__cxx11::basic_string<char>][m[K’
[2.590s] [01m[K/home/luka/ros2_diplpro/src/rovc_comm_mqtt/src/pub_node.cpp:45:24:[m[K   required from ‘[01m[Kvoid MqttBridgeNode::declare_and_subscribe(const string&, std::vector<std::shared_ptr<rclcpp::SubscriptionBase> >&) [with MsgType = std_msgs::msg::Float64_<std::allocator<void> >; std::string = std::__cxx11::basic_string<char>][m[K’
[2.590s] [01m[K/home/luka/ros2_diplpro/src/rovc_comm_mqtt/src/pub_node.cpp:26:50:[m[K   required from here
[2.590s] [01m[K/opt/ros/humble/include/rclcpp/rclcpp/parameter_value.hpp:254:3:[m[K [01;31m[Kerror: [m[Kno type named ‘[01m[Ktype[m[K’ in ‘[01m[Kstruct std::enable_if<false, const bool&>[m[K’
[2.590s] /opt/ros/humble/include/rclcpp/rclcpp/parameter.hpp: In instantiation of ‘[01m[Kauto rclcpp::detail::get_value_helper(const rclcpp::Parameter*) [with T = std::map<std::__cxx11::basic_string<char>, std::__cxx11::basic_string<char> >][m[K’:
[2.590s] [01m[K/opt/ros/humble/include/rclcpp/rclcpp/parameter.hpp:274:39:[m[K   required from ‘[01m[Kdecltype(auto) rclcpp::Parameter::get_value() const [with T = std::map<std::__cxx11::basic_string<char>, std::__cxx11::basic_string<char> >][m[K’
[2.590s] [01m[K/opt/ros/humble/include/rclcpp/rclcpp/node_impl.hpp:294:80:[m[K   required from ‘[01m[Kbool rclcpp::Node::get_parameter(const string&, ParameterT&) const [with ParameterT = std::map<std::__cxx11::basic_string<char>, std::__cxx11::basic_string<char> >; std::string = std::__cxx11::basic_string<char>][m[K’
[2.590s] [01m[K/home/luka/ros2_diplpro/src/rovc_comm_mqtt/src/pub_node.cpp:45:24:[m[K   required from ‘[01m[Kvoid MqttBridgeNode::declare_and_subscribe(const string&, std::vector<std::shared_ptr<rclcpp::SubscriptionBase> >&) [with MsgType = std_msgs::msg::Float64_<std::allocator<void> >; std::string = std::__cxx11::basic_string<char>][m[K’
[2.590s] [01m[K/home/luka/ros2_diplpro/src/rovc_comm_mqtt/src/pub_node.cpp:26:50:[m[K   required from here
[2.590s] [01m[K/opt/ros/humble/include/rclcpp/rclcpp/parameter_value.hpp:263:3:[m[K [01;36m[Knote: [m[Kcandidate: ‘[01m[Ktemplate<class type> constexpr typename std::enable_if<(std::is_integral<_Tp>::value && (! std::is_same<T, bool>::value)), const long int&>::type rclcpp::ParameterValue::get() const[m[K’
[2.590s]   263 |   [01;36m[Kget[m[K() const
[2.590s]       |   [01;36m[K^~~[m[K
[2.590s] [01m[K/opt/ros/humble/include/rclcpp/rclcpp/parameter_value.hpp:263:3:[m[K [01;36m[Knote: [m[K  template argument deduction/substitution failed:
[2.590s] /opt/ros/humble/include/rclcpp/rclcpp/parameter_value.hpp: In substitution of ‘[01m[Ktemplate<class type> constexpr typename std::enable_if<(std::is_integral<_Tp>::value && (! std::is_same<T, bool>::value)), const long int&>::type rclcpp::ParameterValue::get() const [with type = std::map<std::__cxx11::basic_string<char>, std::__cxx11::basic_string<char> >][m[K’:
[2.590s] [01m[K/opt/ros/humble/include/rclcpp/rclcpp/parameter.hpp:239:49:[m[K   required from ‘[01m[Kauto rclcpp::detail::get_value_helper(const rclcpp::Parameter*) [with T = std::map<std::__cxx11::basic_string<char>, std::__cxx11::basic_string<char> >][m[K’
[2.590s] [01m[K/opt/ros/humble/include/rclcpp/rclcpp/parameter.hpp:274:39:[m[K   required from ‘[01m[Kdecltype(auto) rclcpp::Parameter::get_value() const [with T = std::map<std::__cxx11::basic_string<char>, std::__cxx11::basic_string<char> >][m[K’
[2.591s] [01m[K/opt/ros/humble/include/rclcpp/rclcpp/node_impl.hpp:294:80:[m[K   required from ‘[01m[Kbool rclcpp::Node::get_parameter(const string&, ParameterT&) const [with ParameterT = std::map<std::__cxx11::basic_string<char>, std::__cxx11::basic_string<char> >; std::string = std::__cxx11::basic_string<char>][m[K’
[2.591s] [01m[K/home/luka/ros2_diplpro/src/rovc_comm_mqtt/src/pub_node.cpp:45:24:[m[K   required from ‘[01m[Kvoid MqttBridgeNode::declare_and_subscribe(const string&, std::vector<std::shared_ptr<rclcpp::SubscriptionBase> >&) [with MsgType = std_msgs::msg::Float64_<std::allocator<void> >; std::string = std::__cxx11::basic_string<char>][m[K’
[2.591s] [01m[K/home/luka/ros2_diplpro/src/rovc_comm_mqtt/src/pub_node.cpp:26:50:[m[K   required from here
[2.591s] [01m[K/opt/ros/humble/include/rclcpp/rclcpp/parameter_value.hpp:263:3:[m[K [01;31m[Kerror: [m[Kno type named ‘[01m[Ktype[m[K’ in ‘[01m[Kstruct std::enable_if<false, const long int&>[m[K’
[2.591s] /opt/ros/humble/include/rclcpp/rclcpp/parameter.hpp: In instantiation of ‘[01m[Kauto rclcpp::detail::get_value_helper(const rclcpp::Parameter*) [with T = std::map<std::__cxx11::basic_string<char>, std::__cxx11::basic_string<char> >][m[K’:
[2.591s] [01m[K/opt/ros/humble/include/rclcpp/rclcpp/parameter.hpp:274:39:[m[K   required from ‘[01m[Kdecltype(auto) rclcpp::Parameter::get_value() const [with T = std::map<std::__cxx11::basic_string<char>, std::__cxx11::basic_string<char> >][m[K’
[2.591s] [01m[K/opt/ros/humble/include/rclcpp/rclcpp/node_impl.hpp:294:80:[m[K   required from ‘[01m[Kbool rclcpp::Node::get_parameter(const string&, ParameterT&) const [with ParameterT = std::map<std::__cxx11::basic_string<char>, std::__cxx11::basic_string<char> >; std::string = std::__cxx11::basic_string<char>][m[K’
[2.591s] [01m[K/home/luka/ros2_diplpro/src/rovc_comm_mqtt/src/pub_node.cpp:45:24:[m[K   required from ‘[01m[Kvoid MqttBridgeNode::declare_and_subscribe(const string&, std::vector<std::shared_ptr<rclcpp::SubscriptionBase> >&) [with MsgType = std_msgs::msg::Float64_<std::allocator<void> >; std::string = std::__cxx11::basic_string<char>][m[K’
[2.591s] [01m[K/home/luka/ros2_diplpro/src/rovc_comm_mqtt/src/pub_node.cpp:26:50:[m[K   required from here
[2.591s] [01m[K/opt/ros/humble/include/rclcpp/rclcpp/parameter_value.hpp:271:3:[m[K [01;36m[Knote: [m[Kcandidate: ‘[01m[Ktemplate<class type> constexpr typename std::enable_if<std::is_floating_point<_Tp>::value, const double&>::type rclcpp::ParameterValue::get() const[m[K’
[2.591s]   271 |   [01;36m[Kget[m[K() const
[2.591s]       |   [01;36m[K^~~[m[K
[2.591s] [01m[K/opt/ros/humble/include/rclcpp/rclcpp/parameter_value.hpp:271:3:[m[K [01;36m[Knote: [m[K  template argument deduction/substitution failed:
[2.591s] /opt/ros/humble/include/rclcpp/rclcpp/parameter_value.hpp: In substitution of ‘[01m[Ktemplate<class type> constexpr typename std::enable_if<std::is_floating_point<_Tp>::value, const double&>::type rclcpp::ParameterValue::get() const [with type = std::map<std::__cxx11::basic_string<char>, std::__cxx11::basic_string<char> >][m[K’:
[2.591s] [01m[K/opt/ros/humble/include/rclcpp/rclcpp/parameter.hpp:239:49:[m[K   required from ‘[01m[Kauto rclcpp::detail::get_value_helper(const rclcpp::Parameter*) [with T = std::map<std::__cxx11::basic_string<char>, std::__cxx11::basic_string<char> >][m[K’
[2.591s] [01m[K/opt/ros/humble/include/rclcpp/rclcpp/parameter.hpp:274:39:[m[K   required from ‘[01m[Kdecltype(auto) rclcpp::Parameter::get_value() const [with T = std::map<std::__cxx11::basic_string<char>, std::__cxx11::basic_string<char> >][m[K’
[2.591s] [01m[K/opt/ros/humble/include/rclcpp/rclcpp/node_impl.hpp:294:80:[m[K   required from ‘[01m[Kbool rclcpp::Node::get_parameter(const string&, ParameterT&) const [with ParameterT = std::map<std::__cxx11::basic_string<char>, std::__cxx11::basic_string<char> >; std::string = std::__cxx11::basic_string<char>][m[K’
[2.591s] [01m[K/home/luka/ros2_diplpro/src/rovc_comm_mqtt/src/pub_node.cpp:45:24:[m[K   required from ‘[01m[Kvoid MqttBridgeNode::declare_and_subscribe(const string&, std::vector<std::shared_ptr<rclcpp::SubscriptionBase> >&) [with MsgType = std_msgs::msg::Float64_<std::allocator<void> >; std::string = std::__cxx11::basic_string<char>][m[K’
[2.591s] [01m[K/home/luka/ros2_diplpro/src/rovc_comm_mqtt/src/pub_node.cpp:26:50:[m[K   required from here
[2.591s] [01m[K/opt/ros/humble/include/rclcpp/rclcpp/parameter_value.hpp:271:3:[m[K [01;31m[Kerror: [m[Kno type named ‘[01m[Ktype[m[K’ in ‘[01m[Kstruct std::enable_if<false, const double&>[m[K’
[2.591s] /opt/ros/humble/include/rclcpp/rclcpp/parameter.hpp: In instantiation of ‘[01m[Kauto rclcpp::detail::get_value_helper(const rclcpp::Parameter*) [with T = std::map<std::__cxx11::basic_string<char>, std::__cxx11::basic_string<char> >][m[K’:
[2.592s] [01m[K/opt/ros/humble/include/rclcpp/rclcpp/parameter.hpp:274:39:[m[K   required from ‘[01m[Kdecltype(auto) rclcpp::Parameter::get_value() const [with T = std::map<std::__cxx11::basic_string<char>, std::__cxx11::basic_string<char> >][m[K’
[2.592s] [01m[K/opt/ros/humble/include/rclcpp/rclcpp/node_impl.hpp:294:80:[m[K   required from ‘[01m[Kbool rclcpp::Node::get_parameter(const string&, ParameterT&) const [with ParameterT = std::map<std::__cxx11::basic_string<char>, std::__cxx11::basic_string<char> >; std::string = std::__cxx11::basic_string<char>][m[K’
[2.592s] [01m[K/home/luka/ros2_diplpro/src/rovc_comm_mqtt/src/pub_node.cpp:45:24:[m[K   required from ‘[01m[Kvoid MqttBridgeNode::declare_and_subscribe(const string&, std::vector<std::shared_ptr<rclcpp::SubscriptionBase> >&) [with MsgType = std_msgs::msg::Float64_<std::allocator<void> >; std::string = std::__cxx11::basic_string<char>][m[K’
[2.592s] [01m[K/home/luka/ros2_diplpro/src/rovc_comm_mqtt/src/pub_node.cpp:26:50:[m[K   required from here
[2.592s] [01m[K/opt/ros/humble/include/rclcpp/rclcpp/parameter_value.hpp:279:3:[m[K [01;36m[Knote: [m[Kcandidate: ‘[01m[Ktemplate<class type> constexpr typename std::enable_if<std::is_convertible<type, std::__cxx11::basic_string<char> >::value, const std::__cxx11::basic_string<char>&>::type rclcpp::ParameterValue::get() const[m[K’
[2.592s]   279 |   [01;36m[Kget[m[K() const
[2.592s]       |   [01;36m[K^~~[m[K
[2.592s] [01m[K/opt/ros/humble/include/rclcpp/rclcpp/parameter_value.hpp:279:3:[m[K [01;36m[Knote: [m[K  template argument deduction/substitution failed:
[2.592s] /opt/ros/humble/include/rclcpp/rclcpp/parameter_value.hpp: In substitution of ‘[01m[Ktemplate<class type> constexpr typename std::enable_if<std::is_convertible<type, std::__cxx11::basic_string<char> >::value, const std::__cxx11::basic_string<char>&>::type rclcpp::ParameterValue::get() const [with type = std::map<std::__cxx11::basic_string<char>, std::__cxx11::basic_string<char> >][m[K’:
[2.592s] [01m[K/opt/ros/humble/include/rclcpp/rclcpp/parameter.hpp:239:49:[m[K   required from ‘[01m[Kauto rclcpp::detail::get_value_helper(const rclcpp::Parameter*) [with T = std::map<std::__cxx11::basic_string<char>, std::__cxx11::basic_string<char> >][m[K’
[2.592s] [01m[K/opt/ros/humble/include/rclcpp/rclcpp/parameter.hpp:274:39:[m[K   required from ‘[01m[Kdecltype(auto) rclcpp::Parameter::get_value() const [with T = std::map<std::__cxx11::basic_string<char>, std::__cxx11::basic_string<char> >][m[K’
[2.592s] [01m[K/opt/ros/humble/include/rclcpp/rclcpp/node_impl.hpp:294:80:[m[K   required from ‘[01m[Kbool rclcpp::Node::get_parameter(const string&, ParameterT&) const [with ParameterT = std::map<std::__cxx11::basic_string<char>, std::__cxx11::basic_string<char> >; std::string = std::__cxx11::basic_string<char>][m[K’
[2.592s] [01m[K/home/luka/ros2_diplpro/src/rovc_comm_mqtt/src/pub_node.cpp:45:24:[m[K   required from ‘[01m[Kvoid MqttBridgeNode::declare_and_subscribe(const string&, std::vector<std::shared_ptr<rclcpp::SubscriptionBase> >&) [with MsgType = std_msgs::msg::Float64_<std::allocator<void> >; std::string = std::__cxx11::basic_string<char>][m[K’
[2.592s] [01m[K/home/luka/ros2_diplpro/src/rovc_comm_mqtt/src/pub_node.cpp:26:50:[m[K   required from here
[2.592s] [01m[K/opt/ros/humble/include/rclcpp/rclcpp/parameter_value.hpp:279:3:[m[K [01;31m[Kerror: [m[Kno type named ‘[01m[Ktype[m[K’ in ‘[01m[Kstruct std::enable_if<false, const std::__cxx11::basic_string<char>&>[m[K’
[2.592s] /opt/ros/humble/include/rclcpp/rclcpp/parameter.hpp: In instantiation of ‘[01m[Kauto rclcpp::detail::get_value_helper(const rclcpp::Parameter*) [with T = std::map<std::__cxx11::basic_string<char>, std::__cxx11::basic_string<char> >][m[K’:
[2.592s] [01m[K/opt/ros/humble/include/rclcpp/rclcpp/parameter.hpp:274:39:[m[K   required from ‘[01m[Kdecltype(auto) rclcpp::Parameter::get_value() const [with T = std::map<std::__cxx11::basic_string<char>, std::__cxx11::basic_string<char> >][m[K’
[2.592s] [01m[K/opt/ros/humble/include/rclcpp/rclcpp/node_impl.hpp:294:80:[m[K   required from ‘[01m[Kbool rclcpp::Node::get_parameter(const string&, ParameterT&) const [with ParameterT = std::map<std::__cxx11::basic_string<char>, std::__cxx11::basic_string<char> >; std::string = std::__cxx11::basic_string<char>][m[K’
[2.592s] [01m[K/home/luka/ros2_diplpro/src/rovc_comm_mqtt/src/pub_node.cpp:45:24:[m[K   required from ‘[01m[Kvoid MqttBridgeNode::declare_and_subscribe(const string&, std::vector<std::shared_ptr<rclcpp::SubscriptionBase> >&) [with MsgType = std_msgs::msg::Float64_<std::allocator<void> >; std::string = std::__cxx11::basic_string<char>][m[K’
[2.592s] [01m[K/home/luka/ros2_diplpro/src/rovc_comm_mqtt/src/pub_node.cpp:26:50:[m[K   required from here
[2.592s] [01m[K/opt/ros/humble/include/rclcpp/rclcpp/parameter_value.hpp:289:3:[m[K [01;36m[Knote: [m[Kcandidate: ‘[01m[Ktemplate<class type> constexpr typename std::enable_if<std::is_convertible<type, const std::vector<unsigned char, std::allocator<unsigned char> >&>::value, const std::vector<unsigned char, std::allocator<unsigned char> >&>::type rclcpp::ParameterValue::get() const[m[K’
[2.593s]   289 |   [01;36m[Kget[m[K() const
[2.593s]       |   [01;36m[K^~~[m[K
[2.593s] [01m[K/opt/ros/humble/include/rclcpp/rclcpp/parameter_value.hpp:289:3:[m[K [01;36m[Knote: [m[K  template argument deduction/substitution failed:
[2.593s] /opt/ros/humble/include/rclcpp/rclcpp/parameter_value.hpp: In substitution of ‘[01m[Ktemplate<class type> constexpr typename std::enable_if<std::is_convertible<type, const std::vector<unsigned char, std::allocator<unsigned char> >&>::value, const std::vector<unsigned char, std::allocator<unsigned char> >&>::type rclcpp::ParameterValue::get() const [with type = std::map<std::__cxx11::basic_string<char>, std::__cxx11::basic_string<char> >][m[K’:
[2.593s] [01m[K/opt/ros/humble/include/rclcpp/rclcpp/parameter.hpp:239:49:[m[K   required from ‘[01m[Kauto rclcpp::detail::get_value_helper(const rclcpp::Parameter*) [with T = std::map<std::__cxx11::basic_string<char>, std::__cxx11::basic_string<char> >][m[K’
[2.593s] [01m[K/opt/ros/humble/include/rclcpp/rclcpp/parameter.hpp:274:39:[m[K   required from ‘[01m[Kdecltype(auto) rclcpp::Parameter::get_value() const [with T = std::map<std::__cxx11::basic_string<char>, std::__cxx11::basic_string<char> >][m[K’
[2.593s] [01m[K/opt/ros/humble/include/rclcpp/rclcpp/node_impl.hpp:294:80:[m[K   required from ‘[01m[Kbool rclcpp::Node::get_parameter(const string&, ParameterT&) const [with ParameterT = std::map<std::__cxx11::basic_string<char>, std::__cxx11::basic_string<char> >; std::string = std::__cxx11::basic_string<char>][m[K’
[2.593s] [01m[K/home/luka/ros2_diplpro/src/rovc_comm_mqtt/src/pub_node.cpp:45:24:[m[K   required from ‘[01m[Kvoid MqttBridgeNode::declare_and_subscribe(const string&, std::vector<std::shared_ptr<rclcpp::SubscriptionBase> >&) [with MsgType = std_msgs::msg::Float64_<std::allocator<void> >; std::string = std::__cxx11::basic_string<char>][m[K’
[2.593s] [01m[K/home/luka/ros2_diplpro/src/rovc_comm_mqtt/src/pub_node.cpp:26:50:[m[K   required from here
[2.593s] [01m[K/opt/ros/humble/include/rclcpp/rclcpp/parameter_value.hpp:289:3:[m[K [01;31m[Kerror: [m[Kno type named ‘[01m[Ktype[m[K’ in ‘[01m[Kstruct std::enable_if<false, const std::vector<unsigned char, std::allocator<unsigned char> >&>[m[K’
[2.593s] /opt/ros/humble/include/rclcpp/rclcpp/parameter.hpp: In instantiation of ‘[01m[Kauto rclcpp::detail::get_value_helper(const rclcpp::Parameter*) [with T = std::map<std::__cxx11::basic_string<char>, std::__cxx11::basic_string<char> >][m[K’:
[2.593s] [01m[K/opt/ros/humble/include/rclcpp/rclcpp/parameter.hpp:274:39:[m[K   required from ‘[01m[Kdecltype(auto) rclcpp::Parameter::get_value() const [with T = std::map<std::__cxx11::basic_string<char>, std::__cxx11::basic_string<char> >][m[K’
[2.593s] [01m[K/opt/ros/humble/include/rclcpp/rclcpp/node_impl.hpp:294:80:[m[K   required from ‘[01m[Kbool rclcpp::Node::get_parameter(const string&, ParameterT&) const [with ParameterT = std::map<std::__cxx11::basic_string<char>, std::__cxx11::basic_string<char> >; std::string = std::__cxx11::basic_string<char>][m[K’
[2.593s] [01m[K/home/luka/ros2_diplpro/src/rovc_comm_mqtt/src/pub_node.cpp:45:24:[m[K   required from ‘[01m[Kvoid MqttBridgeNode::declare_and_subscribe(const string&, std::vector<std::shared_ptr<rclcpp::SubscriptionBase> >&) [with MsgType = std_msgs::msg::Float64_<std::allocator<void> >; std::string = std::__cxx11::basic_string<char>][m[K’
[2.593s] [01m[K/home/luka/ros2_diplpro/src/rovc_comm_mqtt/src/pub_node.cpp:26:50:[m[K   required from here
[2.593s] [01m[K/opt/ros/humble/include/rclcpp/rclcpp/parameter_value.hpp:299:3:[m[K [01;36m[Knote: [m[Kcandidate: ‘[01m[Ktemplate<class type> constexpr typename std::enable_if<std::is_convertible<type, const std::vector<bool, std::allocator<bool> >&>::value, const std::vector<bool, std::allocator<bool> >&>::type rclcpp::ParameterValue::get() const[m[K’
[2.593s]   299 |   [01;36m[Kget[m[K() const
[2.593s]       |   [01;36m[K^~~[m[K
[2.593s] [01m[K/opt/ros/humble/include/rclcpp/rclcpp/parameter_value.hpp:299:3:[m[K [01;36m[Knote: [m[K  template argument deduction/substitution failed:
[2.593s] /opt/ros/humble/include/rclcpp/rclcpp/parameter_value.hpp: In substitution of ‘[01m[Ktemplate<class type> constexpr typename std::enable_if<std::is_convertible<type, const std::vector<bool, std::allocator<bool> >&>::value, const std::vector<bool, std::allocator<bool> >&>::type rclcpp::ParameterValue::get() const [with type = std::map<std::__cxx11::basic_string<char>, std::__cxx11::basic_string<char> >][m[K’:
[2.593s] [01m[K/opt/ros/humble/include/rclcpp/rclcpp/parameter.hpp:239:49:[m[K   required from ‘[01m[Kauto rclcpp::detail::get_value_helper(const rclcpp::Parameter*) [with T = std::map<std::__cxx11::basic_string<char>, std::__cxx11::basic_string<char> >][m[K’
[2.594s] [01m[K/opt/ros/humble/include/rclcpp/rclcpp/parameter.hpp:274:39:[m[K   required from ‘[01m[Kdecltype(auto) rclcpp::Parameter::get_value() const [with T = std::map<std::__cxx11::basic_string<char>, std::__cxx11::basic_string<char> >][m[K’
[2.594s] [01m[K/opt/ros/humble/include/rclcpp/rclcpp/node_impl.hpp:294:80:[m[K   required from ‘[01m[Kbool rclcpp::Node::get_parameter(const string&, ParameterT&) const [with ParameterT = std::map<std::__cxx11::basic_string<char>, std::__cxx11::basic_string<char> >; std::string = std::__cxx11::basic_string<char>][m[K’
[2.594s] [01m[K/home/luka/ros2_diplpro/src/rovc_comm_mqtt/src/pub_node.cpp:45:24:[m[K   required from ‘[01m[Kvoid MqttBridgeNode::declare_and_subscribe(const string&, std::vector<std::shared_ptr<rclcpp::SubscriptionBase> >&) [with MsgType = std_msgs::msg::Float64_<std::allocator<void> >; std::string = std::__cxx11::basic_string<char>][m[K’
[2.594s] [01m[K/home/luka/ros2_diplpro/src/rovc_comm_mqtt/src/pub_node.cpp:26:50:[m[K   required from here
[2.594s] [01m[K/opt/ros/humble/include/rclcpp/rclcpp/parameter_value.hpp:299:3:[m[K [01;31m[Kerror: [m[Kno type named ‘[01m[Ktype[m[K’ in ‘[01m[Kstruct std::enable_if<false, const std::vector<bool, std::allocator<bool> >&>[m[K’
[2.594s] /opt/ros/humble/include/rclcpp/rclcpp/parameter.hpp: In instantiation of ‘[01m[Kauto rclcpp::detail::get_value_helper(const rclcpp::Parameter*) [with T = std::map<std::__cxx11::basic_string<char>, std::__cxx11::basic_string<char> >][m[K’:
[2.594s] [01m[K/opt/ros/humble/include/rclcpp/rclcpp/parameter.hpp:274:39:[m[K   required from ‘[01m[Kdecltype(auto) rclcpp::Parameter::get_value() const [with T = std::map<std::__cxx11::basic_string<char>, std::__cxx11::basic_string<char> >][m[K’
[2.594s] [01m[K/opt/ros/humble/include/rclcpp/rclcpp/node_impl.hpp:294:80:[m[K   required from ‘[01m[Kbool rclcpp::Node::get_parameter(const string&, ParameterT&) const [with ParameterT = std::map<std::__cxx11::basic_string<char>, std::__cxx11::basic_string<char> >; std::string = std::__cxx11::basic_string<char>][m[K’
[2.594s] [01m[K/home/luka/ros2_diplpro/src/rovc_comm_mqtt/src/pub_node.cpp:45:24:[m[K   required from ‘[01m[Kvoid MqttBridgeNode::declare_and_subscribe(const string&, std::vector<std::shared_ptr<rclcpp::SubscriptionBase> >&) [with MsgType = std_msgs::msg::Float64_<std::allocator<void> >; std::string = std::__cxx11::basic_string<char>][m[K’
[2.594s] [01m[K/home/luka/ros2_diplpro/src/rovc_comm_mqtt/src/pub_node.cpp:26:50:[m[K   required from here
[2.594s] [01m[K/opt/ros/humble/include/rclcpp/rclcpp/parameter_value.hpp:309:3:[m[K [01;36m[Knote: [m[Kcandidate: ‘[01m[Ktemplate<class type> constexpr typename std::enable_if<std::is_convertible<type, const std::vector<int>&>::value, const std::vector<long int, std::allocator<long int> >&>::type rclcpp::ParameterValue::get() const[m[K’
[2.594s]   309 |   [01;36m[Kget[m[K() const
[2.594s]       |   [01;36m[K^~~[m[K
[2.594s] [01m[K/opt/ros/humble/include/rclcpp/rclcpp/parameter_value.hpp:309:3:[m[K [01;36m[Knote: [m[K  template argument deduction/substitution failed:
[2.594s] /opt/ros/humble/include/rclcpp/rclcpp/parameter_value.hpp: In substitution of ‘[01m[Ktemplate<class type> constexpr typename std::enable_if<std::is_convertible<type, const std::vector<int>&>::value, const std::vector<long int, std::allocator<long int> >&>::type rclcpp::ParameterValue::get() const [with type = std::map<std::__cxx11::basic_string<char>, std::__cxx11::basic_string<char> >][m[K’:
[2.594s] [01m[K/opt/ros/humble/include/rclcpp/rclcpp/parameter.hpp:239:49:[m[K   required from ‘[01m[Kauto rclcpp::detail::get_value_helper(const rclcpp::Parameter*) [with T = std::map<std::__cxx11::basic_string<char>, std::__cxx11::basic_string<char> >][m[K’
[2.594s] [01m[K/opt/ros/humble/include/rclcpp/rclcpp/parameter.hpp:274:39:[m[K   required from ‘[01m[Kdecltype(auto) rclcpp::Parameter::get_value() const [with T = std::map<std::__cxx11::basic_string<char>, std::__cxx11::basic_string<char> >][m[K’
[2.594s] [01m[K/opt/ros/humble/include/rclcpp/rclcpp/node_impl.hpp:294:80:[m[K   required from ‘[01m[Kbool rclcpp::Node::get_parameter(const string&, ParameterT&) const [with ParameterT = std::map<std::__cxx11::basic_string<char>, std::__cxx11::basic_string<char> >; std::string = std::__cxx11::basic_string<char>][m[K’
[2.594s] [01m[K/home/luka/ros2_diplpro/src/rovc_comm_mqtt/src/pub_node.cpp:45:24:[m[K   required from ‘[01m[Kvoid MqttBridgeNode::declare_and_subscribe(const string&, std::vector<std::shared_ptr<rclcpp::SubscriptionBase> >&) [with MsgType = std_msgs::msg::Float64_<std::allocator<void> >; std::string = std::__cxx11::basic_string<char>][m[K’
[2.594s] [01m[K/home/luka/ros2_diplpro/src/rovc_comm_mqtt/src/pub_node.cpp:26:50:[m[K   required from here
[2.594s] [01m[K/opt/ros/humble/include/rclcpp/rclcpp/parameter_value.hpp:309:3:[m[K [01;31m[Kerror: [m[Kno type named ‘[01m[Ktype[m[K’ in ‘[01m[Kstruct std::enable_if<false, const std::vector<long int, std::allocator<long int> >&>[m[K’
[2.595s] /opt/ros/humble/include/rclcpp/rclcpp/parameter.hpp: In instantiation of ‘[01m[Kauto rclcpp::detail::get_value_helper(const rclcpp::Parameter*) [with T = std::map<std::__cxx11::basic_string<char>, std::__cxx11::basic_string<char> >][m[K’:
[2.595s] [01m[K/opt/ros/humble/include/rclcpp/rclcpp/parameter.hpp:274:39:[m[K   required from ‘[01m[Kdecltype(auto) rclcpp::Parameter::get_value() const [with T = std::map<std::__cxx11::basic_string<char>, std::__cxx11::basic_string<char> >][m[K’
[2.595s] [01m[K/opt/ros/humble/include/rclcpp/rclcpp/node_impl.hpp:294:80:[m[K   required from ‘[01m[Kbool rclcpp::Node::get_parameter(const string&, ParameterT&) const [with ParameterT = std::map<std::__cxx11::basic_string<char>, std::__cxx11::basic_string<char> >; std::string = std::__cxx11::basic_string<char>][m[K’
[2.595s] [01m[K/home/luka/ros2_diplpro/src/rovc_comm_mqtt/src/pub_node.cpp:45:24:[m[K   required from ‘[01m[Kvoid MqttBridgeNode::declare_and_subscribe(const string&, std::vector<std::shared_ptr<rclcpp::SubscriptionBase> >&) [with MsgType = std_msgs::msg::Float64_<std::allocator<void> >; std::string = std::__cxx11::basic_string<char>][m[K’
[2.595s] [01m[K/home/luka/ros2_diplpro/src/rovc_comm_mqtt/src/pub_node.cpp:26:50:[m[K   required from here
[2.595s] [01m[K/opt/ros/humble/include/rclcpp/rclcpp/parameter_value.hpp:319:3:[m[K [01;36m[Knote: [m[Kcandidate: ‘[01m[Ktemplate<class type> constexpr typename std::enable_if<std::is_convertible<type, const std::vector<long int, std::allocator<long int> >&>::value, const std::vector<long int, std::allocator<long int> >&>::type rclcpp::ParameterValue::get() const[m[K’
[2.595s]   319 |   [01;36m[Kget[m[K() const
[2.595s]       |   [01;36m[K^~~[m[K
[2.595s] [01m[K/opt/ros/humble/include/rclcpp/rclcpp/parameter_value.hpp:319:3:[m[K [01;36m[Knote: [m[K  template argument deduction/substitution failed:
[2.595s] /opt/ros/humble/include/rclcpp/rclcpp/parameter_value.hpp: In substitution of ‘[01m[Ktemplate<class type> constexpr typename std::enable_if<std::is_convertible<type, const std::vector<long int, std::allocator<long int> >&>::value, const std::vector<long int, std::allocator<long int> >&>::type rclcpp::ParameterValue::get() const [with type = std::map<std::__cxx11::basic_string<char>, std::__cxx11::basic_string<char> >][m[K’:
[2.595s] [01m[K/opt/ros/humble/include/rclcpp/rclcpp/parameter.hpp:239:49:[m[K   required from ‘[01m[Kauto rclcpp::detail::get_value_helper(const rclcpp::Parameter*) [with T = std::map<std::__cxx11::basic_string<char>, std::__cxx11::basic_string<char> >][m[K’
[2.595s] [01m[K/opt/ros/humble/include/rclcpp/rclcpp/parameter.hpp:274:39:[m[K   required from ‘[01m[Kdecltype(auto) rclcpp::Parameter::get_value() const [with T = std::map<std::__cxx11::basic_string<char>, std::__cxx11::basic_string<char> >][m[K’
[2.595s] [01m[K/opt/ros/humble/include/rclcpp/rclcpp/node_impl.hpp:294:80:[m[K   required from ‘[01m[Kbool rclcpp::Node::get_parameter(const string&, ParameterT&) const [with ParameterT = std::map<std::__cxx11::basic_string<char>, std::__cxx11::basic_string<char> >; std::string = std::__cxx11::basic_string<char>][m[K’
[2.595s] [01m[K/home/luka/ros2_diplpro/src/rovc_comm_mqtt/src/pub_node.cpp:45:24:[m[K   required from ‘[01m[Kvoid MqttBridgeNode::declare_and_subscribe(const string&, std::vector<std::shared_ptr<rclcpp::SubscriptionBase> >&) [with MsgType = std_msgs::msg::Float64_<std::allocator<void> >; std::string = std::__cxx11::basic_string<char>][m[K’
[2.595s] [01m[K/home/luka/ros2_diplpro/src/rovc_comm_mqtt/src/pub_node.cpp:26:50:[m[K   required from here
[2.595s] [01m[K/opt/ros/humble/include/rclcpp/rclcpp/parameter_value.hpp:319:3:[m[K [01;31m[Kerror: [m[Kno type named ‘[01m[Ktype[m[K’ in ‘[01m[Kstruct std::enable_if<false, const std::vector<long int, std::allocator<long int> >&>[m[K’
[2.595s] /opt/ros/humble/include/rclcpp/rclcpp/parameter.hpp: In instantiation of ‘[01m[Kauto rclcpp::detail::get_value_helper(const rclcpp::Parameter*) [with T = std::map<std::__cxx11::basic_string<char>, std::__cxx11::basic_string<char> >][m[K’:
[2.595s] [01m[K/opt/ros/humble/include/rclcpp/rclcpp/parameter.hpp:274:39:[m[K   required from ‘[01m[Kdecltype(auto) rclcpp::Parameter::get_value() const [with T = std::map<std::__cxx11::basic_string<char>, std::__cxx11::basic_string<char> >][m[K’
[2.595s] [01m[K/opt/ros/humble/include/rclcpp/rclcpp/node_impl.hpp:294:80:[m[K   required from ‘[01m[Kbool rclcpp::Node::get_parameter(const string&, ParameterT&) const [with ParameterT = std::map<std::__cxx11::basic_string<char>, std::__cxx11::basic_string<char> >; std::string = std::__cxx11::basic_string<char>][m[K’
[2.595s] [01m[K/home/luka/ros2_diplpro/src/rovc_comm_mqtt/src/pub_node.cpp:45:24:[m[K   required from ‘[01m[Kvoid MqttBridgeNode::declare_and_subscribe(const string&, std::vector<std::shared_ptr<rclcpp::SubscriptionBase> >&) [with MsgType = std_msgs::msg::Float64_<std::allocator<void> >; std::string = std::__cxx11::basic_string<char>][m[K’
[2.595s] [01m[K/home/luka/ros2_diplpro/src/rovc_comm_mqtt/src/pub_node.cpp:26:50:[m[K   required from here
[2.596s] [01m[K/opt/ros/humble/include/rclcpp/rclcpp/parameter_value.hpp:329:3:[m[K [01;36m[Knote: [m[Kcandidate: ‘[01m[Ktemplate<class type> constexpr typename std::enable_if<std::is_convertible<type, const std::vector<float>&>::value, const std::vector<double, std::allocator<double> >&>::type rclcpp::ParameterValue::get() const[m[K’
[2.596s]   329 |   [01;36m[Kget[m[K() const
[2.596s]       |   [01;36m[K^~~[m[K
[2.596s] [01m[K/opt/ros/humble/include/rclcpp/rclcpp/parameter_value.hpp:329:3:[m[K [01;36m[Knote: [m[K  template argument deduction/substitution failed:
[2.596s] /opt/ros/humble/include/rclcpp/rclcpp/parameter_value.hpp: In substitution of ‘[01m[Ktemplate<class type> constexpr typename std::enable_if<std::is_convertible<type, const std::vector<float>&>::value, const std::vector<double, std::allocator<double> >&>::type rclcpp::ParameterValue::get() const [with type = std::map<std::__cxx11::basic_string<char>, std::__cxx11::basic_string<char> >][m[K’:
[2.596s] [01m[K/opt/ros/humble/include/rclcpp/rclcpp/parameter.hpp:239:49:[m[K   required from ‘[01m[Kauto rclcpp::detail::get_value_helper(const rclcpp::Parameter*) [with T = std::map<std::__cxx11::basic_string<char>, std::__cxx11::basic_string<char> >][m[K’
[2.596s] [01m[K/opt/ros/humble/include/rclcpp/rclcpp/parameter.hpp:274:39:[m[K   required from ‘[01m[Kdecltype(auto) rclcpp::Parameter::get_value() const [with T = std::map<std::__cxx11::basic_string<char>, std::__cxx11::basic_string<char> >][m[K’
[2.596s] [01m[K/opt/ros/humble/include/rclcpp/rclcpp/node_impl.hpp:294:80:[m[K   required from ‘[01m[Kbool rclcpp::Node::get_parameter(const string&, ParameterT&) const [with ParameterT = std::map<std::__cxx11::basic_string<char>, std::__cxx11::basic_string<char> >; std::string = std::__cxx11::basic_string<char>][m[K’
[2.596s] [01m[K/home/luka/ros2_diplpro/src/rovc_comm_mqtt/src/pub_node.cpp:45:24:[m[K   required from ‘[01m[Kvoid MqttBridgeNode::declare_and_subscribe(const string&, std::vector<std::shared_ptr<rclcpp::SubscriptionBase> >&) [with MsgType = std_msgs::msg::Float64_<std::allocator<void> >; std::string = std::__cxx11::basic_string<char>][m[K’
[2.596s] [01m[K/home/luka/ros2_diplpro/src/rovc_comm_mqtt/src/pub_node.cpp:26:50:[m[K   required from here
[2.596s] [01m[K/opt/ros/humble/include/rclcpp/rclcpp/parameter_value.hpp:329:3:[m[K [01;31m[Kerror: [m[Kno type named ‘[01m[Ktype[m[K’ in ‘[01m[Kstruct std::enable_if<false, const std::vector<double, std::allocator<double> >&>[m[K’
[2.596s] /opt/ros/humble/include/rclcpp/rclcpp/parameter.hpp: In instantiation of ‘[01m[Kauto rclcpp::detail::get_value_helper(const rclcpp::Parameter*) [with T = std::map<std::__cxx11::basic_string<char>, std::__cxx11::basic_string<char> >][m[K’:
[2.596s] [01m[K/opt/ros/humble/include/rclcpp/rclcpp/parameter.hpp:274:39:[m[K   required from ‘[01m[Kdecltype(auto) rclcpp::Parameter::get_value() const [with T = std::map<std::__cxx11::basic_string<char>, std::__cxx11::basic_string<char> >][m[K’
[2.596s] [01m[K/opt/ros/humble/include/rclcpp/rclcpp/node_impl.hpp:294:80:[m[K   required from ‘[01m[Kbool rclcpp::Node::get_parameter(const string&, ParameterT&) const [with ParameterT = std::map<std::__cxx11::basic_string<char>, std::__cxx11::basic_string<char> >; std::string = std::__cxx11::basic_string<char>][m[K’
[2.596s] [01m[K/home/luka/ros2_diplpro/src/rovc_comm_mqtt/src/pub_node.cpp:45:24:[m[K   required from ‘[01m[Kvoid MqttBridgeNode::declare_and_subscribe(const string&, std::vector<std::shared_ptr<rclcpp::SubscriptionBase> >&) [with MsgType = std_msgs::msg::Float64_<std::allocator<void> >; std::string = std::__cxx11::basic_string<char>][m[K’
[2.596s] [01m[K/home/luka/ros2_diplpro/src/rovc_comm_mqtt/src/pub_node.cpp:26:50:[m[K   required from here
[2.596s] [01m[K/opt/ros/humble/include/rclcpp/rclcpp/parameter_value.hpp:339:3:[m[K [01;36m[Knote: [m[Kcandidate: ‘[01m[Ktemplate<class type> constexpr typename std::enable_if<std::is_convertible<type, const std::vector<double, std::allocator<double> >&>::value, const std::vector<double, std::allocator<double> >&>::type rclcpp::ParameterValue::get() const[m[K’
[2.596s]   339 |   [01;36m[Kget[m[K() const
[2.596s]       |   [01;36m[K^~~[m[K
[2.596s] [01m[K/opt/ros/humble/include/rclcpp/rclcpp/parameter_value.hpp:339:3:[m[K [01;36m[Knote: [m[K  template argument deduction/substitution failed:
[2.596s] /opt/ros/humble/include/rclcpp/rclcpp/parameter_value.hpp: In substitution of ‘[01m[Ktemplate<class type> constexpr typename std::enable_if<std::is_convertible<type, const std::vector<double, std::allocator<double> >&>::value, const std::vector<double, std::allocator<double> >&>::type rclcpp::ParameterValue::get() const [with type = std::map<std::__cxx11::basic_string<char>, std::__cxx11::basic_string<char> >][m[K’:
[2.597s] [01m[K/opt/ros/humble/include/rclcpp/rclcpp/parameter.hpp:239:49:[m[K   required from ‘[01m[Kauto rclcpp::detail::get_value_helper(const rclcpp::Parameter*) [with T = std::map<std::__cxx11::basic_string<char>, std::__cxx11::basic_string<char> >][m[K’
[2.597s] [01m[K/opt/ros/humble/include/rclcpp/rclcpp/parameter.hpp:274:39:[m[K   required from ‘[01m[Kdecltype(auto) rclcpp::Parameter::get_value() const [with T = std::map<std::__cxx11::basic_string<char>, std::__cxx11::basic_string<char> >][m[K’
[2.597s] [01m[K/opt/ros/humble/include/rclcpp/rclcpp/node_impl.hpp:294:80:[m[K   required from ‘[01m[Kbool rclcpp::Node::get_parameter(const string&, ParameterT&) const [with ParameterT = std::map<std::__cxx11::basic_string<char>, std::__cxx11::basic_string<char> >; std::string = std::__cxx11::basic_string<char>][m[K’
[2.597s] [01m[K/home/luka/ros2_diplpro/src/rovc_comm_mqtt/src/pub_node.cpp:45:24:[m[K   required from ‘[01m[Kvoid MqttBridgeNode::declare_and_subscribe(const string&, std::vector<std::shared_ptr<rclcpp::SubscriptionBase> >&) [with MsgType = std_msgs::msg::Float64_<std::allocator<void> >; std::string = std::__cxx11::basic_string<char>][m[K’
[2.597s] [01m[K/home/luka/ros2_diplpro/src/rovc_comm_mqtt/src/pub_node.cpp:26:50:[m[K   required from here
[2.597s] [01m[K/opt/ros/humble/include/rclcpp/rclcpp/parameter_value.hpp:339:3:[m[K [01;31m[Kerror: [m[Kno type named ‘[01m[Ktype[m[K’ in ‘[01m[Kstruct std::enable_if<false, const std::vector<double, std::allocator<double> >&>[m[K’
[2.597s] /opt/ros/humble/include/rclcpp/rclcpp/parameter.hpp: In instantiation of ‘[01m[Kauto rclcpp::detail::get_value_helper(const rclcpp::Parameter*) [with T = std::map<std::__cxx11::basic_string<char>, std::__cxx11::basic_string<char> >][m[K’:
[2.597s] [01m[K/opt/ros/humble/include/rclcpp/rclcpp/parameter.hpp:274:39:[m[K   required from ‘[01m[Kdecltype(auto) rclcpp::Parameter::get_value() const [with T = std::map<std::__cxx11::basic_string<char>, std::__cxx11::basic_string<char> >][m[K’
[2.597s] [01m[K/opt/ros/humble/include/rclcpp/rclcpp/node_impl.hpp:294:80:[m[K   required from ‘[01m[Kbool rclcpp::Node::get_parameter(const string&, ParameterT&) const [with ParameterT = std::map<std::__cxx11::basic_string<char>, std::__cxx11::basic_string<char> >; std::string = std::__cxx11::basic_string<char>][m[K’
[2.597s] [01m[K/home/luka/ros2_diplpro/src/rovc_comm_mqtt/src/pub_node.cpp:45:24:[m[K   required from ‘[01m[Kvoid MqttBridgeNode::declare_and_subscribe(const string&, std::vector<std::shared_ptr<rclcpp::SubscriptionBase> >&) [with MsgType = std_msgs::msg::Float64_<std::allocator<void> >; std::string = std::__cxx11::basic_string<char>][m[K’
[2.597s] [01m[K/home/luka/ros2_diplpro/src/rovc_comm_mqtt/src/pub_node.cpp:26:50:[m[K   required from here
[2.597s] [01m[K/opt/ros/humble/include/rclcpp/rclcpp/parameter_value.hpp:349:3:[m[K [01;36m[Knote: [m[Kcandidate: ‘[01m[Ktemplate<class type> constexpr typename std::enable_if<std::is_convertible<type, const std::vector<std::__cxx11::basic_string<char> >&>::value, const std::vector<std::__cxx11::basic_string<char> >&>::type rclcpp::ParameterValue::get() const[m[K’
[2.597s]   349 |   [01;36m[Kget[m[K() const
[2.597s]       |   [01;36m[K^~~[m[K
[2.597s] [01m[K/opt/ros/humble/include/rclcpp/rclcpp/parameter_value.hpp:349:3:[m[K [01;36m[Knote: [m[K  template argument deduction/substitution failed:
[2.597s] /opt/ros/humble/include/rclcpp/rclcpp/parameter_value.hpp: In substitution of ‘[01m[Ktemplate<class type> constexpr typename std::enable_if<std::is_convertible<type, const std::vector<std::__cxx11::basic_string<char> >&>::value, const std::vector<std::__cxx11::basic_string<char> >&>::type rclcpp::ParameterValue::get() const [with type = std::map<std::__cxx11::basic_string<char>, std::__cxx11::basic_string<char> >][m[K’:
[2.597s] [01m[K/opt/ros/humble/include/rclcpp/rclcpp/parameter.hpp:239:49:[m[K   required from ‘[01m[Kauto rclcpp::detail::get_value_helper(const rclcpp::Parameter*) [with T = std::map<std::__cxx11::basic_string<char>, std::__cxx11::basic_string<char> >][m[K’
[2.597s] [01m[K/opt/ros/humble/include/rclcpp/rclcpp/parameter.hpp:274:39:[m[K   required from ‘[01m[Kdecltype(auto) rclcpp::Parameter::get_value() const [with T = std::map<std::__cxx11::basic_string<char>, std::__cxx11::basic_string<char> >][m[K’
[2.597s] [01m[K/opt/ros/humble/include/rclcpp/rclcpp/node_impl.hpp:294:80:[m[K   required from ‘[01m[Kbool rclcpp::Node::get_parameter(const string&, ParameterT&) const [with ParameterT = std::map<std::__cxx11::basic_string<char>, std::__cxx11::basic_string<char> >; std::string = std::__cxx11::basic_string<char>][m[K’
[2.597s] [01m[K/home/luka/ros2_diplpro/src/rovc_comm_mqtt/src/pub_node.cpp:45:24:[m[K   required from ‘[01m[Kvoid MqttBridgeNode::declare_and_subscribe(const string&, std::vector<std::shared_ptr<rclcpp::SubscriptionBase> >&) [with MsgType = std_msgs::msg::Float64_<std::allocator<void> >; std::string = std::__cxx11::basic_string<char>][m[K’
[2.597s] [01m[K/home/luka/ros2_diplpro/src/rovc_comm_mqtt/src/pub_node.cpp:26:50:[m[K   required from here
[2.597s] [01m[K/opt/ros/humble/include/rclcpp/rclcpp/parameter_value.hpp:349:3:[m[K [01;31m[Kerror: [m[Kno type named ‘[01m[Ktype[m[K’ in ‘[01m[Kstruct std::enable_if<false, const std::vector<std::__cxx11::basic_string<char> >&>[m[K’
[6.435s] gmake[2]: *** [CMakeFiles/pub_node.dir/build.make:76: CMakeFiles/pub_node.dir/src/pub_node.cpp.o] Error 1
[6.435s] gmake[1]: *** [CMakeFiles/Makefile2:193: CMakeFiles/pub_node.dir/all] Error 2
[6.435s] gmake: *** [Makefile:146: all] Error 2
[6.437s] Invoked command in '/home/luka/ros2_diplpro/build/rovc_comm_mqtt' returned '2': CMAKE_PREFIX_PATH=${CMAKE_PREFIX_PATH}:/home/luka/ros2_ws/install/teleop_controller:/home/luka/ros2_ws/install/rqt_joint_trajectory_controller:/home/luka/ros2_ws/install/ros2_controllers_test_nodes:/home/luka/ros2_ws/install/marinero_mqtt:/home/luka/ros2_ws/install/marinero_battery:/home/luka/ros2_diplpro/install/sensor_simulator:/opt/ros/humble /usr/bin/cmake --build /home/luka/ros2_diplpro/build/rovc_comm_mqtt -- -j6 -l6
