[0.013s] Invoking command in '/home/luka/ros2_diplpro/build/rovc_comm_mqtt': CMAKE_PREFIX_PATH=${CMAKE_PREFIX_PATH}:/home/luka/ros2_ws/install/teleop_controller:/home/luka/ros2_ws/install/rqt_joint_trajectory_controller:/home/luka/ros2_ws/install/ros2_controllers_test_nodes:/home/luka/ros2_ws/install/marinero_mqtt:/home/luka/ros2_ws/install/marinero_battery:/home/luka/ros2_diplpro/install/sensor_simulator:/opt/ros/humble /usr/bin/cmake --build /home/luka/ros2_diplpro/build/rovc_comm_mqtt -- -j6 -l6
[0.059s] [35m[1mConsolidate compiler generated dependencies of target pub_node[0m
[0.074s] [ 66%] Built target subscriber_node
[0.074s] [ 66%] Built target publisher_node
[0.077s] [ 83%] [32mBuilding CXX object CMakeFiles/pub_node.dir/src/pub_node.cpp.o[0m
[12.315s] [100%] [32m[1mLinking CXX executable pub_node[0m
[12.957s] [100%] Built target pub_node
[12.969s] Invoked command in '/home/luka/ros2_diplpro/build/rovc_comm_mqtt' returned '0': CMAKE_PREFIX_PATH=${CMAKE_PREFIX_PATH}:/home/luka/ros2_ws/install/teleop_controller:/home/luka/ros2_ws/install/rqt_joint_trajectory_controller:/home/luka/ros2_ws/install/ros2_controllers_test_nodes:/home/luka/ros2_ws/install/marinero_mqtt:/home/luka/ros2_ws/install/marinero_battery:/home/luka/ros2_diplpro/install/sensor_simulator:/opt/ros/humble /usr/bin/cmake --build /home/luka/ros2_diplpro/build/rovc_comm_mqtt -- -j6 -l6
[12.979s] Invoking command in '/home/luka/ros2_diplpro/build/rovc_comm_mqtt': CMAKE_PREFIX_PATH=${CMAKE_PREFIX_PATH}:/home/luka/ros2_ws/install/teleop_controller:/home/luka/ros2_ws/install/rqt_joint_trajectory_controller:/home/luka/ros2_ws/install/ros2_controllers_test_nodes:/home/luka/ros2_ws/install/marinero_mqtt:/home/luka/ros2_ws/install/marinero_battery:/home/luka/ros2_diplpro/install/sensor_simulator:/opt/ros/humble /usr/bin/cmake --install /home/luka/ros2_diplpro/build/rovc_comm_mqtt
[12.988s] -- Install configuration: ""
[12.988s] -- Execute custom install script
[12.988s] -- Up-to-date symlink: /home/luka/ros2_diplpro/install/rovc_comm_mqtt/lib/rovc_comm_mqtt/publisher_node
[12.989s] -- Up-to-date symlink: /home/luka/ros2_diplpro/install/rovc_comm_mqtt/lib/rovc_comm_mqtt/subscriber_node
[12.989s] -- Up-to-date symlink: /home/luka/ros2_diplpro/install/rovc_comm_mqtt/lib/rovc_comm_mqtt/pub_node
[12.989s] -- Up-to-date symlink: /home/luka/ros2_diplpro/install/rovc_comm_mqtt/share/rovc_comm_mqtt/launch/mqtt_pub.launch.py
[12.989s] [33mCMake Warning (dev) at ament_cmake_symlink_install/ament_cmake_symlink_install.cmake:62 (file):
[12.990s]   Policy CMP0009 is not set: FILE GLOB_RECURSE calls should not follow
[12.990s]   symlinks by default.  Run "cmake --help-policy CMP0009" for policy details.
[12.990s]   Use the cmake_policy command to set the policy and suppress this warning.
[12.990s] Call Stack (most recent call first):
[12.990s]   ament_cmake_symlink_install/ament_cmake_symlink_install.cmake:317 (ament_cmake_symlink_install_directory)
[12.990s]   cmake_install.cmake:46 (include)
[12.990s] This warning is for project developers.  Use -Wno-dev to suppress it.
[12.990s] [0m
[12.991s] -- Up-to-date symlink: /home/luka/ros2_diplpro/install/rovc_comm_mqtt/share/rovc_comm_mqtt/config/build/.built_by
[12.991s] -- Up-to-date symlink: /home/luka/ros2_diplpro/install/rovc_comm_mqtt/share/rovc_comm_mqtt/config/build/COLCON_IGNORE
[12.991s] -- Up-to-date symlink: /home/luka/ros2_diplpro/install/rovc_comm_mqtt/share/rovc_comm_mqtt/config/install/.colcon_install_layout
[12.991s] -- Up-to-date symlink: /home/luka/ros2_diplpro/install/rovc_comm_mqtt/share/rovc_comm_mqtt/config/install/COLCON_IGNORE
[12.991s] -- Up-to-date symlink: /home/luka/ros2_diplpro/install/rovc_comm_mqtt/share/rovc_comm_mqtt/config/install/_local_setup_util_ps1.py
[12.991s] -- Up-to-date symlink: /home/luka/ros2_diplpro/install/rovc_comm_mqtt/share/rovc_comm_mqtt/config/install/_local_setup_util_sh.py
[12.991s] -- Up-to-date symlink: /home/luka/ros2_diplpro/install/rovc_comm_mqtt/share/rovc_comm_mqtt/config/install/local_setup.bash
[12.991s] -- Up-to-date symlink: /home/luka/ros2_diplpro/install/rovc_comm_mqtt/share/rovc_comm_mqtt/config/install/local_setup.ps1
[12.991s] -- Up-to-date symlink: /home/luka/ros2_diplpro/install/rovc_comm_mqtt/share/rovc_comm_mqtt/config/install/local_setup.sh
[12.991s] -- Up-to-date symlink: /home/luka/ros2_diplpro/install/rovc_comm_mqtt/share/rovc_comm_mqtt/config/install/local_setup.zsh
[12.991s] -- Up-to-date symlink: /home/luka/ros2_diplpro/install/rovc_comm_mqtt/share/rovc_comm_mqtt/config/install/setup.bash
[12.991s] -- Up-to-date symlink: /home/luka/ros2_diplpro/install/rovc_comm_mqtt/share/rovc_comm_mqtt/config/install/setup.ps1
[12.991s] -- Up-to-date symlink: /home/luka/ros2_diplpro/install/rovc_comm_mqtt/share/rovc_comm_mqtt/config/install/setup.sh
[12.991s] -- Up-to-date symlink: /home/luka/ros2_diplpro/install/rovc_comm_mqtt/share/rovc_comm_mqtt/config/install/setup.zsh
[12.991s] -- Up-to-date symlink: /home/luka/ros2_diplpro/install/rovc_comm_mqtt/share/rovc_comm_mqtt/config/log/COLCON_IGNORE
[12.991s] -- Up-to-date symlink: /home/luka/ros2_diplpro/install/rovc_comm_mqtt/share/rovc_comm_mqtt/config/log/build_2025-05-20_22-28-42/events.log
[12.992s] -- Up-to-date symlink: /home/luka/ros2_diplpro/install/rovc_comm_mqtt/share/rovc_comm_mqtt/config/log/build_2025-05-20_22-28-42/logger_all.log
[12.992s] -- Up-to-date symlink: /home/luka/ros2_diplpro/install/rovc_comm_mqtt/share/rovc_comm_mqtt/config/log/latest/events.log
[12.992s] -- Up-to-date symlink: /home/luka/ros2_diplpro/install/rovc_comm_mqtt/share/rovc_comm_mqtt/config/log/latest/logger_all.log
[12.992s] -- Up-to-date symlink: /home/luka/ros2_diplpro/install/rovc_comm_mqtt/share/rovc_comm_mqtt/config/log/latest_build/events.log
[12.992s] -- Up-to-date symlink: /home/luka/ros2_diplpro/install/rovc_comm_mqtt/share/rovc_comm_mqtt/config/log/latest_build/logger_all.log
[12.992s] -- Up-to-date symlink: /home/luka/ros2_diplpro/install/rovc_comm_mqtt/share/rovc_comm_mqtt/config/params.yaml
[12.992s] -- Up-to-date symlink: /home/luka/ros2_diplpro/install/rovc_comm_mqtt/share/ament_index/resource_index/package_run_dependencies/rovc_comm_mqtt
[12.992s] -- Up-to-date symlink: /home/luka/ros2_diplpro/install/rovc_comm_mqtt/share/ament_index/resource_index/parent_prefix_path/rovc_comm_mqtt
[12.992s] -- Up-to-date symlink: /home/luka/ros2_diplpro/install/rovc_comm_mqtt/share/rovc_comm_mqtt/environment/ament_prefix_path.sh
[12.993s] -- Up-to-date symlink: /home/luka/ros2_diplpro/install/rovc_comm_mqtt/share/rovc_comm_mqtt/environment/ament_prefix_path.dsv
[12.993s] -- Up-to-date symlink: /home/luka/ros2_diplpro/install/rovc_comm_mqtt/share/rovc_comm_mqtt/environment/path.sh
[12.993s] -- Up-to-date symlink: /home/luka/ros2_diplpro/install/rovc_comm_mqtt/share/rovc_comm_mqtt/environment/path.dsv
[12.993s] -- Up-to-date symlink: /home/luka/ros2_diplpro/install/rovc_comm_mqtt/share/rovc_comm_mqtt/local_setup.bash
[12.993s] -- Up-to-date symlink: /home/luka/ros2_diplpro/install/rovc_comm_mqtt/share/rovc_comm_mqtt/local_setup.sh
[12.993s] -- Up-to-date symlink: /home/luka/ros2_diplpro/install/rovc_comm_mqtt/share/rovc_comm_mqtt/local_setup.zsh
[12.993s] -- Up-to-date symlink: /home/luka/ros2_diplpro/install/rovc_comm_mqtt/share/rovc_comm_mqtt/local_setup.dsv
[12.993s] -- Symlinking: /home/luka/ros2_diplpro/install/rovc_comm_mqtt/share/rovc_comm_mqtt/package.dsv
[13.003s] -- Up-to-date symlink: /home/luka/ros2_diplpro/install/rovc_comm_mqtt/share/ament_index/resource_index/packages/rovc_comm_mqtt
[13.004s] -- Up-to-date symlink: /home/luka/ros2_diplpro/install/rovc_comm_mqtt/share/rovc_comm_mqtt/cmake/rovc_comm_mqttConfig.cmake
[13.004s] -- Up-to-date symlink: /home/luka/ros2_diplpro/install/rovc_comm_mqtt/share/rovc_comm_mqtt/cmake/rovc_comm_mqttConfig-version.cmake
[13.004s] -- Up-to-date symlink: /home/luka/ros2_diplpro/install/rovc_comm_mqtt/share/rovc_comm_mqtt/package.xml
[13.006s] Invoked command in '/home/luka/ros2_diplpro/build/rovc_comm_mqtt' returned '0': CMAKE_PREFIX_PATH=${CMAKE_PREFIX_PATH}:/home/luka/ros2_ws/install/teleop_controller:/home/luka/ros2_ws/install/rqt_joint_trajectory_controller:/home/luka/ros2_ws/install/ros2_controllers_test_nodes:/home/luka/ros2_ws/install/marinero_mqtt:/home/luka/ros2_ws/install/marinero_battery:/home/luka/ros2_diplpro/install/sensor_simulator:/opt/ros/humble /usr/bin/cmake --install /home/luka/ros2_diplpro/build/rovc_comm_mqtt
